<?xml version="1.0" encoding="UTF-8"?>
<coverage generated="1522192695751" clover="3.2.0">
  <project timestamp="1522192695751" name="All files">
    <metrics statements="333" coveredstatements="202" conditionals="157" coveredconditionals="82" methods="78" coveredmethods="39" elements="568" coveredelements="323" complexity="0" loc="333" ncloc="333" packages="5" files="17" classes="17">
      <package name="src">
        <metrics statements="81" coveredstatements="56" conditionals="60" coveredconditionals="36" methods="24" coveredmethods="12"/>
        <file name="WorkerQueue.ts" path="/Users/heysailor/dev/redux-worker-queue/src/WorkerQueue.ts">
          <metrics statements="59" coveredstatements="35" conditionals="54" coveredconditionals="32" methods="19" coveredmethods="8"/>
          <line num="1" count="1" type="stmt"/>
          <line num="10" count="1" type="stmt"/>
          <line num="11" count="1" type="stmt"/>
          <line num="22" count="1" type="stmt"/>
          <line num="23" count="1" type="stmt"/>
          <line num="24" count="1" type="stmt"/>
          <line num="25" count="1" type="stmt"/>
          <line num="28" count="1" type="stmt"/>
          <line num="32" count="1" type="stmt"/>
          <line num="33" count="1" type="stmt"/>
          <line num="34" count="1" type="stmt"/>
          <line num="35" count="1" type="stmt"/>
          <line num="36" count="20" type="cond" truecount="1" falsecount="1"/>
          <line num="38" count="1" type="stmt"/>
          <line num="39" count="1" type="stmt"/>
          <line num="51" count="1" type="cond" truecount="1" falsecount="1"/>
          <line num="52" count="0" type="stmt"/>
          <line num="55" count="1" type="cond" truecount="4" falsecount="1"/>
          <line num="56" count="0" type="stmt"/>
          <line num="61" count="1" type="cond" truecount="1" falsecount="1"/>
          <line num="62" count="1" type="cond" truecount="1" falsecount="1"/>
          <line num="63" count="0" type="stmt"/>
          <line num="67" count="1" type="cond" truecount="1" falsecount="1"/>
          <line num="68" count="0" type="stmt"/>
          <line num="73" count="1" type="stmt"/>
          <line num="84" count="1" type="cond" truecount="1" falsecount="1"/>
          <line num="85" count="0" type="stmt"/>
          <line num="87" count="1" type="stmt"/>
          <line num="90" count="1" type="stmt"/>
          <line num="96" count="1" type="cond" truecount="3" falsecount="1"/>
          <line num="97" count="0" type="stmt"/>
          <line num="99" count="1" type="cond" truecount="1" falsecount="1"/>
          <line num="104" count="0" type="stmt"/>
          <line num="108" count="1" type="stmt"/>
          <line num="110" count="1" type="stmt"/>
          <line num="114" count="1" type="stmt"/>
          <line num="117" count="0" type="stmt"/>
          <line num="120" count="0" type="stmt"/>
          <line num="123" count="0" type="stmt"/>
          <line num="126" count="0" type="cond" truecount="0" falsecount="2"/>
          <line num="127" count="0" type="stmt"/>
          <line num="131" count="0" type="stmt"/>
          <line num="134" count="0" type="stmt"/>
          <line num="137" count="0" type="stmt"/>
          <line num="140" count="0" type="stmt"/>
          <line num="143" count="0" type="stmt"/>
          <line num="146" count="1" type="stmt"/>
          <line num="147" count="1" type="stmt"/>
          <line num="150" count="0" type="stmt"/>
          <line num="151" count="0" type="stmt"/>
          <line num="154" count="1" type="stmt"/>
          <line num="157" count="20" type="stmt"/>
          <line num="160" count="0" type="cond" truecount="0" falsecount="2"/>
          <line num="161" count="0" type="stmt"/>
          <line num="165" count="0" type="cond" truecount="0" falsecount="2"/>
          <line num="169" count="0" type="stmt"/>
          <line num="173" count="0" type="stmt"/>
          <line num="177" count="1" type="stmt"/>
          <line num="180" count="1" type="stmt"/>
        </file>
        <file name="duck.ts" path="/Users/heysailor/dev/redux-worker-queue/src/duck.ts">
          <metrics statements="9" coveredstatements="8" conditionals="2" coveredconditionals="2" methods="2" coveredmethods="1"/>
          <line num="1" count="1" type="stmt"/>
          <line num="5" count="1" type="stmt"/>
          <line num="6" count="1" type="stmt"/>
          <line num="10" count="1" type="cond" truecount="2" falsecount="0"/>
          <line num="11" count="1" type="stmt"/>
          <line num="16" count="1" type="stmt"/>
          <line num="17" count="0" type="stmt"/>
          <line num="20" count="1" type="stmt"/>
          <line num="25" count="1" type="stmt"/>
        </file>
        <file name="middleware.ts" path="/Users/heysailor/dev/redux-worker-queue/src/middleware.ts">
          <metrics statements="5" coveredstatements="5" conditionals="0" coveredconditionals="0" methods="1" coveredmethods="1"/>
          <line num="2" count="1" type="stmt"/>
          <line num="3" count="1" type="stmt"/>
          <line num="16" count="1" type="stmt"/>
          <line num="21" count="1" type="stmt"/>
          <line num="24" count="1" type="stmt"/>
        </file>
        <file name="store.ts" path="/Users/heysailor/dev/redux-worker-queue/src/store.ts">
          <metrics statements="8" coveredstatements="8" conditionals="4" coveredconditionals="2" methods="2" coveredmethods="2"/>
          <line num="1" count="1" type="stmt"/>
          <line num="7" count="1" type="stmt"/>
          <line num="9" count="1" type="stmt"/>
          <line num="16" count="1" type="stmt"/>
          <line num="17" count="1" type="cond" truecount="1" falsecount="1"/>
          <line num="19" count="1" type="stmt"/>
          <line num="24" count="1" type="stmt"/>
          <line num="27" count="10" type="stmt"/>
        </file>
      </package>
      <package name="src.flag">
        <metrics statements="77" coveredstatements="66" conditionals="34" coveredconditionals="25" methods="16" coveredmethods="12"/>
        <file name="duck.ts" path="/Users/heysailor/dev/redux-worker-queue/src/flag/duck.ts">
          <metrics statements="60" coveredstatements="52" conditionals="26" coveredconditionals="20" methods="15" coveredmethods="11"/>
          <line num="1" count="1" type="stmt"/>
          <line num="4" count="1" type="stmt"/>
          <line num="7" count="1" type="stmt"/>
          <line num="9" count="1" type="stmt"/>
          <line num="10" count="1" type="stmt"/>
          <line num="12" count="1" type="stmt"/>
          <line num="14" count="1" type="cond" truecount="2" falsecount="0"/>
          <line num="15" count="1" type="stmt"/>
          <line num="16" count="1" type="stmt"/>
          <line num="26" count="1" type="stmt"/>
          <line num="30" count="2" type="cond" truecount="4" falsecount="1"/>
          <line num="31" count="0" type="stmt"/>
          <line num="33" count="2" type="cond" truecount="3" falsecount="1"/>
          <line num="34" count="0" type="stmt"/>
          <line num="39" count="2" type="stmt"/>
          <line num="45" count="1" type="stmt"/>
          <line num="48" count="1" type="cond" truecount="1" falsecount="1"/>
          <line num="49" count="0" type="stmt"/>
          <line num="52" count="1" type="stmt"/>
          <line num="59" count="1" type="stmt"/>
          <line num="60" count="3" type="stmt"/>
          <line num="64" count="5" type="stmt"/>
          <line num="67" count="5" type="stmt"/>
          <line num="70" count="38" type="stmt"/>
          <line num="73" count="5" type="cond" truecount="2" falsecount="0"/>
          <line num="75" count="1" type="stmt"/>
          <line num="77" count="1" type="stmt"/>
          <line num="78" count="1" type="stmt"/>
          <line num="83" count="1" type="stmt"/>
          <line num="87" count="5" type="stmt"/>
          <line num="88" count="5" type="stmt"/>
          <line num="90" count="5" type="cond" truecount="1" falsecount="1"/>
          <line num="91" count="5" type="stmt"/>
          <line num="93" count="5" type="stmt"/>
          <line num="97" count="5" type="cond" truecount="1" falsecount="1"/>
          <line num="98" count="5" type="stmt"/>
          <line num="99" count="5" type="stmt"/>
          <line num="101" count="5" type="cond" truecount="2" falsecount="0"/>
          <line num="103" count="1" type="stmt"/>
          <line num="104" count="1" type="stmt"/>
          <line num="107" count="4" type="stmt"/>
          <line num="114" count="5" type="stmt"/>
          <line num="120" count="1" type="stmt"/>
          <line num="124" count="11" type="stmt"/>
          <line num="126" count="2" type="stmt"/>
          <line num="129" count="1" type="stmt"/>
          <line num="132" count="0" type="stmt"/>
          <line num="135" count="8" type="stmt"/>
          <line num="142" count="1" type="stmt"/>
          <line num="143" count="10" type="stmt"/>
          <line num="146" count="1" type="stmt"/>
          <line num="150" count="0" type="stmt"/>
          <line num="152" count="1" type="stmt"/>
          <line num="155" count="5" type="stmt"/>
          <line num="157" count="1" type="stmt"/>
          <line num="160" count="0" type="stmt"/>
          <line num="162" count="1" type="stmt"/>
          <line num="165" count="0" type="stmt"/>
          <line num="167" count="1" type="stmt"/>
          <line num="168" count="0" type="stmt"/>
        </file>
        <file name="flag.ts" path="/Users/heysailor/dev/redux-worker-queue/src/flag/flag.ts">
          <metrics statements="15" coveredstatements="12" conditionals="8" coveredconditionals="5" methods="1" coveredmethods="1"/>
          <line num="4" count="1" type="stmt"/>
          <line num="6" count="1" type="stmt"/>
          <line num="8" count="12" type="stmt"/>
          <line num="12" count="12" type="stmt"/>
          <line num="15" count="12" type="cond" truecount="1" falsecount="1"/>
          <line num="16" count="0" type="stmt"/>
          <line num="19" count="12" type="cond" truecount="1" falsecount="1"/>
          <line num="20" count="0" type="stmt"/>
          <line num="25" count="12" type="stmt"/>
          <line num="26" count="12" type="cond" truecount="2" falsecount="0"/>
          <line num="27" count="12" type="stmt"/>
          <line num="28" count="12" type="stmt"/>
          <line num="29" count="12" type="cond" truecount="1" falsecount="1"/>
          <line num="30" count="12" type="stmt"/>
          <line num="32" count="0" type="stmt"/>
        </file>
        <file name="index.ts" path="/Users/heysailor/dev/redux-worker-queue/src/flag/index.ts">
          <metrics statements="2" coveredstatements="2" conditionals="0" coveredconditionals="0" methods="0" coveredmethods="0"/>
          <line num="1" count="1" type="stmt"/>
          <line num="2" count="1" type="stmt"/>
        </file>
      </package>
      <package name="src.flush">
        <metrics statements="113" coveredstatements="21" conditionals="40" coveredconditionals="0" methods="22" coveredmethods="0"/>
        <file name="duck.ts" path="/Users/heysailor/dev/redux-worker-queue/src/flush/duck.ts">
          <metrics statements="9" coveredstatements="6" conditionals="0" coveredconditionals="0" methods="1" coveredmethods="0"/>
          <line num="1" count="1" type="stmt"/>
          <line num="4" count="1" type="stmt"/>
          <line num="6" count="1" type="stmt"/>
          <line num="7" count="1" type="stmt"/>
          <line num="11" count="1" type="stmt"/>
          <line num="12" count="0" type="stmt"/>
          <line num="20" count="0" type="stmt"/>
          <line num="21" count="0" type="stmt"/>
          <line num="30" count="1" type="stmt"/>
        </file>
        <file name="thunk.ts" path="/Users/heysailor/dev/redux-worker-queue/src/flush/thunk.ts">
          <metrics statements="88" coveredstatements="12" conditionals="30" coveredconditionals="0" methods="19" coveredmethods="0"/>
          <line num="2" count="1" type="stmt"/>
          <line num="3" count="1" type="stmt"/>
          <line num="5" count="1" type="stmt"/>
          <line num="6" count="1" type="stmt"/>
          <line num="7" count="1" type="stmt"/>
          <line num="8" count="1" type="stmt"/>
          <line num="12" count="1" type="stmt"/>
          <line num="13" count="1" type="stmt"/>
          <line num="14" count="1" type="stmt"/>
          <line num="17" count="1" type="stmt"/>
          <line num="18" count="1" type="stmt"/>
          <line num="21" count="1" type="stmt"/>
          <line num="22" count="0" type="stmt"/>
          <line num="26" count="0" type="stmt"/>
          <line num="28" count="0" type="cond" truecount="0" falsecount="2"/>
          <line num="29" count="0" type="stmt"/>
          <line num="31" count="0" type="stmt"/>
          <line num="32" count="0" type="stmt"/>
          <line num="34" count="0" type="stmt"/>
          <line num="35" count="0" type="stmt"/>
          <line num="37" count="0" type="stmt"/>
          <line num="39" count="0" type="stmt"/>
          <line num="43" count="0" type="cond" truecount="0" falsecount="2"/>
          <line num="45" count="0" type="stmt"/>
          <line num="47" count="0" type="cond" truecount="0" falsecount="2"/>
          <line num="49" count="0" type="stmt"/>
          <line num="51" count="0" type="stmt"/>
          <line num="53" count="0" type="stmt"/>
          <line num="54" count="0" type="stmt"/>
          <line num="55" count="0" type="stmt"/>
          <line num="59" count="0" type="stmt"/>
          <line num="62" count="0" type="stmt"/>
          <line num="65" count="0" type="stmt"/>
          <line num="66" count="0" type="stmt"/>
          <line num="67" count="0" type="stmt"/>
          <line num="70" count="0" type="stmt"/>
          <line num="72" count="0" type="stmt"/>
          <line num="74" count="0" type="stmt"/>
          <line num="77" count="0" type="stmt"/>
          <line num="79" count="0" type="stmt"/>
          <line num="83" count="0" type="stmt"/>
          <line num="85" count="0" type="stmt"/>
          <line num="86" count="0" type="stmt"/>
          <line num="87" count="0" type="stmt"/>
          <line num="89" count="0" type="stmt"/>
          <line num="91" count="0" type="stmt"/>
          <line num="93" count="0" type="stmt"/>
          <line num="94" count="0" type="stmt"/>
          <line num="95" count="0" type="stmt"/>
          <line num="98" count="0" type="stmt"/>
          <line num="100" count="0" type="stmt"/>
          <line num="101" count="0" type="stmt"/>
          <line num="105" count="0" type="stmt"/>
          <line num="113" count="0" type="stmt"/>
          <line num="114" count="0" type="stmt"/>
          <line num="115" count="0" type="stmt"/>
          <line num="117" count="0" type="stmt"/>
          <line num="119" count="0" type="cond" truecount="0" falsecount="2"/>
          <line num="120" count="0" type="stmt"/>
          <line num="126" count="0" type="stmt"/>
          <line num="127" count="0" type="stmt"/>
          <line num="135" count="0" type="stmt"/>
          <line num="136" count="0" type="stmt"/>
          <line num="141" count="0" type="stmt"/>
          <line num="161" count="0" type="stmt"/>
          <line num="162" count="0" type="stmt"/>
          <line num="169" count="0" type="cond" truecount="0" falsecount="4"/>
          <line num="170" count="0" type="stmt"/>
          <line num="174" count="0" type="stmt"/>
          <line num="186" count="0" type="cond" truecount="0" falsecount="2"/>
          <line num="187" count="0" type="cond" truecount="0" falsecount="4"/>
          <line num="188" count="0" type="stmt"/>
          <line num="194" count="0" type="stmt"/>
          <line num="197" count="0" type="cond" truecount="0" falsecount="2"/>
          <line num="203" count="0" type="stmt"/>
          <line num="204" count="0" type="stmt"/>
          <line num="210" count="0" type="stmt"/>
          <line num="215" count="0" type="stmt"/>
          <line num="221" count="0" type="stmt"/>
          <line num="224" count="0" type="stmt"/>
          <line num="229" count="0" type="cond" truecount="0" falsecount="4"/>
          <line num="231" count="0" type="stmt"/>
          <line num="232" count="0" type="cond" truecount="0" falsecount="4"/>
          <line num="234" count="0" type="stmt"/>
          <line num="237" count="0" type="stmt"/>
          <line num="245" count="0" type="stmt"/>
          <line num="247" count="0" type="stmt"/>
          <line num="252" count="0" type="stmt"/>
        </file>
        <file name="worker.ts" path="/Users/heysailor/dev/redux-worker-queue/src/flush/worker.ts">
          <metrics statements="16" coveredstatements="3" conditionals="10" coveredconditionals="0" methods="2" coveredmethods="0"/>
          <line num="2" count="1" type="stmt"/>
          <line num="7" count="1" type="stmt"/>
          <line num="9" count="1" type="stmt"/>
          <line num="15" count="0" type="stmt"/>
          <line num="16" count="0" type="stmt"/>
          <line num="17" count="0" type="stmt"/>
          <line num="23" count="0" type="cond" truecount="0" falsecount="4"/>
          <line num="25" count="0" type="stmt"/>
          <line num="31" count="0" type="stmt"/>
          <line num="34" count="0" type="cond" truecount="0" falsecount="2"/>
          <line num="35" count="0" type="stmt"/>
          <line num="39" count="0" type="stmt"/>
          <line num="40" count="0" type="stmt"/>
          <line num="42" count="0" type="cond" truecount="0" falsecount="4"/>
          <line num="43" count="0" type="stmt"/>
          <line num="53" count="0" type="stmt"/>
        </file>
      </package>
      <package name="src.queue">
        <metrics statements="30" coveredstatements="29" conditionals="17" coveredconditionals="16" methods="6" coveredmethods="6"/>
        <file name="duck.ts" path="/Users/heysailor/dev/redux-worker-queue/src/queue/duck.ts">
          <metrics statements="19" coveredstatements="18" conditionals="7" coveredconditionals="6" methods="5" coveredmethods="5"/>
          <line num="1" count="1" type="stmt"/>
          <line num="4" count="1" type="stmt"/>
          <line num="5" count="1" type="stmt"/>
          <line num="7" count="1" type="stmt"/>
          <line num="9" count="1" type="cond" truecount="2" falsecount="0"/>
          <line num="10" count="1" type="stmt"/>
          <line num="11" count="1" type="stmt"/>
          <line num="16" count="1" type="stmt"/>
          <line num="19" count="2" type="stmt"/>
          <line num="26" count="1" type="stmt"/>
          <line num="29" count="1" type="stmt"/>
          <line num="36" count="1" type="stmt"/>
          <line num="40" count="11" type="stmt"/>
          <line num="42" count="2" type="stmt"/>
          <line num="45" count="1" type="stmt"/>
          <line num="48" count="0" type="stmt"/>
          <line num="51" count="8" type="stmt"/>
          <line num="58" count="1" type="stmt"/>
          <line num="59" count="10" type="stmt"/>
        </file>
        <file name="item.ts" path="/Users/heysailor/dev/redux-worker-queue/src/queue/item.ts">
          <metrics statements="11" coveredstatements="11" conditionals="10" coveredconditionals="10" methods="1" coveredmethods="1"/>
          <line num="1" count="1" type="stmt"/>
          <line num="4" count="1" type="stmt"/>
          <line num="5" count="2" type="stmt"/>
          <line num="6" count="2" type="stmt"/>
          <line num="8" count="2" type="stmt"/>
          <line num="9" count="2" type="stmt"/>
          <line num="12" count="2" type="stmt"/>
          <line num="13" count="2" type="stmt"/>
          <line num="14" count="2" type="stmt"/>
          <line num="18" count="2" type="cond" truecount="2" falsecount="0"/>
          <line num="19" count="2" type="stmt"/>
        </file>
      </package>
      <package name="src.util">
        <metrics statements="32" coveredstatements="30" conditionals="6" coveredconditionals="5" methods="10" coveredmethods="9"/>
        <file name="collections.ts" path="/Users/heysailor/dev/redux-worker-queue/src/util/collections.ts">
          <metrics statements="9" coveredstatements="9" conditionals="2" coveredconditionals="2" methods="5" coveredmethods="5"/>
          <line num="1" count="1" type="stmt"/>
          <line num="2" count="1" type="stmt"/>
          <line num="5" count="1" type="stmt"/>
          <line num="6" count="19" type="cond" truecount="2" falsecount="0"/>
          <line num="10" count="1" type="stmt"/>
          <line num="11" count="4" type="stmt"/>
          <line num="15" count="1" type="stmt"/>
          <line num="19" count="2" type="stmt"/>
          <line num="21" count="9" type="stmt"/>
        </file>
        <file name="hash.ts" path="/Users/heysailor/dev/redux-worker-queue/src/util/hash.ts">
          <metrics statements="15" coveredstatements="14" conditionals="4" coveredconditionals="3" methods="2" coveredmethods="2"/>
          <line num="1" count="1" type="stmt"/>
          <line num="3" count="1" type="stmt"/>
          <line num="4" count="1" type="stmt"/>
          <line num="6" count="74" type="stmt"/>
          <line num="7" count="74" type="stmt"/>
          <line num="9" count="74" type="cond" truecount="2" falsecount="0"/>
          <line num="14" count="36" type="stmt"/>
          <line num="15" count="62" type="stmt"/>
          <line num="17" count="38" type="cond" truecount="1" falsecount="1"/>
          <line num="18" count="0" type="stmt"/>
          <line num="20" count="38" type="stmt"/>
          <line num="23" count="74" type="stmt"/>
          <line num="27" count="1" type="stmt"/>
          <line num="29" count="12" type="stmt"/>
          <line num="34" count="1" type="stmt"/>
        </file>
        <file name="index.ts" path="/Users/heysailor/dev/redux-worker-queue/src/util/index.ts">
          <metrics statements="4" coveredstatements="4" conditionals="0" coveredconditionals="0" methods="0" coveredmethods="0"/>
          <line num="1" count="1" type="stmt"/>
          <line num="2" count="1" type="stmt"/>
          <line num="3" count="1" type="stmt"/>
          <line num="4" count="1" type="stmt"/>
        </file>
        <file name="nextTick.ts" path="/Users/heysailor/dev/redux-worker-queue/src/util/nextTick.ts">
          <metrics statements="2" coveredstatements="2" conditionals="0" coveredconditionals="0" methods="2" coveredmethods="2"/>
          <line num="1" count="1" type="stmt"/>
          <line num="2" count="4" type="stmt"/>
        </file>
        <file name="timestamp.ts" path="/Users/heysailor/dev/redux-worker-queue/src/util/timestamp.ts">
          <metrics statements="2" coveredstatements="1" conditionals="0" coveredconditionals="0" methods="1" coveredmethods="0"/>
          <line num="1" count="1" type="stmt"/>
          <line num="2" count="0" type="stmt"/>
        </file>
      </package>
    </metrics>
  </project>
</coverage>
