<?xml version="1.0" encoding="UTF-8"?>
<coverage generated="1522103553419" clover="3.2.0">
  <project timestamp="1522103553419" name="All files">
    <metrics statements="280" coveredstatements="222" conditionals="135" coveredconditionals="90" methods="64" coveredmethods="56" elements="479" coveredelements="368" complexity="0" loc="280" ncloc="280" packages="5" files="18" classes="18">
      <package name="src">
        <metrics statements="82" coveredstatements="73" conditionals="62" coveredconditionals="49" methods="24" coveredmethods="22"/>
        <file name="WorkerQueue.ts" path="/Users/heysailor/dev/redux-worker-queue/src/WorkerQueue.ts">
          <metrics statements="57" coveredstatements="48" conditionals="56" coveredconditionals="44" methods="19" coveredmethods="17"/>
          <line num="1" count="6" type="stmt"/>
          <line num="17" count="6" type="stmt"/>
          <line num="19" count="6" type="stmt"/>
          <line num="20" count="6" type="stmt"/>
          <line num="21" count="6" type="stmt"/>
          <line num="22" count="6" type="stmt"/>
          <line num="23" count="6" type="stmt"/>
          <line num="26" count="6" type="stmt"/>
          <line num="30" count="6" type="stmt"/>
          <line num="31" count="6" type="stmt"/>
          <line num="32" count="6" type="stmt"/>
          <line num="33" count="6" type="stmt"/>
          <line num="34" count="36" type="cond" truecount="1" falsecount="1"/>
          <line num="36" count="6" type="stmt"/>
          <line num="37" count="6" type="stmt"/>
          <line num="49" count="6" type="cond" truecount="2" falsecount="0"/>
          <line num="50" count="1" type="stmt"/>
          <line num="53" count="5" type="cond" truecount="4" falsecount="1"/>
          <line num="54" count="0" type="stmt"/>
          <line num="59" count="5" type="cond" truecount="2" falsecount="0"/>
          <line num="60" count="3" type="cond" truecount="1" falsecount="1"/>
          <line num="61" count="0" type="stmt"/>
          <line num="65" count="3" type="cond" truecount="1" falsecount="1"/>
          <line num="66" count="0" type="stmt"/>
          <line num="71" count="5" type="stmt"/>
          <line num="82" count="5" type="cond" truecount="2" falsecount="0"/>
          <line num="83" count="3" type="stmt"/>
          <line num="85" count="2" type="stmt"/>
          <line num="88" count="5" type="stmt"/>
          <line num="94" count="6" type="cond" truecount="3" falsecount="1"/>
          <line num="95" count="0" type="stmt"/>
          <line num="97" count="6" type="cond" truecount="1" falsecount="1"/>
          <line num="102" count="0" type="stmt"/>
          <line num="106" count="6" type="stmt"/>
          <line num="108" count="6" type="stmt"/>
          <line num="112" count="6" type="stmt"/>
          <line num="115" count="2" type="cond" truecount="2" falsecount="0"/>
          <line num="118" count="2" type="stmt"/>
          <line num="121" count="4" type="stmt"/>
          <line num="124" count="2" type="cond" truecount="2" falsecount="0"/>
          <line num="125" count="1" type="stmt"/>
          <line num="129" count="1" type="stmt"/>
          <line num="132" count="2" type="stmt"/>
          <line num="135" count="1" type="stmt"/>
          <line num="138" count="1" type="stmt"/>
          <line num="141" count="1" type="stmt"/>
          <line num="144" count="1" type="stmt"/>
          <line num="147" count="0" type="stmt"/>
          <line num="150" count="0" type="stmt"/>
          <line num="153" count="36" type="stmt"/>
          <line num="156" count="3" type="cond" truecount="1" falsecount="1"/>
          <line num="157" count="0" type="stmt"/>
          <line num="161" count="3" type="cond" truecount="1" falsecount="1"/>
          <line num="165" count="0" type="stmt"/>
          <line num="169" count="3" type="stmt"/>
          <line num="173" count="6" type="stmt"/>
          <line num="176" count="5" type="stmt"/>
        </file>
        <file name="duck.ts" path="/Users/heysailor/dev/redux-worker-queue/src/duck.ts">
          <metrics statements="9" coveredstatements="9" conditionals="2" coveredconditionals="2" methods="2" coveredmethods="2"/>
          <line num="1" count="6" type="stmt"/>
          <line num="5" count="6" type="stmt"/>
          <line num="6" count="6" type="stmt"/>
          <line num="10" count="6" type="cond" truecount="2" falsecount="0"/>
          <line num="11" count="6" type="stmt"/>
          <line num="16" count="6" type="stmt"/>
          <line num="17" count="4" type="stmt"/>
          <line num="20" count="6" type="stmt"/>
          <line num="25" count="6" type="stmt"/>
        </file>
        <file name="main.ts" path="/Users/heysailor/dev/redux-worker-queue/src/main.ts">
          <metrics statements="3" coveredstatements="3" conditionals="0" coveredconditionals="0" methods="0" coveredmethods="0"/>
          <line num="1" count="2" type="stmt"/>
          <line num="2" count="2" type="stmt"/>
          <line num="4" count="2" type="stmt"/>
        </file>
        <file name="middleware.ts" path="/Users/heysailor/dev/redux-worker-queue/src/middleware.ts">
          <metrics statements="5" coveredstatements="5" conditionals="0" coveredconditionals="0" methods="1" coveredmethods="1"/>
          <line num="2" count="6" type="stmt"/>
          <line num="3" count="6" type="stmt"/>
          <line num="16" count="6" type="stmt"/>
          <line num="21" count="4" type="stmt"/>
          <line num="24" count="4" type="stmt"/>
        </file>
        <file name="store.ts" path="/Users/heysailor/dev/redux-worker-queue/src/store.ts">
          <metrics statements="8" coveredstatements="8" conditionals="4" coveredconditionals="3" methods="2" coveredmethods="2"/>
          <line num="1" count="6" type="stmt"/>
          <line num="7" count="6" type="stmt"/>
          <line num="9" count="6" type="stmt"/>
          <line num="16" count="6" type="stmt"/>
          <line num="17" count="7" type="cond" truecount="1" falsecount="1"/>
          <line num="19" count="7" type="stmt"/>
          <line num="24" count="6" type="stmt"/>
          <line num="27" count="12" type="stmt"/>
        </file>
      </package>
      <package name="src.flag">
        <metrics statements="76" coveredstatements="61" conditionals="34" coveredconditionals="26" methods="16" coveredmethods="13"/>
        <file name="duck.ts" path="/Users/heysailor/dev/redux-worker-queue/src/flag/duck.ts">
          <metrics statements="59" coveredstatements="46" conditionals="26" coveredconditionals="20" methods="15" coveredmethods="12"/>
          <line num="1" count="6" type="stmt"/>
          <line num="4" count="6" type="stmt"/>
          <line num="7" count="6" type="stmt"/>
          <line num="9" count="6" type="stmt"/>
          <line num="10" count="6" type="stmt"/>
          <line num="12" count="6" type="stmt"/>
          <line num="14" count="6" type="cond" truecount="2" falsecount="0"/>
          <line num="15" count="6" type="stmt"/>
          <line num="16" count="6" type="stmt"/>
          <line num="26" count="6" type="stmt"/>
          <line num="30" count="15" type="cond" truecount="5" falsecount="0"/>
          <line num="31" count="1" type="stmt"/>
          <line num="33" count="14" type="cond" truecount="4" falsecount="0"/>
          <line num="34" count="2" type="stmt"/>
          <line num="39" count="12" type="stmt"/>
          <line num="45" count="6" type="stmt"/>
          <line num="48" count="3" type="cond" truecount="2" falsecount="0"/>
          <line num="49" count="1" type="stmt"/>
          <line num="52" count="2" type="stmt"/>
          <line num="59" count="6" type="stmt"/>
          <line num="60" count="3" type="stmt"/>
          <line num="64" count="4" type="stmt"/>
          <line num="67" count="4" type="stmt"/>
          <line num="70" count="0" type="stmt"/>
          <line num="73" count="4" type="cond" truecount="1" falsecount="1"/>
          <line num="75" count="0" type="stmt"/>
          <line num="77" count="0" type="stmt"/>
          <line num="78" count="0" type="stmt"/>
          <line num="83" count="0" type="stmt"/>
          <line num="87" count="4" type="stmt"/>
          <line num="88" count="4" type="stmt"/>
          <line num="90" count="4" type="cond" truecount="1" falsecount="1"/>
          <line num="91" count="0" type="stmt"/>
          <line num="93" count="0" type="stmt"/>
          <line num="97" count="0" type="cond" truecount="0" falsecount="2"/>
          <line num="98" count="0" type="stmt"/>
          <line num="100" count="0" type="cond" truecount="0" falsecount="2"/>
          <line num="102" count="0" type="stmt"/>
          <line num="103" count="0" type="stmt"/>
          <line num="106" count="0" type="stmt"/>
          <line num="113" count="4" type="stmt"/>
          <line num="119" count="6" type="stmt"/>
          <line num="123" count="28" type="stmt"/>
          <line num="125" count="6" type="stmt"/>
          <line num="128" count="1" type="stmt"/>
          <line num="131" count="2" type="stmt"/>
          <line num="134" count="19" type="stmt"/>
          <line num="141" count="6" type="stmt"/>
          <line num="142" count="24" type="stmt"/>
          <line num="145" count="6" type="stmt"/>
          <line num="149" count="1" type="stmt"/>
          <line num="151" count="6" type="stmt"/>
          <line num="154" count="8" type="stmt"/>
          <line num="156" count="6" type="stmt"/>
          <line num="159" count="5" type="stmt"/>
          <line num="161" count="6" type="stmt"/>
          <line num="164" count="4" type="stmt"/>
          <line num="166" count="6" type="stmt"/>
          <line num="167" count="1" type="stmt"/>
        </file>
        <file name="flag.ts" path="/Users/heysailor/dev/redux-worker-queue/src/flag/flag.ts">
          <metrics statements="15" coveredstatements="13" conditionals="8" coveredconditionals="6" methods="1" coveredmethods="1"/>
          <line num="4" count="6" type="stmt"/>
          <line num="6" count="6" type="stmt"/>
          <line num="8" count="25" type="stmt"/>
          <line num="12" count="25" type="stmt"/>
          <line num="15" count="25" type="cond" truecount="1" falsecount="1"/>
          <line num="16" count="0" type="stmt"/>
          <line num="19" count="25" type="cond" truecount="2" falsecount="0"/>
          <line num="20" count="1" type="stmt"/>
          <line num="25" count="24" type="stmt"/>
          <line num="26" count="24" type="cond" truecount="2" falsecount="0"/>
          <line num="27" count="24" type="stmt"/>
          <line num="28" count="24" type="stmt"/>
          <line num="29" count="24" type="cond" truecount="1" falsecount="1"/>
          <line num="30" count="24" type="stmt"/>
          <line num="32" count="0" type="stmt"/>
        </file>
        <file name="index.ts" path="/Users/heysailor/dev/redux-worker-queue/src/flag/index.ts">
          <metrics statements="2" coveredstatements="2" conditionals="0" coveredconditionals="0" methods="0" coveredmethods="0"/>
          <line num="1" count="6" type="stmt"/>
          <line num="2" count="6" type="stmt"/>
        </file>
      </package>
      <package name="src.flush">
        <metrics statements="60" coveredstatements="27" conditionals="28" coveredconditionals="5" methods="7" coveredmethods="4"/>
        <file name="duck.ts" path="/Users/heysailor/dev/redux-worker-queue/src/flush/duck.ts">
          <metrics statements="44" coveredstatements="24" conditionals="18" coveredconditionals="5" methods="5" coveredmethods="4"/>
          <line num="2" count="6" type="stmt"/>
          <line num="8" count="6" type="stmt"/>
          <line num="9" count="6" type="stmt"/>
          <line num="10" count="6" type="stmt"/>
          <line num="20" count="6" type="stmt"/>
          <line num="21" count="6" type="stmt"/>
          <line num="23" count="6" type="stmt"/>
          <line num="25" count="6" type="stmt"/>
          <line num="28" count="6" type="stmt"/>
          <line num="29" count="1" type="stmt"/>
          <line num="31" count="1" type="cond" truecount="1" falsecount="1"/>
          <line num="32" count="0" type="stmt"/>
          <line num="34" count="1" type="stmt"/>
          <line num="37" count="1" type="stmt"/>
          <line num="40" count="1" type="stmt"/>
          <line num="42" count="1" type="stmt"/>
          <line num="43" count="1" type="stmt"/>
          <line num="47" count="1" type="stmt"/>
          <line num="51" count="1" type="stmt"/>
          <line num="52" count="1" type="cond" truecount="1" falsecount="1"/>
          <line num="55" count="1" type="stmt"/>
          <line num="59" count="1" type="cond" truecount="3" falsecount="1"/>
          <line num="62" count="0" type="stmt"/>
          <line num="65" count="0" type="stmt"/>
          <line num="69" count="0" type="stmt"/>
          <line num="72" count="0" type="stmt"/>
          <line num="75" count="0" type="stmt"/>
          <line num="76" count="0" type="stmt"/>
          <line num="83" count="0" type="cond" truecount="0" falsecount="2"/>
          <line num="84" count="0" type="stmt"/>
          <line num="91" count="0" type="stmt"/>
          <line num="94" count="0" type="stmt"/>
          <line num="95" count="0" type="stmt"/>
          <line num="98" count="0" type="cond" truecount="0" falsecount="4"/>
          <line num="100" count="0" type="stmt"/>
          <line num="101" count="0" type="cond" truecount="0" falsecount="4"/>
          <line num="103" count="0" type="stmt"/>
          <line num="106" count="0" type="stmt"/>
          <line num="112" count="0" type="stmt"/>
          <line num="113" count="0" type="stmt"/>
          <line num="114" count="0" type="stmt"/>
          <line num="122" count="6" type="stmt"/>
          <line num="123" count="3" type="stmt"/>
          <line num="131" count="3" type="stmt"/>
        </file>
        <file name="worker.ts" path="/Users/heysailor/dev/redux-worker-queue/src/flush/worker.ts">
          <metrics statements="16" coveredstatements="3" conditionals="10" coveredconditionals="0" methods="2" coveredmethods="0"/>
          <line num="2" count="6" type="stmt"/>
          <line num="7" count="6" type="stmt"/>
          <line num="9" count="6" type="stmt"/>
          <line num="15" count="0" type="stmt"/>
          <line num="16" count="0" type="stmt"/>
          <line num="17" count="0" type="stmt"/>
          <line num="21" count="0" type="cond" truecount="0" falsecount="4"/>
          <line num="23" count="0" type="stmt"/>
          <line num="29" count="0" type="stmt"/>
          <line num="32" count="0" type="cond" truecount="0" falsecount="2"/>
          <line num="33" count="0" type="stmt"/>
          <line num="37" count="0" type="stmt"/>
          <line num="38" count="0" type="stmt"/>
          <line num="40" count="0" type="cond" truecount="0" falsecount="4"/>
          <line num="41" count="0" type="stmt"/>
          <line num="51" count="0" type="stmt"/>
        </file>
      </package>
      <package name="src.queue">
        <metrics statements="30" coveredstatements="30" conditionals="7" coveredconditionals="7" methods="6" coveredmethods="6"/>
        <file name="duck.ts" path="/Users/heysailor/dev/redux-worker-queue/src/queue/duck.ts">
          <metrics statements="19" coveredstatements="19" conditionals="7" coveredconditionals="7" methods="5" coveredmethods="5"/>
          <line num="1" count="6" type="stmt"/>
          <line num="4" count="6" type="stmt"/>
          <line num="5" count="6" type="stmt"/>
          <line num="7" count="6" type="stmt"/>
          <line num="9" count="6" type="cond" truecount="2" falsecount="0"/>
          <line num="10" count="6" type="stmt"/>
          <line num="11" count="6" type="stmt"/>
          <line num="16" count="6" type="stmt"/>
          <line num="19" count="9" type="stmt"/>
          <line num="26" count="6" type="stmt"/>
          <line num="29" count="4" type="stmt"/>
          <line num="36" count="6" type="stmt"/>
          <line num="40" count="28" type="stmt"/>
          <line num="42" count="7" type="stmt"/>
          <line num="45" count="3" type="stmt"/>
          <line num="48" count="2" type="stmt"/>
          <line num="51" count="16" type="stmt"/>
          <line num="58" count="6" type="stmt"/>
          <line num="59" count="12" type="stmt"/>
        </file>
        <file name="index.ts" path="/Users/heysailor/dev/redux-worker-queue/src/queue/index.ts">
          <metrics statements="2" coveredstatements="2" conditionals="0" coveredconditionals="0" methods="0" coveredmethods="0"/>
          <line num="1" count="1" type="stmt"/>
          <line num="2" count="1" type="stmt"/>
        </file>
        <file name="item.ts" path="/Users/heysailor/dev/redux-worker-queue/src/queue/item.ts">
          <metrics statements="9" coveredstatements="9" conditionals="0" coveredconditionals="0" methods="1" coveredmethods="1"/>
          <line num="1" count="7" type="stmt"/>
          <line num="2" count="7" type="stmt"/>
          <line num="5" count="7" type="stmt"/>
          <line num="6" count="13" type="stmt"/>
          <line num="7" count="13" type="stmt"/>
          <line num="8" count="13" type="stmt"/>
          <line num="9" count="13" type="stmt"/>
          <line num="10" count="13" type="stmt"/>
          <line num="13" count="13" type="stmt"/>
        </file>
      </package>
      <package name="src.util">
        <metrics statements="32" coveredstatements="31" conditionals="4" coveredconditionals="3" methods="11" coveredmethods="11"/>
        <file name="collections.ts" path="/Users/heysailor/dev/redux-worker-queue/src/util/collections.ts">
          <metrics statements="9" coveredstatements="9" conditionals="0" coveredconditionals="0" methods="5" coveredmethods="5"/>
          <line num="1" count="6" type="stmt"/>
          <line num="2" count="6" type="stmt"/>
          <line num="5" count="6" type="stmt"/>
          <line num="6" count="25" type="stmt"/>
          <line num="10" count="6" type="stmt"/>
          <line num="11" count="7" type="stmt"/>
          <line num="19" count="6" type="stmt"/>
          <line num="23" count="4" type="stmt"/>
          <line num="25" count="8" type="stmt"/>
        </file>
        <file name="hash.ts" path="/Users/heysailor/dev/redux-worker-queue/src/util/hash.ts">
          <metrics statements="15" coveredstatements="14" conditionals="4" coveredconditionals="3" methods="2" coveredmethods="2"/>
          <line num="1" count="6" type="stmt"/>
          <line num="3" count="6" type="stmt"/>
          <line num="4" count="6" type="stmt"/>
          <line num="6" count="154" type="stmt"/>
          <line num="7" count="154" type="stmt"/>
          <line num="9" count="154" type="cond" truecount="2" falsecount="0"/>
          <line num="14" count="72" type="stmt"/>
          <line num="15" count="130" type="stmt"/>
          <line num="17" count="82" type="cond" truecount="1" falsecount="1"/>
          <line num="18" count="0" type="stmt"/>
          <line num="20" count="82" type="stmt"/>
          <line num="23" count="154" type="stmt"/>
          <line num="27" count="6" type="stmt"/>
          <line num="29" count="24" type="stmt"/>
          <line num="34" count="6" type="stmt"/>
        </file>
        <file name="index.ts" path="/Users/heysailor/dev/redux-worker-queue/src/util/index.ts">
          <metrics statements="4" coveredstatements="4" conditionals="0" coveredconditionals="0" methods="0" coveredmethods="0"/>
          <line num="1" count="6" type="stmt"/>
          <line num="2" count="6" type="stmt"/>
          <line num="3" count="6" type="stmt"/>
          <line num="4" count="6" type="stmt"/>
        </file>
        <file name="nextTick.ts" path="/Users/heysailor/dev/redux-worker-queue/src/util/nextTick.ts">
          <metrics statements="2" coveredstatements="2" conditionals="0" coveredconditionals="0" methods="3" coveredmethods="3"/>
          <line num="1" count="6" type="stmt"/>
          <line num="2" count="2" type="stmt"/>
        </file>
        <file name="timestamp.ts" path="/Users/heysailor/dev/redux-worker-queue/src/util/timestamp.ts">
          <metrics statements="2" coveredstatements="2" conditionals="0" coveredconditionals="0" methods="1" coveredmethods="1"/>
          <line num="1" count="6" type="stmt"/>
          <line num="2" count="25" type="stmt"/>
        </file>
      </package>
    </metrics>
  </project>
</coverage>
