{"/Users/heysailor/dev/redux-worker-queue/src/WorkerQueue.ts": {"path":"/Users/heysailor/dev/redux-worker-queue/src/WorkerQueue.ts","statementMap":{"0":{"start":{"line":1,"column":0},"end":{"line":8,"column":15}},"1":{"start":{"line":17,"column":0},"end":{"line":17,"column":52}},"2":{"start":{"line":19,"column":0},"end":{"line":19,"column":58}},"3":{"start":{"line":20,"column":0},"end":{"line":20,"column":41}},"4":{"start":{"line":21,"column":0},"end":{"line":21,"column":35}},"5":{"start":{"line":22,"column":0},"end":{"line":22,"column":42}},"6":{"start":{"line":23,"column":0},"end":{"line":23,"column":41}},"7":{"start":{"line":26,"column":20},"end":{"line":26,"column":23}},"8":{"start":{"line":30,"column":11},"end":{"line":30,"column":52}},"9":{"start":{"line":31,"column":11},"end":{"line":31,"column":43}},"10":{"start":{"line":32,"column":9},"end":{"line":32,"column":41}},"11":{"start":{"line":33,"column":9},"end":{"line":35,"column":4}},"12":{"start":{"line":34,"column":4},"end":{"line":34,"column":59}},"13":{"start":{"line":36,"column":9},"end":{"line":36,"column":78}},"14":{"start":{"line":37,"column":11},"end":{"line":43,"column":4}},"15":{"start":{"line":49,"column":4},"end":{"line":51,"column":5}},"16":{"start":{"line":50,"column":6},"end":{"line":50,"column":48}},"17":{"start":{"line":53,"column":4},"end":{"line":57,"column":5}},"18":{"start":{"line":54,"column":6},"end":{"line":56,"column":8}},"19":{"start":{"line":59,"column":4},"end":{"line":68,"column":5}},"20":{"start":{"line":60,"column":6},"end":{"line":64,"column":7}},"21":{"start":{"line":61,"column":8},"end":{"line":63,"column":10}},"22":{"start":{"line":65,"column":6},"end":{"line":67,"column":7}},"23":{"start":{"line":66,"column":8},"end":{"line":66,"column":52}},"24":{"start":{"line":71,"column":4},"end":{"line":80,"column":6}},"25":{"start":{"line":82,"column":4},"end":{"line":86,"column":5}},"26":{"start":{"line":83,"column":6},"end":{"line":83,"column":56}},"27":{"start":{"line":83,"column":23},"end":{"line":83,"column":54}},"28":{"start":{"line":85,"column":6},"end":{"line":85,"column":40}},"29":{"start":{"line":88,"column":4},"end":{"line":88,"column":20}},"30":{"start":{"line":94,"column":4},"end":{"line":96,"column":5}},"31":{"start":{"line":95,"column":6},"end":{"line":95,"column":75}},"32":{"start":{"line":97,"column":4},"end":{"line":105,"column":5}},"33":{"start":{"line":102,"column":6},"end":{"line":104,"column":8}},"34":{"start":{"line":106,"column":4},"end":{"line":106,"column":55}},"35":{"start":{"line":108,"column":4},"end":{"line":108,"column":16}},"36":{"start":{"line":112,"column":4},"end":{"line":112,"column":36}},"37":{"start":{"line":115,"column":4},"end":{"line":115,"column":38}},"38":{"start":{"line":118,"column":4},"end":{"line":118,"column":31}},"39":{"start":{"line":121,"column":4},"end":{"line":121,"column":33}},"40":{"start":{"line":124,"column":4},"end":{"line":128,"column":5}},"41":{"start":{"line":125,"column":6},"end":{"line":127,"column":8}},"42":{"start":{"line":129,"column":4},"end":{"line":129,"column":34}},"43":{"start":{"line":132,"column":4},"end":{"line":132,"column":55}},"44":{"start":{"line":135,"column":4},"end":{"line":135,"column":62}},"45":{"start":{"line":138,"column":4},"end":{"line":138,"column":46}},"46":{"start":{"line":141,"column":4},"end":{"line":141,"column":50}},"47":{"start":{"line":144,"column":4},"end":{"line":144,"column":22}},"48":{"start":{"line":147,"column":4},"end":{"line":147,"column":23}},"49":{"start":{"line":150,"column":4},"end":{"line":150,"column":31}},"50":{"start":{"line":153,"column":4},"end":{"line":153,"column":37}},"51":{"start":{"line":156,"column":4},"end":{"line":158,"column":5}},"52":{"start":{"line":157,"column":6},"end":{"line":157,"column":79}},"53":{"start":{"line":161,"column":4},"end":{"line":168,"column":5}},"54":{"start":{"line":165,"column":6},"end":{"line":167,"column":7}},"55":{"start":{"line":169,"column":4},"end":{"line":169,"column":16}},"56":{"start":{"line":173,"column":0},"end":{"line":173,"column":27}},"57":{"start":{"line":176,"column":2},"end":{"line":183,"column":4}}},"fnMap":{"0":{"name":"(anonymous_1)","decl":{"start":{"line":45,"column":2},"end":{"line":46,"column":3}},"loc":{"start":{"line":47,"column":39},"end":{"line":89,"column":3}}},"1":{"name":"(anonymous_2)","decl":{"start":{"line":33,"column":32},"end":{"line":33,"column":33}},"loc":{"start":{"line":33,"column":47},"end":{"line":35,"column":3}}},"2":{"name":"(anonymous_3)","decl":{"start":{"line":83,"column":16},"end":{"line":83,"column":18}},"loc":{"start":{"line":83,"column":23},"end":{"line":83,"column":54}}},"3":{"name":"(anonymous_4)","decl":{"start":{"line":91,"column":9},"end":{"line":91,"column":29}},"loc":{"start":{"line":92,"column":40},"end":{"line":109,"column":3}}},"4":{"name":"(anonymous_5)","decl":{"start":{"line":111,"column":10},"end":{"line":111,"column":20}},"loc":{"start":{"line":111,"column":63},"end":{"line":113,"column":3}}},"5":{"name":"(anonymous_6)","decl":{"start":{"line":114,"column":9},"end":{"line":114,"column":26}},"loc":{"start":{"line":114,"column":48},"end":{"line":116,"column":3}}},"6":{"name":"(anonymous_7)","decl":{"start":{"line":117,"column":2},"end":{"line":117,"column":12}},"loc":{"start":{"line":117,"column":18},"end":{"line":119,"column":3}}},"7":{"name":"(anonymous_8)","decl":{"start":{"line":120,"column":2},"end":{"line":120,"column":12}},"loc":{"start":{"line":120,"column":20},"end":{"line":122,"column":3}}},"8":{"name":"(anonymous_9)","decl":{"start":{"line":123,"column":2},"end":{"line":123,"column":12}},"loc":{"start":{"line":123,"column":34},"end":{"line":130,"column":3}}},"9":{"name":"(anonymous_10)","decl":{"start":{"line":131,"column":9},"end":{"line":131,"column":28}},"loc":{"start":{"line":131,"column":67},"end":{"line":133,"column":3}}},"10":{"name":"(anonymous_11)","decl":{"start":{"line":134,"column":9},"end":{"line":134,"column":18}},"loc":{"start":{"line":134,"column":54},"end":{"line":136,"column":3}}},"11":{"name":"(anonymous_12)","decl":{"start":{"line":137,"column":9},"end":{"line":137,"column":13}},"loc":{"start":{"line":137,"column":14},"end":{"line":139,"column":3}}},"12":{"name":"(anonymous_13)","decl":{"start":{"line":140,"column":9},"end":{"line":140,"column":18}},"loc":{"start":{"line":140,"column":19},"end":{"line":142,"column":3}}},"13":{"name":"(anonymous_14)","decl":{"start":{"line":143,"column":2},"end":{"line":143,"column":5}},"loc":{"start":{"line":143,"column":16},"end":{"line":145,"column":3}}},"14":{"name":"(anonymous_15)","decl":{"start":{"line":146,"column":2},"end":{"line":146,"column":5}},"loc":{"start":{"line":146,"column":14},"end":{"line":148,"column":3}}},"15":{"name":"(anonymous_16)","decl":{"start":{"line":149,"column":10},"end":{"line":149,"column":24}},"loc":{"start":{"line":149,"column":25},"end":{"line":151,"column":3}}},"16":{"name":"(anonymous_17)","decl":{"start":{"line":152,"column":9},"end":{"line":152,"column":20}},"loc":{"start":{"line":152,"column":32},"end":{"line":154,"column":3}}},"17":{"name":"(anonymous_18)","decl":{"start":{"line":155,"column":9},"end":{"line":155,"column":12}},"loc":{"start":{"line":155,"column":13},"end":{"line":170,"column":3}}},"18":{"name":"validWorkerCount","decl":{"start":{"line":175,"column":0},"end":{"line":175,"column":25}},"loc":{"start":{"line":175,"column":36},"end":{"line":184,"column":1}}}},"branchMap":{"0":{"loc":{"start":{"line":34,"column":33},"end":{"line":34,"column":50}},"type":"cond-expr","locations":[{"start":{"line":34,"column":33},"end":{"line":34,"column":50}},{"start":{"line":34,"column":53},"end":{"line":34,"column":58}}]},"1":{"loc":{"start":{"line":49,"column":4},"end":{"line":51,"column":5}},"type":"if","locations":[{"start":{"line":49,"column":4},"end":{"line":51,"column":5}},{"start":{"line":49,"column":4},"end":{"line":51,"column":5}}]},"2":{"loc":{"start":{"line":53,"column":4},"end":{"line":57,"column":5}},"type":"if","locations":[{"start":{"line":53,"column":4},"end":{"line":57,"column":5}},{"start":{"line":53,"column":4},"end":{"line":57,"column":5}}]},"3":{"loc":{"start":{"line":53,"column":8},"end":{"line":53,"column":14}},"type":"binary-expr","locations":[{"start":{"line":53,"column":8},"end":{"line":53,"column":14}},{"start":{"line":53,"column":19},"end":{"line":53,"column":34}},{"start":{"line":53,"column":38},"end":{"line":53,"column":54}}]},"4":{"loc":{"start":{"line":59,"column":4},"end":{"line":68,"column":5}},"type":"if","locations":[{"start":{"line":59,"column":4},"end":{"line":68,"column":5}},{"start":{"line":59,"column":4},"end":{"line":68,"column":5}}]},"5":{"loc":{"start":{"line":60,"column":6},"end":{"line":64,"column":7}},"type":"if","locations":[{"start":{"line":60,"column":6},"end":{"line":64,"column":7}},{"start":{"line":60,"column":6},"end":{"line":64,"column":7}}]},"6":{"loc":{"start":{"line":65,"column":6},"end":{"line":67,"column":7}},"type":"if","locations":[{"start":{"line":65,"column":6},"end":{"line":67,"column":7}},{"start":{"line":65,"column":6},"end":{"line":67,"column":7}}]},"7":{"loc":{"start":{"line":73,"column":50},"end":{"line":73,"column":63}},"type":"cond-expr","locations":[{"start":{"line":73,"column":50},"end":{"line":73,"column":63}},{"start":{"line":73,"column":66},"end":{"line":73,"column":79}}]},"8":{"loc":{"start":{"line":73,"column":12},"end":{"line":73,"column":16}},"type":"binary-expr","locations":[{"start":{"line":73,"column":12},"end":{"line":73,"column":16}},{"start":{"line":73,"column":20},"end":{"line":73,"column":30}},{"start":{"line":73,"column":34},"end":{"line":73,"column":47}}]},"9":{"loc":{"start":{"line":76,"column":14},"end":{"line":76,"column":34}},"type":"cond-expr","locations":[{"start":{"line":76,"column":14},"end":{"line":76,"column":34}},{"start":{"line":77,"column":14},"end":{"line":77,"column":19}}]},"10":{"loc":{"start":{"line":75,"column":10},"end":{"line":75,"column":14}},"type":"binary-expr","locations":[{"start":{"line":75,"column":10},"end":{"line":75,"column":14}},{"start":{"line":75,"column":18},"end":{"line":75,"column":28}},{"start":{"line":75,"column":32},"end":{"line":75,"column":52}}]},"11":{"loc":{"start":{"line":79,"column":38},"end":{"line":79,"column":50}},"type":"cond-expr","locations":[{"start":{"line":79,"column":38},"end":{"line":79,"column":50}},{"start":{"line":79,"column":53},"end":{"line":79,"column":54}}]},"12":{"loc":{"start":{"line":79,"column":15},"end":{"line":79,"column":19}},"type":"binary-expr","locations":[{"start":{"line":79,"column":15},"end":{"line":79,"column":19}},{"start":{"line":79,"column":23},"end":{"line":79,"column":35}}]},"13":{"loc":{"start":{"line":82,"column":4},"end":{"line":86,"column":5}},"type":"if","locations":[{"start":{"line":82,"column":4},"end":{"line":86,"column":5}},{"start":{"line":82,"column":4},"end":{"line":86,"column":5}}]},"14":{"loc":{"start":{"line":94,"column":4},"end":{"line":96,"column":5}},"type":"if","locations":[{"start":{"line":94,"column":4},"end":{"line":96,"column":5}},{"start":{"line":94,"column":4},"end":{"line":96,"column":5}}]},"15":{"loc":{"start":{"line":94,"column":8},"end":{"line":94,"column":17}},"type":"binary-expr","locations":[{"start":{"line":94,"column":8},"end":{"line":94,"column":17}},{"start":{"line":94,"column":21},"end":{"line":94,"column":45}}]},"16":{"loc":{"start":{"line":97,"column":4},"end":{"line":105,"column":5}},"type":"if","locations":[{"start":{"line":97,"column":4},"end":{"line":105,"column":5}},{"start":{"line":97,"column":4},"end":{"line":105,"column":5}}]},"17":{"loc":{"start":{"line":98,"column":6},"end":{"line":98,"column":33}},"type":"binary-expr","locations":[{"start":{"line":98,"column":6},"end":{"line":98,"column":33}},{"start":{"line":99,"column":6},"end":{"line":99,"column":31}},{"start":{"line":100,"column":6},"end":{"line":101,"column":4}}]},"18":{"loc":{"start":{"line":115,"column":11},"end":{"line":115,"column":31}},"type":"binary-expr","locations":[{"start":{"line":115,"column":11},"end":{"line":115,"column":31}},{"start":{"line":115,"column":35},"end":{"line":115,"column":37}}]},"19":{"loc":{"start":{"line":124,"column":4},"end":{"line":128,"column":5}},"type":"if","locations":[{"start":{"line":124,"column":4},"end":{"line":128,"column":5}},{"start":{"line":124,"column":4},"end":{"line":128,"column":5}}]},"20":{"loc":{"start":{"line":156,"column":4},"end":{"line":158,"column":5}},"type":"if","locations":[{"start":{"line":156,"column":4},"end":{"line":158,"column":5}},{"start":{"line":156,"column":4},"end":{"line":158,"column":5}}]},"21":{"loc":{"start":{"line":161,"column":4},"end":{"line":168,"column":5}},"type":"if","locations":[{"start":{"line":161,"column":4},"end":{"line":168,"column":5}},{"start":{"line":161,"column":4},"end":{"line":168,"column":5}}]},"22":{"loc":{"start":{"line":162,"column":6},"end":{"line":162,"column":26}},"type":"binary-expr","locations":[{"start":{"line":162,"column":6},"end":{"line":162,"column":26}},{"start":{"line":163,"column":6},"end":{"line":164,"column":4}}]},"23":{"loc":{"start":{"line":177,"column":4},"end":{"line":177,"column":10}},"type":"binary-expr","locations":[{"start":{"line":177,"column":4},"end":{"line":177,"column":10}},{"start":{"line":178,"column":4},"end":{"line":178,"column":23}},{"start":{"line":179,"column":4},"end":{"line":179,"column":20}},{"start":{"line":180,"column":4},"end":{"line":180,"column":21}},{"start":{"line":181,"column":4},"end":{"line":181,"column":13}},{"start":{"line":182,"column":4},"end":{"line":182,"column":23}}]}},"s":{"0":6,"1":6,"2":6,"3":6,"4":6,"5":6,"6":6,"7":6,"8":6,"9":6,"10":6,"11":6,"12":40,"13":6,"14":6,"15":6,"16":1,"17":5,"18":0,"19":5,"20":3,"21":0,"22":3,"23":0,"24":5,"25":5,"26":3,"27":3,"28":2,"29":5,"30":6,"31":0,"32":6,"33":0,"34":6,"35":6,"36":6,"37":2,"38":2,"39":4,"40":2,"41":1,"42":1,"43":2,"44":1,"45":1,"46":1,"47":1,"48":0,"49":0,"50":40,"51":3,"52":0,"53":3,"54":0,"55":3,"56":6,"57":5},"f":{"0":6,"1":40,"2":3,"3":6,"4":6,"5":2,"6":2,"7":4,"8":2,"9":2,"10":1,"11":1,"12":1,"13":1,"14":0,"15":0,"16":40,"17":3,"18":5},"b":{"0":[0,40],"1":[1,5],"2":[0,5],"3":[5,5,2],"4":[3,2],"5":[0,3],"6":[0,3],"7":[0,5],"8":[5,3,0],"9":[0,5],"10":[5,3,0],"11":[3,2],"12":[5,3],"13":[3,2],"14":[0,6],"15":[6,6],"16":[0,6],"17":[6,6,6],"18":[2,1],"19":[1,1],"20":[0,3],"21":[0,3],"22":[3,3],"23":[5,5,5,5,5,5]}}
,"/Users/heysailor/dev/redux-worker-queue/src/duck.ts": {"path":"/Users/heysailor/dev/redux-worker-queue/src/duck.ts","statementMap":{"0":{"start":{"line":1,"column":0},"end":{"line":1,"column":48}},"1":{"start":{"line":5,"column":0},"end":{"line":5,"column":41}},"2":{"start":{"line":6,"column":0},"end":{"line":6,"column":40}},"3":{"start":{"line":10,"column":0},"end":{"line":12,"column":1}},"4":{"start":{"line":11,"column":2},"end":{"line":11,"column":39}},"5":{"start":{"line":16,"column":13},"end":{"line":18,"column":2}},"6":{"start":{"line":17,"column":2},"end":{"line":17,"column":41}},"7":{"start":{"line":20,"column":40},"end":{"line":23,"column":2}},"8":{"start":{"line":25,"column":0},"end":{"line":25,"column":27}}},"fnMap":{"0":{"name":"(anonymous_1)","decl":{"start":{"line":10,"column":0},"end":{"line":10,"column":11}},"loc":{"start":{"line":10,"column":23},"end":{"line":12,"column":1}}},"1":{"name":"(anonymous_2)","decl":{"start":{"line":16,"column":30},"end":{"line":16,"column":54}},"loc":{"start":{"line":16,"column":57},"end":{"line":18,"column":1}}}},"branchMap":{"0":{"loc":{"start":{"line":10,"column":12},"end":{"line":10,"column":23}},"type":"binary-expr","locations":[{"start":{"line":10,"column":12},"end":{"line":10,"column":23}},{"start":{"line":10,"column":12},"end":{"line":10,"column":23}}]}},"s":{"0":6,"1":6,"2":6,"3":6,"4":6,"5":6,"6":4,"7":6,"8":6},"f":{"0":6,"1":4},"b":{"0":[6,6]}}
,"/Users/heysailor/dev/redux-worker-queue/src/main.ts": {"path":"/Users/heysailor/dev/redux-worker-queue/src/main.ts","statementMap":{"0":{"start":{"line":1,"column":0},"end":{"line":1,"column":39}},"1":{"start":{"line":4,"column":9},"end":{"line":4,"column":20}},"2":{"start":{"line":2,"column":0},"end":{"line":2,"column":31}},"3":{"start":{"line":4,"column":22},"end":{"line":4,"column":27}}},"fnMap":{},"branchMap":{},"s":{"0":2,"1":2,"2":2,"3":2},"f":{},"b":{}}
,"/Users/heysailor/dev/redux-worker-queue/src/middleware.ts": {"path":"/Users/heysailor/dev/redux-worker-queue/src/middleware.ts","statementMap":{"0":{"start":{"line":2,"column":0},"end":{"line":2,"column":31}},"1":{"start":{"line":3,"column":0},"end":{"line":3,"column":35}},"2":{"start":{"line":16,"column":13},"end":{"line":25,"column":2}},"3":{"start":{"line":21,"column":2},"end":{"line":21,"column":17}},"4":{"start":{"line":24,"column":2},"end":{"line":24,"column":20}}},"fnMap":{"0":{"name":"(anonymous_1)","decl":{"start":{"line":16,"column":38},"end":{"line":16,"column":42}},"loc":{"start":{"line":16,"column":67},"end":{"line":25,"column":1}}}},"branchMap":{},"s":{"0":6,"1":6,"2":6,"3":4,"4":4},"f":{"0":4},"b":{}}
,"/Users/heysailor/dev/redux-worker-queue/src/store.ts": {"path":"/Users/heysailor/dev/redux-worker-queue/src/store.ts","statementMap":{"0":{"start":{"line":1,"column":0},"end":{"line":6,"column":14}},"1":{"start":{"line":7,"column":0},"end":{"line":7,"column":41}},"2":{"start":{"line":9,"column":0},"end":{"line":9,"column":32}},"3":{"start":{"line":17,"column":2},"end":{"line":17,"column":20}},"4":{"start":{"line":17,"column":13},"end":{"line":17,"column":20}},"5":{"start":{"line":19,"column":2},"end":{"line":20,"column":75}},"6":{"start":{"line":16,"column":0},"end":{"line":21,"column":1}},"7":{"start":{"line":24,"column":13},"end":{"line":27,"column":56}},"8":{"start":{"line":27,"column":16},"end":{"line":27,"column":55}}},"fnMap":{"0":{"name":"initStore","decl":{"start":{"line":16,"column":0},"end":{"line":16,"column":25}},"loc":{"start":{"line":16,"column":45},"end":{"line":21,"column":1}}},"1":{"name":"(anonymous_2)","decl":{"start":{"line":24,"column":28},"end":{"line":25,"column":2}},"loc":{"start":{"line":27,"column":16},"end":{"line":27,"column":55}}}},"branchMap":{"0":{"loc":{"start":{"line":17,"column":2},"end":{"line":17,"column":20}},"type":"if","locations":[{"start":{"line":17,"column":2},"end":{"line":17,"column":20}},{"start":{"line":17,"column":2},"end":{"line":17,"column":20}}]},"1":{"loc":{"start":{"line":20,"column":4},"end":{"line":20,"column":17}},"type":"binary-expr","locations":[{"start":{"line":20,"column":4},"end":{"line":20,"column":17}},{"start":{"line":20,"column":21},"end":{"line":20,"column":74}}]}},"s":{"0":6,"1":6,"2":6,"3":7,"4":0,"5":7,"6":6,"7":6,"8":14},"f":{"0":7,"1":14},"b":{"0":[0,7],"1":[7,3]}}
,"/Users/heysailor/dev/redux-worker-queue/src/flag/duck.ts": {"path":"/Users/heysailor/dev/redux-worker-queue/src/flag/duck.ts","statementMap":{"0":{"start":{"line":1,"column":0},"end":{"line":1,"column":51}},"1":{"start":{"line":4,"column":0},"end":{"line":4,"column":33}},"2":{"start":{"line":7,"column":0},"end":{"line":7,"column":45}},"3":{"start":{"line":9,"column":0},"end":{"line":9,"column":37}},"4":{"start":{"line":10,"column":0},"end":{"line":10,"column":62}},"5":{"start":{"line":12,"column":0},"end":{"line":12,"column":54}},"6":{"start":{"line":14,"column":0},"end":{"line":17,"column":1}},"7":{"start":{"line":15,"column":2},"end":{"line":15,"column":59}},"8":{"start":{"line":16,"column":2},"end":{"line":16,"column":45}},"9":{"start":{"line":30,"column":2},"end":{"line":32,"column":3}},"10":{"start":{"line":31,"column":4},"end":{"line":31,"column":66}},"11":{"start":{"line":33,"column":2},"end":{"line":37,"column":3}},"12":{"start":{"line":34,"column":4},"end":{"line":36,"column":6}},"13":{"start":{"line":39,"column":2},"end":{"line":42,"column":4}},"14":{"start":{"line":26,"column":0},"end":{"line":43,"column":1}},"15":{"start":{"line":48,"column":2},"end":{"line":50,"column":3}},"16":{"start":{"line":49,"column":4},"end":{"line":49,"column":76}},"17":{"start":{"line":52,"column":2},"end":{"line":55,"column":4}},"18":{"start":{"line":45,"column":0},"end":{"line":56,"column":1}},"19":{"start":{"line":59,"column":13},"end":{"line":115,"column":2}},"20":{"start":{"line":60,"column":2},"end":{"line":114,"column":4}},"21":{"start":{"line":64,"column":16},"end":{"line":64,"column":26}},"22":{"start":{"line":67,"column":23},"end":{"line":71,"column":5}},"23":{"start":{"line":70,"column":14},"end":{"line":70,"column":35}},"24":{"start":{"line":73,"column":4},"end":{"line":84,"column":5}},"25":{"start":{"line":75,"column":6},"end":{"line":80,"column":8}},"26":{"start":{"line":77,"column":10},"end":{"line":77,"column":54}},"27":{"start":{"line":78,"column":10},"end":{"line":78,"column":28}},"28":{"start":{"line":83,"column":6},"end":{"line":83,"column":25}},"29":{"start":{"line":87,"column":24},"end":{"line":87,"column":60}},"30":{"start":{"line":88,"column":18},"end":{"line":88,"column":48}},"31":{"start":{"line":90,"column":4},"end":{"line":110,"column":5}},"32":{"start":{"line":91,"column":6},"end":{"line":109,"column":8}},"33":{"start":{"line":93,"column":28},"end":{"line":95,"column":12}},"34":{"start":{"line":97,"column":10},"end":{"line":97,"column":33}},"35":{"start":{"line":97,"column":26},"end":{"line":97,"column":33}},"36":{"start":{"line":98,"column":27},"end":{"line":98,"column":56}},"37":{"start":{"line":100,"column":10},"end":{"line":107,"column":11}},"38":{"start":{"line":102,"column":12},"end":{"line":102,"column":67}},"39":{"start":{"line":103,"column":12},"end":{"line":103,"column":30}},"40":{"start":{"line":106,"column":12},"end":{"line":106,"column":19}},"41":{"start":{"line":113,"column":4},"end":{"line":113,"column":16}},"42":{"start":{"line":123,"column":2},"end":{"line":136,"column":3}},"43":{"start":{"line":125,"column":6},"end":{"line":125,"column":50}},"44":{"start":{"line":128,"column":6},"end":{"line":128,"column":59}},"45":{"start":{"line":131,"column":6},"end":{"line":131,"column":16}},"46":{"start":{"line":134,"column":6},"end":{"line":134,"column":19}},"47":{"start":{"line":119,"column":0},"end":{"line":137,"column":1}},"48":{"start":{"line":141,"column":13},"end":{"line":143,"column":2}},"49":{"start":{"line":142,"column":2},"end":{"line":142,"column":55}},"50":{"start":{"line":145,"column":13},"end":{"line":149,"column":75}},"51":{"start":{"line":149,"column":5},"end":{"line":149,"column":74}},"52":{"start":{"line":151,"column":13},"end":{"line":154,"column":77}},"53":{"start":{"line":154,"column":5},"end":{"line":154,"column":76}},"54":{"start":{"line":156,"column":13},"end":{"line":159,"column":78}},"55":{"start":{"line":159,"column":5},"end":{"line":159,"column":77}},"56":{"start":{"line":161,"column":13},"end":{"line":164,"column":77}},"57":{"start":{"line":164,"column":5},"end":{"line":164,"column":76}},"58":{"start":{"line":166,"column":13},"end":{"line":167,"column":70}},"59":{"start":{"line":167,"column":2},"end":{"line":167,"column":69}}},"fnMap":{"0":{"name":"(anonymous_6)","decl":{"start":{"line":14,"column":0},"end":{"line":14,"column":11}},"loc":{"start":{"line":14,"column":27},"end":{"line":17,"column":1}}},"1":{"name":"addOrUpdateFlag","decl":{"start":{"line":26,"column":0},"end":{"line":27,"column":1}},"loc":{"start":{"line":28,"column":37},"end":{"line":43,"column":1}}},"2":{"name":"removeFlag","decl":{"start":{"line":45,"column":0},"end":{"line":46,"column":1}},"loc":{"start":{"line":46,"column":36},"end":{"line":56,"column":1}}},"3":{"name":"(anonymous_9)","decl":{"start":{"line":59,"column":21},"end":{"line":null,"column":-1}},"loc":{"start":{"line":59,"column":21},"end":{"line":115,"column":1}}},"4":{"name":"cleanAsync","decl":{"start":{"line":60,"column":9},"end":{"line":61,"column":3}},"loc":{"start":{"line":62,"column":22},"end":{"line":114,"column":3}}},"5":{"name":"(anonymous_12)","decl":{"start":{"line":70,"column":6},"end":{"line":70,"column":9}},"loc":{"start":{"line":70,"column":14},"end":{"line":70,"column":35}}},"6":{"name":"(anonymous_13)","decl":{"start":{"line":76,"column":23},"end":{"line":76,"column":26}},"loc":{"start":{"line":76,"column":30},"end":{"line":79,"column":9}}},"7":{"name":"(anonymous_14)","decl":{"start":{"line":92,"column":24},"end":{"line":92,"column":27}},"loc":{"start":{"line":92,"column":31},"end":{"line":108,"column":9}}},"8":{"name":"flagsReducer","decl":{"start":{"line":119,"column":0},"end":{"line":120,"column":1}},"loc":{"start":{"line":121,"column":16},"end":{"line":137,"column":1}}},"9":{"name":"(anonymous_16)","decl":{"start":{"line":141,"column":29},"end":{"line":141,"column":30}},"loc":{"start":{"line":141,"column":78},"end":{"line":143,"column":1}}},"10":{"name":"(anonymous_17)","decl":{"start":{"line":145,"column":46},"end":{"line":146,"column":2}},"loc":{"start":{"line":149,"column":5},"end":{"line":149,"column":74}}},"11":{"name":"(anonymous_18)","decl":{"start":{"line":151,"column":35},"end":{"line":152,"column":2}},"loc":{"start":{"line":154,"column":5},"end":{"line":154,"column":76}}},"12":{"name":"(anonymous_19)","decl":{"start":{"line":156,"column":36},"end":{"line":157,"column":2}},"loc":{"start":{"line":159,"column":5},"end":{"line":159,"column":77}}},"13":{"name":"(anonymous_20)","decl":{"start":{"line":161,"column":35},"end":{"line":162,"column":2}},"loc":{"start":{"line":164,"column":5},"end":{"line":164,"column":76}}},"14":{"name":"(anonymous_21)","decl":{"start":{"line":166,"column":31},"end":{"line":166,"column":32}},"loc":{"start":{"line":167,"column":2},"end":{"line":167,"column":69}}}},"branchMap":{"0":{"loc":{"start":{"line":14,"column":12},"end":{"line":14,"column":27}},"type":"binary-expr","locations":[{"start":{"line":14,"column":12},"end":{"line":14,"column":27}},{"start":{"line":14,"column":12},"end":{"line":14,"column":27}}]},"1":{"loc":{"start":{"line":30,"column":2},"end":{"line":32,"column":3}},"type":"if","locations":[{"start":{"line":30,"column":2},"end":{"line":32,"column":3}},{"start":{"line":30,"column":2},"end":{"line":32,"column":3}}]},"2":{"loc":{"start":{"line":30,"column":6},"end":{"line":30,"column":16}},"type":"binary-expr","locations":[{"start":{"line":30,"column":6},"end":{"line":30,"column":16}},{"start":{"line":30,"column":20},"end":{"line":30,"column":47}},{"start":{"line":30,"column":51},"end":{"line":30,"column":69}}]},"3":{"loc":{"start":{"line":33,"column":2},"end":{"line":37,"column":3}},"type":"if","locations":[{"start":{"line":33,"column":2},"end":{"line":37,"column":3}},{"start":{"line":33,"column":2},"end":{"line":37,"column":3}}]},"4":{"loc":{"start":{"line":33,"column":6},"end":{"line":33,"column":11}},"type":"binary-expr","locations":[{"start":{"line":33,"column":6},"end":{"line":33,"column":11}},{"start":{"line":33,"column":15},"end":{"line":33,"column":27}}]},"5":{"loc":{"start":{"line":48,"column":2},"end":{"line":50,"column":3}},"type":"if","locations":[{"start":{"line":48,"column":2},"end":{"line":50,"column":3}},{"start":{"line":48,"column":2},"end":{"line":50,"column":3}}]},"6":{"loc":{"start":{"line":73,"column":4},"end":{"line":84,"column":5}},"type":"if","locations":[{"start":{"line":73,"column":4},"end":{"line":84,"column":5}},{"start":{"line":73,"column":4},"end":{"line":84,"column":5}}]},"7":{"loc":{"start":{"line":90,"column":4},"end":{"line":110,"column":5}},"type":"if","locations":[{"start":{"line":90,"column":4},"end":{"line":110,"column":5}},{"start":{"line":90,"column":4},"end":{"line":110,"column":5}}]},"8":{"loc":{"start":{"line":97,"column":10},"end":{"line":97,"column":33}},"type":"if","locations":[{"start":{"line":97,"column":10},"end":{"line":97,"column":33}},{"start":{"line":97,"column":10},"end":{"line":97,"column":33}}]},"9":{"loc":{"start":{"line":100,"column":10},"end":{"line":107,"column":11}},"type":"if","locations":[{"start":{"line":100,"column":10},"end":{"line":107,"column":11}},{"start":{"line":100,"column":10},"end":{"line":107,"column":11}}]},"10":{"loc":{"start":{"line":120,"column":22},"end":{"line":120,"column":24}},"type":"default-arg","locations":[{"start":{"line":120,"column":22},"end":{"line":120,"column":24}}]},"11":{"loc":{"start":{"line":124,"column":4},"end":{"line":126,"column":5}},"type":"switch","locations":[{"start":{"line":124,"column":4},"end":{"line":126,"column":5}},{"start":{"line":127,"column":4},"end":{"line":129,"column":5}},{"start":{"line":130,"column":4},"end":{"line":132,"column":5}},{"start":{"line":133,"column":4},"end":{"line":135,"column":5}}]}},"s":{"0":6,"1":6,"2":6,"3":6,"4":6,"5":6,"6":6,"7":6,"8":6,"9":15,"10":1,"11":14,"12":2,"13":12,"14":6,"15":3,"16":1,"17":2,"18":6,"19":6,"20":3,"21":5,"22":5,"23":0,"24":5,"25":0,"26":0,"27":0,"28":0,"29":5,"30":5,"31":5,"32":0,"33":0,"34":0,"35":0,"36":0,"37":0,"38":0,"39":0,"40":0,"41":5,"42":29,"43":6,"44":1,"45":2,"46":20,"47":6,"48":6,"49":26,"50":6,"51":1,"52":6,"53":9,"54":6,"55":5,"56":6,"57":4,"58":6,"59":1},"f":{"0":6,"1":15,"2":3,"3":3,"4":5,"5":0,"6":0,"7":0,"8":29,"9":26,"10":1,"11":9,"12":5,"13":4,"14":1},"b":{"0":[6,6],"1":[1,14],"2":[15,15,14],"3":[2,12],"4":[14,13],"5":[1,2],"6":[0,5],"7":[0,5],"8":[0,0],"9":[0,0],"10":[17],"11":[6,1,2,20]}}
,"/Users/heysailor/dev/redux-worker-queue/src/flag/flag.ts": {"path":"/Users/heysailor/dev/redux-worker-queue/src/flag/flag.ts","statementMap":{"0":{"start":{"line":4,"column":0},"end":{"line":4,"column":44}},"1":{"start":{"line":8,"column":11},"end":{"line":8,"column":36}},"2":{"start":{"line":12,"column":11},"end":{"line":12,"column":46}},"3":{"start":{"line":15,"column":4},"end":{"line":17,"column":5}},"4":{"start":{"line":16,"column":6},"end":{"line":16,"column":50}},"5":{"start":{"line":19,"column":4},"end":{"line":23,"column":5}},"6":{"start":{"line":20,"column":6},"end":{"line":22,"column":8}},"7":{"start":{"line":25,"column":4},"end":{"line":25,"column":55}},"8":{"start":{"line":26,"column":4},"end":{"line":26,"column":47}},"9":{"start":{"line":27,"column":4},"end":{"line":27,"column":30}},"10":{"start":{"line":28,"column":4},"end":{"line":28,"column":38}},"11":{"start":{"line":29,"column":4},"end":{"line":33,"column":5}},"12":{"start":{"line":30,"column":6},"end":{"line":30,"column":45}},"13":{"start":{"line":32,"column":6},"end":{"line":32,"column":32}},"14":{"start":{"line":6,"column":0},"end":{"line":35,"column":1}}},"fnMap":{"0":{"name":"(anonymous_0)","decl":{"start":{"line":14,"column":2},"end":{"line":14,"column":13}},"loc":{"start":{"line":14,"column":72},"end":{"line":34,"column":3}}}},"branchMap":{"0":{"loc":{"start":{"line":15,"column":4},"end":{"line":17,"column":5}},"type":"if","locations":[{"start":{"line":15,"column":4},"end":{"line":17,"column":5}},{"start":{"line":15,"column":4},"end":{"line":17,"column":5}}]},"1":{"loc":{"start":{"line":19,"column":4},"end":{"line":23,"column":5}},"type":"if","locations":[{"start":{"line":19,"column":4},"end":{"line":23,"column":5}},{"start":{"line":19,"column":4},"end":{"line":23,"column":5}}]},"2":{"loc":{"start":{"line":26,"column":24},"end":{"line":26,"column":41}},"type":"binary-expr","locations":[{"start":{"line":26,"column":24},"end":{"line":26,"column":41}},{"start":{"line":26,"column":45},"end":{"line":26,"column":46}}]},"3":{"loc":{"start":{"line":29,"column":4},"end":{"line":33,"column":5}},"type":"if","locations":[{"start":{"line":29,"column":4},"end":{"line":33,"column":5}},{"start":{"line":29,"column":4},"end":{"line":33,"column":5}}]}},"s":{"0":6,"1":26,"2":26,"3":26,"4":0,"5":26,"6":1,"7":25,"8":25,"9":25,"10":25,"11":25,"12":25,"13":0,"14":6},"f":{"0":26},"b":{"0":[0,26],"1":[1,25],"2":[25,23],"3":[25,0]}}
,"/Users/heysailor/dev/redux-worker-queue/src/flag/index.ts": {"path":"/Users/heysailor/dev/redux-worker-queue/src/flag/index.ts","statementMap":{"0":{"start":{"line":1,"column":0},"end":{"line":1,"column":30}},"1":{"start":{"line":1,"column":9},"end":{"line":1,"column":13}},"2":{"start":{"line":2,"column":0},"end":{"line":2,"column":33}},"3":{"start":{"line":2,"column":9},"end":{"line":2,"column":17}}},"fnMap":{},"branchMap":{},"s":{"0":6,"1":6,"2":6,"3":6},"f":{},"b":{}}
,"/Users/heysailor/dev/redux-worker-queue/src/flush/duck.ts": {"path":"/Users/heysailor/dev/redux-worker-queue/src/flush/duck.ts","statementMap":{"0":{"start":{"line":2,"column":0},"end":{"line":2,"column":59}},"1":{"start":{"line":8,"column":0},"end":{"line":8,"column":45}},"2":{"start":{"line":9,"column":0},"end":{"line":9,"column":40}},"3":{"start":{"line":10,"column":0},"end":{"line":19,"column":21}},"4":{"start":{"line":20,"column":0},"end":{"line":20,"column":34}},"5":{"start":{"line":21,"column":0},"end":{"line":21,"column":54}},"6":{"start":{"line":23,"column":0},"end":{"line":23,"column":38}},"7":{"start":{"line":25,"column":24},"end":{"line":25,"column":29}},"8":{"start":{"line":28,"column":13},"end":{"line":118,"column":2}},"9":{"start":{"line":29,"column":2},"end":{"line":117,"column":4}},"10":{"start":{"line":31,"column":4},"end":{"line":33,"column":5}},"11":{"start":{"line":32,"column":6},"end":{"line":32,"column":13}},"12":{"start":{"line":34,"column":4},"end":{"line":34,"column":21}},"13":{"start":{"line":37,"column":4},"end":{"line":37,"column":28}},"14":{"start":{"line":40,"column":4},"end":{"line":40,"column":18}},"15":{"start":{"line":42,"column":4},"end":{"line":42,"column":21}},"16":{"start":{"line":43,"column":4},"end":{"line":43,"column":16}},"17":{"start":{"line":47,"column":20},"end":{"line":47,"column":30}},"18":{"start":{"line":51,"column":27},"end":{"line":51,"column":64}},"19":{"start":{"line":52,"column":6},"end":{"line":52,"column":63}},"20":{"start":{"line":52,"column":51},"end":{"line":52,"column":63}},"21":{"start":{"line":55,"column":43},"end":{"line":58,"column":7}},"22":{"start":{"line":59,"column":6},"end":{"line":59,"column":65}},"23":{"start":{"line":59,"column":53},"end":{"line":59,"column":65}},"24":{"start":{"line":62,"column":6},"end":{"line":62,"column":45}},"25":{"start":{"line":65,"column":6},"end":{"line":65,"column":20}},"26":{"start":{"line":69,"column":8},"end":{"line":69,"column":68}},"27":{"start":{"line":72,"column":8},"end":{"line":72,"column":25}},"28":{"start":{"line":75,"column":22},"end":{"line":75,"column":32}},"29":{"start":{"line":76,"column":21},"end":{"line":80,"column":9}},"30":{"start":{"line":83,"column":8},"end":{"line":89,"column":9}},"31":{"start":{"line":84,"column":10},"end":{"line":88,"column":12}},"32":{"start":{"line":91,"column":23},"end":{"line":91,"column":71}},"33":{"start":{"line":94,"column":25},"end":{"line":94,"column":56}},"34":{"start":{"line":95,"column":28},"end":{"line":95,"column":55}},"35":{"start":{"line":98,"column":8},"end":{"line":111,"column":9}},"36":{"start":{"line":100,"column":10},"end":{"line":100,"column":77}},"37":{"start":{"line":101,"column":15},"end":{"line":111,"column":9}},"38":{"start":{"line":103,"column":10},"end":{"line":103,"column":77}},"39":{"start":{"line":106,"column":10},"end":{"line":110,"column":13}},"40":{"start":{"line":112,"column":8},"end":{"line":112,"column":56}},"41":{"start":{"line":113,"column":8},"end":{"line":113,"column":25}},"42":{"start":{"line":114,"column":8},"end":{"line":114,"column":20}},"43":{"start":{"line":123,"column":19},"end":{"line":130,"column":3}},"44":{"start":{"line":131,"column":2},"end":{"line":135,"column":4}},"45":{"start":{"line":122,"column":0},"end":{"line":136,"column":1}}},"fnMap":{"0":{"name":"(anonymous_6)","decl":{"start":{"line":28,"column":26},"end":{"line":null,"column":-1}},"loc":{"start":{"line":28,"column":26},"end":{"line":118,"column":1}}},"1":{"name":"(anonymous_7)","decl":{"start":{"line":29,"column":9},"end":{"line":29,"column":23}},"loc":{"start":{"line":29,"column":73},"end":{"line":117,"column":3}}},"2":{"name":"flush","decl":{"start":{"line":45,"column":4},"end":{"line":null,"column":-1}},"loc":{"start":{"line":45,"column":4},"end":{"line":116,"column":5}}},"3":{"name":"flaggedWorker","decl":{"start":{"line":67,"column":6},"end":{"line":67,"column":34}},"loc":{"start":{"line":67,"column":56},"end":{"line":115,"column":7}}},"4":{"name":"flushableItemsSelector","decl":{"start":{"line":122,"column":0},"end":{"line":122,"column":38}},"loc":{"start":{"line":122,"column":72},"end":{"line":136,"column":1}}}},"branchMap":{"0":{"loc":{"start":{"line":31,"column":4},"end":{"line":33,"column":5}},"type":"if","locations":[{"start":{"line":31,"column":4},"end":{"line":33,"column":5}},{"start":{"line":31,"column":4},"end":{"line":33,"column":5}}]},"1":{"loc":{"start":{"line":52,"column":6},"end":{"line":52,"column":63}},"type":"if","locations":[{"start":{"line":52,"column":6},"end":{"line":52,"column":63}},{"start":{"line":52,"column":6},"end":{"line":52,"column":63}}]},"2":{"loc":{"start":{"line":59,"column":6},"end":{"line":59,"column":65}},"type":"if","locations":[{"start":{"line":59,"column":6},"end":{"line":59,"column":65}},{"start":{"line":59,"column":6},"end":{"line":59,"column":65}}]},"3":{"loc":{"start":{"line":59,"column":10},"end":{"line":59,"column":25}},"type":"binary-expr","locations":[{"start":{"line":59,"column":10},"end":{"line":59,"column":25}},{"start":{"line":59,"column":29},"end":{"line":59,"column":51}}]},"4":{"loc":{"start":{"line":83,"column":8},"end":{"line":89,"column":9}},"type":"if","locations":[{"start":{"line":83,"column":8},"end":{"line":89,"column":9}},{"start":{"line":83,"column":8},"end":{"line":89,"column":9}}]},"5":{"loc":{"start":{"line":98,"column":8},"end":{"line":111,"column":9}},"type":"if","locations":[{"start":{"line":98,"column":8},"end":{"line":111,"column":9}},{"start":{"line":98,"column":8},"end":{"line":111,"column":9}}]},"6":{"loc":{"start":{"line":98,"column":12},"end":{"line":98,"column":22}},"type":"binary-expr","locations":[{"start":{"line":98,"column":12},"end":{"line":98,"column":22}},{"start":{"line":98,"column":26},"end":{"line":98,"column":37}}]},"7":{"loc":{"start":{"line":101,"column":15},"end":{"line":111,"column":9}},"type":"if","locations":[{"start":{"line":101,"column":15},"end":{"line":111,"column":9}},{"start":{"line":101,"column":15},"end":{"line":111,"column":9}}]},"8":{"loc":{"start":{"line":101,"column":19},"end":{"line":101,"column":28}},"type":"binary-expr","locations":[{"start":{"line":101,"column":19},"end":{"line":101,"column":28}},{"start":{"line":101,"column":32},"end":{"line":101,"column":44}}]}},"s":{"0":6,"1":6,"2":6,"3":6,"4":6,"5":6,"6":6,"7":6,"8":6,"9":1,"10":1,"11":0,"12":1,"13":1,"14":1,"15":1,"16":1,"17":1,"18":1,"19":1,"20":0,"21":1,"22":1,"23":1,"24":0,"25":0,"26":0,"27":0,"28":0,"29":0,"30":0,"31":0,"32":0,"33":0,"34":0,"35":0,"36":0,"37":0,"38":0,"39":0,"40":0,"41":0,"42":0,"43":3,"44":3,"45":6},"f":{"0":1,"1":1,"2":1,"3":0,"4":3},"b":{"0":[0,1],"1":[0,1],"2":[1,0],"3":[1,1],"4":[0,0],"5":[0,0],"6":[0,0],"7":[0,0],"8":[0,0]}}
,"/Users/heysailor/dev/redux-worker-queue/src/flush/worker.ts": {"path":"/Users/heysailor/dev/redux-worker-queue/src/flush/worker.ts","statementMap":{"0":{"start":{"line":2,"column":0},"end":{"line":2,"column":41}},"1":{"start":{"line":7,"column":13},"end":{"line":7,"column":60}},"2":{"start":{"line":15,"column":4},"end":{"line":15,"column":26}},"3":{"start":{"line":16,"column":4},"end":{"line":16,"column":21}},"4":{"start":{"line":17,"column":4},"end":{"line":17,"column":64}},"5":{"start":{"line":21,"column":4},"end":{"line":28,"column":5}},"6":{"start":{"line":23,"column":6},"end":{"line":27,"column":8}},"7":{"start":{"line":29,"column":20},"end":{"line":29,"column":57}},"8":{"start":{"line":32,"column":4},"end":{"line":34,"column":5}},"9":{"start":{"line":33,"column":6},"end":{"line":33,"column":43}},"10":{"start":{"line":37,"column":4},"end":{"line":52,"column":5}},"11":{"start":{"line":38,"column":6},"end":{"line":38,"column":32}},"12":{"start":{"line":40,"column":6},"end":{"line":49,"column":7}},"13":{"start":{"line":41,"column":8},"end":{"line":48,"column":10}},"14":{"start":{"line":51,"column":6},"end":{"line":51,"column":44}},"15":{"start":{"line":9,"column":0},"end":{"line":54,"column":1}}},"fnMap":{"0":{"name":"(anonymous_6)","decl":{"start":{"line":14,"column":2},"end":{"line":14,"column":13}},"loc":{"start":{"line":14,"column":52},"end":{"line":18,"column":3}}},"1":{"name":"(anonymous_7)","decl":{"start":{"line":20,"column":15},"end":{"line":20,"column":21}},"loc":{"start":{"line":20,"column":22},"end":{"line":53,"column":3}}}},"branchMap":{"0":{"loc":{"start":{"line":21,"column":4},"end":{"line":28,"column":5}},"type":"if","locations":[{"start":{"line":21,"column":4},"end":{"line":28,"column":5}},{"start":{"line":21,"column":4},"end":{"line":28,"column":5}}]},"1":{"loc":{"start":{"line":21,"column":8},"end":{"line":21,"column":22}},"type":"binary-expr","locations":[{"start":{"line":21,"column":8},"end":{"line":21,"column":22}},{"start":{"line":21,"column":26},"end":{"line":21,"column":47}}]},"2":{"loc":{"start":{"line":32,"column":4},"end":{"line":34,"column":5}},"type":"if","locations":[{"start":{"line":32,"column":4},"end":{"line":34,"column":5}},{"start":{"line":32,"column":4},"end":{"line":34,"column":5}}]},"3":{"loc":{"start":{"line":40,"column":6},"end":{"line":49,"column":7}},"type":"if","locations":[{"start":{"line":40,"column":6},"end":{"line":49,"column":7}},{"start":{"line":40,"column":6},"end":{"line":49,"column":7}}]},"4":{"loc":{"start":{"line":40,"column":10},"end":{"line":40,"column":17}},"type":"binary-expr","locations":[{"start":{"line":40,"column":10},"end":{"line":40,"column":17}},{"start":{"line":40,"column":21},"end":{"line":40,"column":34}}]}},"s":{"0":6,"1":6,"2":0,"3":0,"4":0,"5":0,"6":0,"7":0,"8":0,"9":0,"10":0,"11":0,"12":0,"13":0,"14":0,"15":6},"f":{"0":0,"1":0},"b":{"0":[0,0],"1":[0,0],"2":[0,0],"3":[0,0],"4":[0,0]}}
,"/Users/heysailor/dev/redux-worker-queue/src/queue/duck.ts": {"path":"/Users/heysailor/dev/redux-worker-queue/src/queue/duck.ts","statementMap":{"0":{"start":{"line":1,"column":0},"end":{"line":1,"column":34}},"1":{"start":{"line":4,"column":0},"end":{"line":4,"column":66}},"2":{"start":{"line":5,"column":0},"end":{"line":5,"column":37}},"3":{"start":{"line":7,"column":0},"end":{"line":7,"column":39}},"4":{"start":{"line":9,"column":0},"end":{"line":12,"column":1}},"5":{"start":{"line":10,"column":2},"end":{"line":10,"column":52}},"6":{"start":{"line":11,"column":2},"end":{"line":11,"column":38}},"7":{"start":{"line":19,"column":2},"end":{"line":22,"column":4}},"8":{"start":{"line":16,"column":0},"end":{"line":23,"column":1}},"9":{"start":{"line":26,"column":13},"end":{"line":33,"column":2}},"10":{"start":{"line":29,"column":2},"end":{"line":32,"column":4}},"11":{"start":{"line":40,"column":2},"end":{"line":53,"column":3}},"12":{"start":{"line":42,"column":6},"end":{"line":42,"column":64}},"13":{"start":{"line":45,"column":6},"end":{"line":45,"column":59}},"14":{"start":{"line":48,"column":6},"end":{"line":48,"column":16}},"15":{"start":{"line":51,"column":6},"end":{"line":51,"column":19}},"16":{"start":{"line":36,"column":0},"end":{"line":54,"column":1}},"17":{"start":{"line":58,"column":13},"end":{"line":59,"column":49}},"18":{"start":{"line":59,"column":2},"end":{"line":59,"column":48}}},"fnMap":{"0":{"name":"(anonymous_0)","decl":{"start":{"line":9,"column":0},"end":{"line":9,"column":11}},"loc":{"start":{"line":9,"column":28},"end":{"line":12,"column":1}}},"1":{"name":"addOrUpdateItem","decl":{"start":{"line":16,"column":0},"end":{"line":17,"column":1}},"loc":{"start":{"line":17,"column":44},"end":{"line":23,"column":1}}},"2":{"name":"(anonymous_2)","decl":{"start":{"line":26,"column":26},"end":{"line":27,"column":2}},"loc":{"start":{"line":28,"column":28},"end":{"line":33,"column":1}}},"3":{"name":"queueReducer","decl":{"start":{"line":36,"column":0},"end":{"line":37,"column":1}},"loc":{"start":{"line":38,"column":16},"end":{"line":54,"column":1}}},"4":{"name":"(anonymous_4)","decl":{"start":{"line":58,"column":29},"end":{"line":58,"column":30}},"loc":{"start":{"line":59,"column":2},"end":{"line":59,"column":48}}}},"branchMap":{"0":{"loc":{"start":{"line":9,"column":12},"end":{"line":9,"column":28}},"type":"binary-expr","locations":[{"start":{"line":9,"column":12},"end":{"line":9,"column":28}},{"start":{"line":9,"column":12},"end":{"line":9,"column":28}}]},"1":{"loc":{"start":{"line":37,"column":23},"end":{"line":37,"column":25}},"type":"default-arg","locations":[{"start":{"line":37,"column":23},"end":{"line":37,"column":25}}]},"2":{"loc":{"start":{"line":41,"column":4},"end":{"line":43,"column":5}},"type":"switch","locations":[{"start":{"line":41,"column":4},"end":{"line":43,"column":5}},{"start":{"line":44,"column":4},"end":{"line":46,"column":5}},{"start":{"line":47,"column":4},"end":{"line":49,"column":5}},{"start":{"line":50,"column":4},"end":{"line":52,"column":5}}]}},"s":{"0":6,"1":6,"2":6,"3":6,"4":6,"5":6,"6":6,"7":13,"8":6,"9":6,"10":4,"11":32,"12":11,"13":3,"14":2,"15":16,"16":6,"17":6,"18":14},"f":{"0":6,"1":13,"2":4,"3":32,"4":14},"b":{"0":[6,6],"1":[13],"2":[11,3,2,16]}}
,"/Users/heysailor/dev/redux-worker-queue/src/queue/index.ts": {"path":"/Users/heysailor/dev/redux-worker-queue/src/queue/index.ts","statementMap":{"0":{"start":{"line":1,"column":0},"end":{"line":1,"column":31}},"1":{"start":{"line":1,"column":9},"end":{"line":1,"column":14}},"2":{"start":{"line":2,"column":0},"end":{"line":2,"column":34}},"3":{"start":{"line":2,"column":9},"end":{"line":2,"column":18}}},"fnMap":{},"branchMap":{},"s":{"0":1,"1":1,"2":1,"3":1},"f":{},"b":{}}
,"/Users/heysailor/dev/redux-worker-queue/src/queue/item.ts": {"path":"/Users/heysailor/dev/redux-worker-queue/src/queue/item.ts","statementMap":{"0":{"start":{"line":1,"column":0},"end":{"line":1,"column":29}},"1":{"start":{"line":2,"column":0},"end":{"line":2,"column":40}},"2":{"start":{"line":6,"column":11},"end":{"line":6,"column":29}},"3":{"start":{"line":7,"column":11},"end":{"line":7,"column":32}},"4":{"start":{"line":8,"column":11},"end":{"line":8,"column":41}},"5":{"start":{"line":9,"column":11},"end":{"line":9,"column":67}},"6":{"start":{"line":10,"column":11},"end":{"line":10,"column":51}},"7":{"start":{"line":13,"column":17},"end":{"line":13,"column":46}},"8":{"start":{"line":14,"column":4},"end":{"line":14,"column":37}},"9":{"start":{"line":5,"column":0},"end":{"line":16,"column":1}}},"fnMap":{"0":{"name":"(anonymous_1)","decl":{"start":{"line":12,"column":2},"end":{"line":12,"column":13}},"loc":{"start":{"line":12,"column":51},"end":{"line":15,"column":3}}}},"branchMap":{},"s":{"0":7,"1":7,"2":17,"3":17,"4":17,"5":17,"6":17,"7":17,"8":17,"9":7},"f":{"0":17},"b":{}}
,"/Users/heysailor/dev/redux-worker-queue/src/util/collections.ts": {"path":"/Users/heysailor/dev/redux-worker-queue/src/util/collections.ts","statementMap":{"0":{"start":{"line":1,"column":0},"end":{"line":1,"column":48}},"1":{"start":{"line":2,"column":0},"end":{"line":2,"column":41}},"2":{"start":{"line":6,"column":2},"end":{"line":6,"column":67}},"3":{"start":{"line":6,"column":36},"end":{"line":6,"column":65}},"4":{"start":{"line":5,"column":0},"end":{"line":7,"column":1}},"5":{"start":{"line":11,"column":2},"end":{"line":15,"column":4}},"6":{"start":{"line":10,"column":0},"end":{"line":16,"column":1}},"7":{"start":{"line":23,"column":2},"end":{"line":26,"column":4}},"8":{"start":{"line":25,"column":26},"end":{"line":25,"column":68}},"9":{"start":{"line":19,"column":0},"end":{"line":27,"column":1}}},"fnMap":{"0":{"name":"uniqueItems","decl":{"start":{"line":5,"column":0},"end":{"line":5,"column":49}},"loc":{"start":{"line":5,"column":60},"end":{"line":7,"column":1}}},"1":{"name":"(anonymous_1)","decl":{"start":{"line":6,"column":23},"end":{"line":6,"column":24}},"loc":{"start":{"line":6,"column":36},"end":{"line":6,"column":65}}},"2":{"name":"orderedItems","decl":{"start":{"line":10,"column":0},"end":{"line":10,"column":50}},"loc":{"start":{"line":10,"column":61},"end":{"line":16,"column":1}}},"3":{"name":"rejectedItems","decl":{"start":{"line":19,"column":0},"end":{"line":20,"column":1}},"loc":{"start":{"line":21,"column":36},"end":{"line":27,"column":1}}},"4":{"name":"(anonymous_4)","decl":{"start":{"line":25,"column":4},"end":{"line":25,"column":5}},"loc":{"start":{"line":25,"column":26},"end":{"line":25,"column":68}}}},"branchMap":{"0":{"loc":{"start":{"line":6,"column":36},"end":{"line":6,"column":40}},"type":"binary-expr","locations":[{"start":{"line":6,"column":36},"end":{"line":6,"column":40}},{"start":{"line":6,"column":44},"end":{"line":6,"column":65}}]}},"s":{"0":6,"1":6,"2":17,"3":36,"4":6,"5":11,"6":6,"7":4,"8":8,"9":6},"f":{"0":17,"1":36,"2":11,"3":4,"4":8},"b":{"0":[36,36]}}
,"/Users/heysailor/dev/redux-worker-queue/src/util/hash.ts": {"path":"/Users/heysailor/dev/redux-worker-queue/src/util/hash.ts","statementMap":{"0":{"start":{"line":1,"column":0},"end":{"line":1,"column":21}},"1":{"start":{"line":3,"column":13},"end":{"line":32,"column":4}},"2":{"start":{"line":4,"column":20},"end":{"line":24,"column":3}},"3":{"start":{"line":6,"column":17},"end":{"line":6,"column":30}},"4":{"start":{"line":7,"column":25},"end":{"line":7,"column":27}},"5":{"start":{"line":9,"column":4},"end":{"line":21,"column":5}},"6":{"start":{"line":14,"column":6},"end":{"line":16,"column":7}},"7":{"start":{"line":15,"column":8},"end":{"line":15,"column":78}},"8":{"start":{"line":17,"column":11},"end":{"line":21,"column":5}},"9":{"start":{"line":18,"column":6},"end":{"line":18,"column":57}},"10":{"start":{"line":20,"column":6},"end":{"line":20,"column":46}},"11":{"start":{"line":23,"column":4},"end":{"line":23,"column":45}},"12":{"start":{"line":27,"column":2},"end":{"line":31,"column":4}},"13":{"start":{"line":29,"column":6},"end":{"line":29,"column":36}},"14":{"start":{"line":34,"column":9},"end":{"line":34,"column":13}}},"fnMap":{"0":{"name":"hashConstructor","decl":{"start":{"line":3,"column":14},"end":{"line":null,"column":-1}},"loc":{"start":{"line":3,"column":14},"end":{"line":32,"column":1}}},"1":{"name":"hashObject","decl":{"start":{"line":4,"column":20},"end":{"line":4,"column":39}},"loc":{"start":{"line":4,"column":51},"end":{"line":24,"column":3}}}},"branchMap":{"0":{"loc":{"start":{"line":9,"column":4},"end":{"line":21,"column":5}},"type":"if","locations":[{"start":{"line":9,"column":4},"end":{"line":21,"column":5}},{"start":{"line":9,"column":4},"end":{"line":21,"column":5}}]},"1":{"loc":{"start":{"line":17,"column":11},"end":{"line":21,"column":5}},"type":"if","locations":[{"start":{"line":17,"column":11},"end":{"line":21,"column":5}},{"start":{"line":17,"column":11},"end":{"line":21,"column":5}}]}},"s":{"0":6,"1":6,"2":6,"3":160,"4":160,"5":160,"6":75,"7":135,"8":85,"9":0,"10":85,"11":160,"12":6,"13":25,"14":6},"f":{"0":6,"1":160},"b":{"0":[75,85],"1":[0,85]}}
,"/Users/heysailor/dev/redux-worker-queue/src/util/index.ts": {"path":"/Users/heysailor/dev/redux-worker-queue/src/util/index.ts","statementMap":{"0":{"start":{"line":1,"column":0},"end":{"line":1,"column":23}},"1":{"start":{"line":2,"column":0},"end":{"line":2,"column":30}},"2":{"start":{"line":3,"column":0},"end":{"line":3,"column":28}},"3":{"start":{"line":4,"column":0},"end":{"line":4,"column":27}}},"fnMap":{},"branchMap":{},"s":{"0":6,"1":6,"2":6,"3":6},"f":{},"b":{}}
,"/Users/heysailor/dev/redux-worker-queue/src/util/nextTick.ts": {"path":"/Users/heysailor/dev/redux-worker-queue/src/util/nextTick.ts","statementMap":{"0":{"start":{"line":1,"column":13},"end":{"line":3,"column":2}},"1":{"start":{"line":2,"column":2},"end":{"line":2,"column":64}},"2":{"start":{"line":2,"column":32},"end":{"line":2,"column":62}},"3":{"start":{"line":2,"column":49},"end":{"line":2,"column":58}}},"fnMap":{"0":{"name":"(anonymous_0)","decl":{"start":{"line":1,"column":34},"end":{"line":1,"column":36}},"loc":{"start":{"line":1,"column":39},"end":{"line":3,"column":1}}},"1":{"name":"(anonymous_1)","decl":{"start":{"line":2,"column":21},"end":{"line":2,"column":27}},"loc":{"start":{"line":2,"column":32},"end":{"line":2,"column":62}}},"2":{"name":"(anonymous_2)","decl":{"start":{"line":2,"column":43},"end":{"line":2,"column":45}},"loc":{"start":{"line":2,"column":49},"end":{"line":2,"column":58}}}},"branchMap":{},"s":{"0":6,"1":2,"2":2,"3":2},"f":{"0":2,"1":2,"2":2},"b":{}}
,"/Users/heysailor/dev/redux-worker-queue/src/util/timestamp.ts": {"path":"/Users/heysailor/dev/redux-worker-queue/src/util/timestamp.ts","statementMap":{"0":{"start":{"line":2,"column":2},"end":{"line":2,"column":49}},"1":{"start":{"line":1,"column":0},"end":{"line":3,"column":1}}},"fnMap":{"0":{"name":"getTimestamp","decl":{"start":{"line":1,"column":0},"end":{"line":null,"column":-1}},"loc":{"start":{"line":1,"column":0},"end":{"line":3,"column":1}}}},"branchMap":{},"s":{"0":26,"1":6},"f":{"0":26},"b":{}}
}
