{"/Users/heysailor/dev/redux-worker-queue/src/WorkerQueue.ts": {"path":"/Users/heysailor/dev/redux-worker-queue/src/WorkerQueue.ts","statementMap":{"0":{"start":{"line":1,"column":0},"end":{"line":8,"column":15}},"1":{"start":{"line":9,"column":0},"end":{"line":9,"column":29}},"2":{"start":{"line":11,"column":0},"end":{"line":11,"column":42}},"3":{"start":{"line":12,"column":0},"end":{"line":12,"column":41}},"4":{"start":{"line":23,"column":0},"end":{"line":23,"column":41}},"5":{"start":{"line":24,"column":0},"end":{"line":24,"column":41}},"6":{"start":{"line":25,"column":0},"end":{"line":25,"column":34}},"7":{"start":{"line":26,"column":0},"end":{"line":26,"column":39}},"8":{"start":{"line":27,"column":0},"end":{"line":27,"column":33}},"9":{"start":{"line":30,"column":20},"end":{"line":30,"column":23}},"10":{"start":{"line":34,"column":9},"end":{"line":34,"column":50}},"11":{"start":{"line":35,"column":11},"end":{"line":35,"column":43}},"12":{"start":{"line":36,"column":9},"end":{"line":36,"column":41}},"13":{"start":{"line":37,"column":10},"end":{"line":39,"column":4}},"14":{"start":{"line":38,"column":4},"end":{"line":38,"column":59}},"15":{"start":{"line":40,"column":10},"end":{"line":40,"column":79}},"16":{"start":{"line":41,"column":11},"end":{"line":47,"column":4}},"17":{"start":{"line":53,"column":4},"end":{"line":55,"column":5}},"18":{"start":{"line":54,"column":6},"end":{"line":54,"column":48}},"19":{"start":{"line":57,"column":4},"end":{"line":61,"column":5}},"20":{"start":{"line":58,"column":6},"end":{"line":60,"column":8}},"21":{"start":{"line":63,"column":4},"end":{"line":72,"column":5}},"22":{"start":{"line":64,"column":6},"end":{"line":68,"column":7}},"23":{"start":{"line":65,"column":8},"end":{"line":67,"column":10}},"24":{"start":{"line":69,"column":6},"end":{"line":71,"column":7}},"25":{"start":{"line":70,"column":8},"end":{"line":70,"column":52}},"26":{"start":{"line":75,"column":4},"end":{"line":81,"column":6}},"27":{"start":{"line":83,"column":4},"end":{"line":87,"column":5}},"28":{"start":{"line":84,"column":6},"end":{"line":84,"column":56}},"29":{"start":{"line":84,"column":23},"end":{"line":84,"column":54}},"30":{"start":{"line":86,"column":6},"end":{"line":86,"column":40}},"31":{"start":{"line":89,"column":4},"end":{"line":89,"column":20}},"32":{"start":{"line":95,"column":4},"end":{"line":97,"column":5}},"33":{"start":{"line":96,"column":6},"end":{"line":96,"column":75}},"34":{"start":{"line":98,"column":4},"end":{"line":106,"column":5}},"35":{"start":{"line":103,"column":6},"end":{"line":105,"column":8}},"36":{"start":{"line":107,"column":4},"end":{"line":107,"column":55}},"37":{"start":{"line":109,"column":4},"end":{"line":109,"column":16}},"38":{"start":{"line":113,"column":4},"end":{"line":113,"column":41}},"39":{"start":{"line":116,"column":4},"end":{"line":116,"column":32}},"40":{"start":{"line":119,"column":4},"end":{"line":119,"column":31}},"41":{"start":{"line":122,"column":4},"end":{"line":122,"column":33}},"42":{"start":{"line":125,"column":4},"end":{"line":129,"column":5}},"43":{"start":{"line":126,"column":6},"end":{"line":128,"column":8}},"44":{"start":{"line":130,"column":4},"end":{"line":130,"column":34}},"45":{"start":{"line":135,"column":29},"end":{"line":135,"column":72}},"46":{"start":{"line":136,"column":4},"end":{"line":136,"column":80}},"47":{"start":{"line":137,"column":4},"end":{"line":137,"column":28}},"48":{"start":{"line":142,"column":4},"end":{"line":142,"column":21}},"49":{"start":{"line":143,"column":4},"end":{"line":146,"column":6}},"50":{"start":{"line":149,"column":4},"end":{"line":149,"column":62}},"51":{"start":{"line":152,"column":4},"end":{"line":152,"column":41}},"52":{"start":{"line":155,"column":4},"end":{"line":155,"column":50}},"53":{"start":{"line":158,"column":4},"end":{"line":158,"column":27}},"54":{"start":{"line":159,"column":4},"end":{"line":159,"column":22}},"55":{"start":{"line":162,"column":4},"end":{"line":162,"column":27}},"56":{"start":{"line":163,"column":4},"end":{"line":163,"column":28}},"57":{"start":{"line":166,"column":4},"end":{"line":166,"column":31}},"58":{"start":{"line":169,"column":4},"end":{"line":169,"column":37}},"59":{"start":{"line":172,"column":4},"end":{"line":174,"column":5}},"60":{"start":{"line":173,"column":6},"end":{"line":173,"column":79}},"61":{"start":{"line":177,"column":4},"end":{"line":184,"column":5}},"62":{"start":{"line":181,"column":6},"end":{"line":183,"column":7}},"63":{"start":{"line":185,"column":4},"end":{"line":185,"column":16}},"64":{"start":{"line":189,"column":0},"end":{"line":189,"column":27}},"65":{"start":{"line":192,"column":2},"end":{"line":199,"column":4}}},"fnMap":{"0":{"name":"(anonymous_8)","decl":{"start":{"line":49,"column":2},"end":{"line":50,"column":3}},"loc":{"start":{"line":51,"column":39},"end":{"line":90,"column":3}}},"1":{"name":"(anonymous_9)","decl":{"start":{"line":37,"column":33},"end":{"line":37,"column":34}},"loc":{"start":{"line":37,"column":48},"end":{"line":39,"column":3}}},"2":{"name":"(anonymous_10)","decl":{"start":{"line":84,"column":16},"end":{"line":84,"column":18}},"loc":{"start":{"line":84,"column":23},"end":{"line":84,"column":54}}},"3":{"name":"(anonymous_11)","decl":{"start":{"line":92,"column":9},"end":{"line":92,"column":29}},"loc":{"start":{"line":93,"column":40},"end":{"line":110,"column":3}}},"4":{"name":"(anonymous_12)","decl":{"start":{"line":112,"column":10},"end":{"line":112,"column":20}},"loc":{"start":{"line":112,"column":63},"end":{"line":114,"column":3}}},"5":{"name":"(anonymous_13)","decl":{"start":{"line":115,"column":9},"end":{"line":115,"column":26}},"loc":{"start":{"line":115,"column":48},"end":{"line":117,"column":3}}},"6":{"name":"(anonymous_14)","decl":{"start":{"line":118,"column":2},"end":{"line":118,"column":12}},"loc":{"start":{"line":118,"column":18},"end":{"line":120,"column":3}}},"7":{"name":"(anonymous_15)","decl":{"start":{"line":121,"column":2},"end":{"line":121,"column":12}},"loc":{"start":{"line":121,"column":20},"end":{"line":123,"column":3}}},"8":{"name":"(anonymous_16)","decl":{"start":{"line":124,"column":2},"end":{"line":124,"column":12}},"loc":{"start":{"line":124,"column":34},"end":{"line":131,"column":3}}},"9":{"name":"(anonymous_17)","decl":{"start":{"line":132,"column":9},"end":{"line":132,"column":28}},"loc":{"start":{"line":133,"column":41},"end":{"line":138,"column":3}}},"10":{"name":"(anonymous_18)","decl":{"start":{"line":139,"column":15},"end":{"line":139,"column":21}},"loc":{"start":{"line":140,"column":38},"end":{"line":147,"column":3}}},"11":{"name":"(anonymous_20)","decl":{"start":{"line":148,"column":9},"end":{"line":148,"column":18}},"loc":{"start":{"line":148,"column":54},"end":{"line":150,"column":3}}},"12":{"name":"(anonymous_21)","decl":{"start":{"line":151,"column":9},"end":{"line":151,"column":13}},"loc":{"start":{"line":151,"column":14},"end":{"line":153,"column":3}}},"13":{"name":"(anonymous_22)","decl":{"start":{"line":154,"column":9},"end":{"line":154,"column":18}},"loc":{"start":{"line":154,"column":19},"end":{"line":156,"column":3}}},"14":{"name":"(anonymous_23)","decl":{"start":{"line":157,"column":2},"end":{"line":157,"column":5}},"loc":{"start":{"line":157,"column":16},"end":{"line":160,"column":3}}},"15":{"name":"(anonymous_24)","decl":{"start":{"line":161,"column":2},"end":{"line":161,"column":5}},"loc":{"start":{"line":161,"column":14},"end":{"line":164,"column":3}}},"16":{"name":"(anonymous_25)","decl":{"start":{"line":165,"column":10},"end":{"line":165,"column":24}},"loc":{"start":{"line":165,"column":25},"end":{"line":167,"column":3}}},"17":{"name":"(anonymous_26)","decl":{"start":{"line":168,"column":9},"end":{"line":168,"column":20}},"loc":{"start":{"line":168,"column":32},"end":{"line":170,"column":3}}},"18":{"name":"(anonymous_27)","decl":{"start":{"line":171,"column":9},"end":{"line":171,"column":12}},"loc":{"start":{"line":171,"column":13},"end":{"line":186,"column":3}}},"19":{"name":"validWorkerCount","decl":{"start":{"line":191,"column":0},"end":{"line":191,"column":25}},"loc":{"start":{"line":191,"column":36},"end":{"line":200,"column":1}}}},"branchMap":{"0":{"loc":{"start":{"line":38,"column":33},"end":{"line":38,"column":50}},"type":"cond-expr","locations":[{"start":{"line":38,"column":33},"end":{"line":38,"column":50}},{"start":{"line":38,"column":53},"end":{"line":38,"column":58}}]},"1":{"loc":{"start":{"line":53,"column":4},"end":{"line":55,"column":5}},"type":"if","locations":[{"start":{"line":53,"column":4},"end":{"line":55,"column":5}},{"start":{"line":53,"column":4},"end":{"line":55,"column":5}}]},"2":{"loc":{"start":{"line":57,"column":4},"end":{"line":61,"column":5}},"type":"if","locations":[{"start":{"line":57,"column":4},"end":{"line":61,"column":5}},{"start":{"line":57,"column":4},"end":{"line":61,"column":5}}]},"3":{"loc":{"start":{"line":57,"column":8},"end":{"line":57,"column":14}},"type":"binary-expr","locations":[{"start":{"line":57,"column":8},"end":{"line":57,"column":14}},{"start":{"line":57,"column":19},"end":{"line":57,"column":34}},{"start":{"line":57,"column":38},"end":{"line":57,"column":54}}]},"4":{"loc":{"start":{"line":63,"column":4},"end":{"line":72,"column":5}},"type":"if","locations":[{"start":{"line":63,"column":4},"end":{"line":72,"column":5}},{"start":{"line":63,"column":4},"end":{"line":72,"column":5}}]},"5":{"loc":{"start":{"line":64,"column":6},"end":{"line":68,"column":7}},"type":"if","locations":[{"start":{"line":64,"column":6},"end":{"line":68,"column":7}},{"start":{"line":64,"column":6},"end":{"line":68,"column":7}}]},"6":{"loc":{"start":{"line":69,"column":6},"end":{"line":71,"column":7}},"type":"if","locations":[{"start":{"line":69,"column":6},"end":{"line":71,"column":7}},{"start":{"line":69,"column":6},"end":{"line":71,"column":7}}]},"7":{"loc":{"start":{"line":80,"column":38},"end":{"line":80,"column":50}},"type":"cond-expr","locations":[{"start":{"line":80,"column":38},"end":{"line":80,"column":50}},{"start":{"line":80,"column":53},"end":{"line":80,"column":54}}]},"8":{"loc":{"start":{"line":80,"column":15},"end":{"line":80,"column":19}},"type":"binary-expr","locations":[{"start":{"line":80,"column":15},"end":{"line":80,"column":19}},{"start":{"line":80,"column":23},"end":{"line":80,"column":35}}]},"9":{"loc":{"start":{"line":83,"column":4},"end":{"line":87,"column":5}},"type":"if","locations":[{"start":{"line":83,"column":4},"end":{"line":87,"column":5}},{"start":{"line":83,"column":4},"end":{"line":87,"column":5}}]},"10":{"loc":{"start":{"line":95,"column":4},"end":{"line":97,"column":5}},"type":"if","locations":[{"start":{"line":95,"column":4},"end":{"line":97,"column":5}},{"start":{"line":95,"column":4},"end":{"line":97,"column":5}}]},"11":{"loc":{"start":{"line":95,"column":8},"end":{"line":95,"column":17}},"type":"binary-expr","locations":[{"start":{"line":95,"column":8},"end":{"line":95,"column":17}},{"start":{"line":95,"column":21},"end":{"line":95,"column":45}}]},"12":{"loc":{"start":{"line":98,"column":4},"end":{"line":106,"column":5}},"type":"if","locations":[{"start":{"line":98,"column":4},"end":{"line":106,"column":5}},{"start":{"line":98,"column":4},"end":{"line":106,"column":5}}]},"13":{"loc":{"start":{"line":99,"column":6},"end":{"line":99,"column":33}},"type":"binary-expr","locations":[{"start":{"line":99,"column":6},"end":{"line":99,"column":33}},{"start":{"line":100,"column":6},"end":{"line":100,"column":31}},{"start":{"line":101,"column":6},"end":{"line":102,"column":4}}]},"14":{"loc":{"start":{"line":125,"column":4},"end":{"line":129,"column":5}},"type":"if","locations":[{"start":{"line":125,"column":4},"end":{"line":129,"column":5}},{"start":{"line":125,"column":4},"end":{"line":129,"column":5}}]},"15":{"loc":{"start":{"line":135,"column":29},"end":{"line":135,"column":50}},"type":"binary-expr","locations":[{"start":{"line":135,"column":29},"end":{"line":135,"column":50}},{"start":{"line":135,"column":54},"end":{"line":135,"column":72}}]},"16":{"loc":{"start":{"line":172,"column":4},"end":{"line":174,"column":5}},"type":"if","locations":[{"start":{"line":172,"column":4},"end":{"line":174,"column":5}},{"start":{"line":172,"column":4},"end":{"line":174,"column":5}}]},"17":{"loc":{"start":{"line":177,"column":4},"end":{"line":184,"column":5}},"type":"if","locations":[{"start":{"line":177,"column":4},"end":{"line":184,"column":5}},{"start":{"line":177,"column":4},"end":{"line":184,"column":5}}]},"18":{"loc":{"start":{"line":178,"column":6},"end":{"line":178,"column":26}},"type":"binary-expr","locations":[{"start":{"line":178,"column":6},"end":{"line":178,"column":26}},{"start":{"line":179,"column":6},"end":{"line":180,"column":4}}]},"19":{"loc":{"start":{"line":193,"column":4},"end":{"line":193,"column":10}},"type":"binary-expr","locations":[{"start":{"line":193,"column":4},"end":{"line":193,"column":10}},{"start":{"line":194,"column":4},"end":{"line":194,"column":23}},{"start":{"line":195,"column":4},"end":{"line":195,"column":20}},{"start":{"line":196,"column":4},"end":{"line":196,"column":21}},{"start":{"line":197,"column":4},"end":{"line":197,"column":13}},{"start":{"line":198,"column":4},"end":{"line":198,"column":23}}]}},"s":{"0":9,"1":9,"2":9,"3":9,"4":9,"5":9,"6":9,"7":9,"8":9,"9":9,"10":9,"11":9,"12":9,"13":9,"14":99,"15":9,"16":9,"17":9,"18":1,"19":8,"20":0,"21":8,"22":6,"23":0,"24":6,"25":2,"26":8,"27":8,"28":3,"29":3,"30":5,"31":8,"32":9,"33":0,"34":9,"35":0,"36":9,"37":9,"38":9,"39":34,"40":2,"41":10,"42":2,"43":1,"44":1,"45":4,"46":4,"47":3,"48":1,"49":1,"50":1,"51":2,"52":1,"53":4,"54":4,"55":2,"56":2,"57":6,"58":135,"59":3,"60":0,"61":3,"62":0,"63":3,"64":9,"65":8},"f":{"0":9,"1":99,"2":3,"3":9,"4":9,"5":34,"6":2,"7":10,"8":2,"9":4,"10":1,"11":1,"12":2,"13":1,"14":4,"15":2,"16":6,"17":135,"18":3,"19":8},"b":{"0":[74,25],"1":[1,8],"2":[0,8],"3":[8,8,5],"4":[6,2],"5":[0,6],"6":[2,4],"7":[6,2],"8":[8,6],"9":[3,5],"10":[0,9],"11":[9,9],"12":[0,9],"13":[9,9,9],"14":[1,1],"15":[4,2],"16":[0,3],"17":[0,3],"18":[3,3],"19":[8,8,8,8,8,8]}}
,"/Users/heysailor/dev/redux-worker-queue/src/duck.ts": {"path":"/Users/heysailor/dev/redux-worker-queue/src/duck.ts","statementMap":{"0":{"start":{"line":1,"column":0},"end":{"line":1,"column":48}},"1":{"start":{"line":5,"column":0},"end":{"line":5,"column":41}},"2":{"start":{"line":6,"column":0},"end":{"line":6,"column":40}},"3":{"start":{"line":10,"column":0},"end":{"line":12,"column":1}},"4":{"start":{"line":11,"column":2},"end":{"line":11,"column":39}},"5":{"start":{"line":16,"column":13},"end":{"line":18,"column":2}},"6":{"start":{"line":17,"column":2},"end":{"line":17,"column":41}},"7":{"start":{"line":20,"column":40},"end":{"line":23,"column":2}},"8":{"start":{"line":25,"column":0},"end":{"line":25,"column":27}}},"fnMap":{"0":{"name":"(anonymous_1)","decl":{"start":{"line":10,"column":0},"end":{"line":10,"column":11}},"loc":{"start":{"line":10,"column":23},"end":{"line":12,"column":1}}},"1":{"name":"(anonymous_2)","decl":{"start":{"line":16,"column":30},"end":{"line":16,"column":54}},"loc":{"start":{"line":16,"column":57},"end":{"line":18,"column":1}}}},"branchMap":{"0":{"loc":{"start":{"line":10,"column":12},"end":{"line":10,"column":23}},"type":"binary-expr","locations":[{"start":{"line":10,"column":12},"end":{"line":10,"column":23}},{"start":{"line":10,"column":12},"end":{"line":10,"column":23}}]}},"s":{"0":9,"1":9,"2":9,"3":9,"4":9,"5":9,"6":4,"7":9,"8":9},"f":{"0":9,"1":4},"b":{"0":[9,9]}}
,"/Users/heysailor/dev/redux-worker-queue/src/index.ts": {"path":"/Users/heysailor/dev/redux-worker-queue/src/index.ts","statementMap":{"0":{"start":{"line":1,"column":0},"end":{"line":1,"column":39}},"1":{"start":{"line":3,"column":0},"end":{"line":3,"column":27}}},"fnMap":{},"branchMap":{},"s":{"0":2,"1":2},"f":{},"b":{}}
,"/Users/heysailor/dev/redux-worker-queue/src/middleware.ts": {"path":"/Users/heysailor/dev/redux-worker-queue/src/middleware.ts","statementMap":{"0":{"start":{"line":2,"column":0},"end":{"line":2,"column":31}},"1":{"start":{"line":3,"column":0},"end":{"line":3,"column":35}},"2":{"start":{"line":16,"column":13},"end":{"line":25,"column":2}},"3":{"start":{"line":21,"column":2},"end":{"line":21,"column":17}},"4":{"start":{"line":24,"column":2},"end":{"line":24,"column":20}}},"fnMap":{"0":{"name":"(anonymous_1)","decl":{"start":{"line":16,"column":38},"end":{"line":16,"column":42}},"loc":{"start":{"line":16,"column":67},"end":{"line":25,"column":1}}}},"branchMap":{},"s":{"0":9,"1":9,"2":9,"3":7,"4":7},"f":{"0":7},"b":{}}
,"/Users/heysailor/dev/redux-worker-queue/src/store.ts": {"path":"/Users/heysailor/dev/redux-worker-queue/src/store.ts","statementMap":{"0":{"start":{"line":1,"column":0},"end":{"line":6,"column":14}},"1":{"start":{"line":7,"column":0},"end":{"line":7,"column":41}},"2":{"start":{"line":9,"column":0},"end":{"line":9,"column":32}},"3":{"start":{"line":17,"column":2},"end":{"line":17,"column":20}},"4":{"start":{"line":17,"column":13},"end":{"line":17,"column":20}},"5":{"start":{"line":19,"column":2},"end":{"line":20,"column":75}},"6":{"start":{"line":16,"column":0},"end":{"line":21,"column":1}},"7":{"start":{"line":24,"column":13},"end":{"line":27,"column":56}},"8":{"start":{"line":27,"column":16},"end":{"line":27,"column":55}}},"fnMap":{"0":{"name":"initStore","decl":{"start":{"line":16,"column":0},"end":{"line":16,"column":25}},"loc":{"start":{"line":16,"column":45},"end":{"line":21,"column":1}}},"1":{"name":"(anonymous_2)","decl":{"start":{"line":24,"column":28},"end":{"line":25,"column":2}},"loc":{"start":{"line":27,"column":16},"end":{"line":27,"column":55}}}},"branchMap":{"0":{"loc":{"start":{"line":17,"column":2},"end":{"line":17,"column":20}},"type":"if","locations":[{"start":{"line":17,"column":2},"end":{"line":17,"column":20}},{"start":{"line":17,"column":2},"end":{"line":17,"column":20}}]},"1":{"loc":{"start":{"line":20,"column":4},"end":{"line":20,"column":17}},"type":"binary-expr","locations":[{"start":{"line":20,"column":4},"end":{"line":20,"column":17}},{"start":{"line":20,"column":21},"end":{"line":20,"column":74}}]}},"s":{"0":9,"1":9,"2":9,"3":10,"4":0,"5":10,"6":9,"7":9,"8":31},"f":{"0":10,"1":31},"b":{"0":[0,10],"1":[10,3]}}
,"/Users/heysailor/dev/redux-worker-queue/src/flag/duck.ts": {"path":"/Users/heysailor/dev/redux-worker-queue/src/flag/duck.ts","statementMap":{"0":{"start":{"line":1,"column":0},"end":{"line":1,"column":51}},"1":{"start":{"line":4,"column":0},"end":{"line":4,"column":33}},"2":{"start":{"line":7,"column":0},"end":{"line":7,"column":45}},"3":{"start":{"line":9,"column":0},"end":{"line":9,"column":37}},"4":{"start":{"line":10,"column":0},"end":{"line":10,"column":76}},"5":{"start":{"line":12,"column":0},"end":{"line":12,"column":54}},"6":{"start":{"line":14,"column":0},"end":{"line":17,"column":1}},"7":{"start":{"line":15,"column":2},"end":{"line":15,"column":59}},"8":{"start":{"line":16,"column":2},"end":{"line":16,"column":45}},"9":{"start":{"line":30,"column":2},"end":{"line":32,"column":3}},"10":{"start":{"line":31,"column":4},"end":{"line":31,"column":66}},"11":{"start":{"line":33,"column":2},"end":{"line":37,"column":3}},"12":{"start":{"line":34,"column":4},"end":{"line":36,"column":6}},"13":{"start":{"line":39,"column":2},"end":{"line":42,"column":4}},"14":{"start":{"line":26,"column":0},"end":{"line":43,"column":1}},"15":{"start":{"line":48,"column":2},"end":{"line":50,"column":3}},"16":{"start":{"line":49,"column":4},"end":{"line":49,"column":76}},"17":{"start":{"line":52,"column":2},"end":{"line":55,"column":4}},"18":{"start":{"line":45,"column":0},"end":{"line":56,"column":1}},"19":{"start":{"line":59,"column":13},"end":{"line":115,"column":2}},"20":{"start":{"line":60,"column":2},"end":{"line":114,"column":4}},"21":{"start":{"line":64,"column":16},"end":{"line":64,"column":26}},"22":{"start":{"line":67,"column":23},"end":{"line":71,"column":5}},"23":{"start":{"line":73,"column":4},"end":{"line":84,"column":5}},"24":{"start":{"line":75,"column":6},"end":{"line":80,"column":8}},"25":{"start":{"line":77,"column":10},"end":{"line":77,"column":54}},"26":{"start":{"line":78,"column":10},"end":{"line":78,"column":28}},"27":{"start":{"line":83,"column":6},"end":{"line":83,"column":25}},"28":{"start":{"line":87,"column":24},"end":{"line":87,"column":60}},"29":{"start":{"line":88,"column":18},"end":{"line":88,"column":48}},"30":{"start":{"line":90,"column":4},"end":{"line":110,"column":5}},"31":{"start":{"line":91,"column":6},"end":{"line":109,"column":8}},"32":{"start":{"line":93,"column":28},"end":{"line":95,"column":12}},"33":{"start":{"line":97,"column":10},"end":{"line":97,"column":33}},"34":{"start":{"line":97,"column":26},"end":{"line":97,"column":33}},"35":{"start":{"line":98,"column":27},"end":{"line":98,"column":56}},"36":{"start":{"line":100,"column":10},"end":{"line":107,"column":11}},"37":{"start":{"line":102,"column":12},"end":{"line":102,"column":67}},"38":{"start":{"line":103,"column":12},"end":{"line":103,"column":30}},"39":{"start":{"line":106,"column":12},"end":{"line":106,"column":19}},"40":{"start":{"line":113,"column":4},"end":{"line":113,"column":16}},"41":{"start":{"line":123,"column":2},"end":{"line":136,"column":3}},"42":{"start":{"line":125,"column":6},"end":{"line":125,"column":64}},"43":{"start":{"line":128,"column":6},"end":{"line":128,"column":59}},"44":{"start":{"line":131,"column":6},"end":{"line":131,"column":16}},"45":{"start":{"line":134,"column":6},"end":{"line":134,"column":19}},"46":{"start":{"line":119,"column":0},"end":{"line":137,"column":1}},"47":{"start":{"line":141,"column":13},"end":{"line":143,"column":2}},"48":{"start":{"line":142,"column":2},"end":{"line":142,"column":55}},"49":{"start":{"line":145,"column":13},"end":{"line":149,"column":75}},"50":{"start":{"line":149,"column":5},"end":{"line":149,"column":74}},"51":{"start":{"line":151,"column":13},"end":{"line":154,"column":77}},"52":{"start":{"line":154,"column":5},"end":{"line":154,"column":76}},"53":{"start":{"line":156,"column":13},"end":{"line":159,"column":78}},"54":{"start":{"line":159,"column":5},"end":{"line":159,"column":77}},"55":{"start":{"line":161,"column":13},"end":{"line":164,"column":77}},"56":{"start":{"line":164,"column":5},"end":{"line":164,"column":76}},"57":{"start":{"line":166,"column":13},"end":{"line":167,"column":70}},"58":{"start":{"line":167,"column":2},"end":{"line":167,"column":69}}},"fnMap":{"0":{"name":"(anonymous_6)","decl":{"start":{"line":14,"column":0},"end":{"line":14,"column":11}},"loc":{"start":{"line":14,"column":27},"end":{"line":17,"column":1}}},"1":{"name":"addOrUpdateFlag","decl":{"start":{"line":26,"column":0},"end":{"line":27,"column":1}},"loc":{"start":{"line":28,"column":37},"end":{"line":43,"column":1}}},"2":{"name":"removeFlag","decl":{"start":{"line":45,"column":0},"end":{"line":46,"column":1}},"loc":{"start":{"line":46,"column":36},"end":{"line":56,"column":1}}},"3":{"name":"(anonymous_9)","decl":{"start":{"line":59,"column":21},"end":{"line":null,"column":-1}},"loc":{"start":{"line":59,"column":21},"end":{"line":115,"column":1}}},"4":{"name":"cleanAsync","decl":{"start":{"line":60,"column":9},"end":{"line":61,"column":3}},"loc":{"start":{"line":62,"column":22},"end":{"line":114,"column":3}}},"5":{"name":"(anonymous_12)","decl":{"start":{"line":76,"column":23},"end":{"line":76,"column":26}},"loc":{"start":{"line":76,"column":30},"end":{"line":79,"column":9}}},"6":{"name":"(anonymous_13)","decl":{"start":{"line":92,"column":24},"end":{"line":92,"column":27}},"loc":{"start":{"line":92,"column":31},"end":{"line":108,"column":9}}},"7":{"name":"flagsReducer","decl":{"start":{"line":119,"column":0},"end":{"line":120,"column":1}},"loc":{"start":{"line":121,"column":16},"end":{"line":137,"column":1}}},"8":{"name":"(anonymous_15)","decl":{"start":{"line":141,"column":29},"end":{"line":141,"column":30}},"loc":{"start":{"line":141,"column":78},"end":{"line":143,"column":1}}},"9":{"name":"(anonymous_16)","decl":{"start":{"line":145,"column":46},"end":{"line":146,"column":2}},"loc":{"start":{"line":149,"column":5},"end":{"line":149,"column":74}}},"10":{"name":"(anonymous_17)","decl":{"start":{"line":151,"column":35},"end":{"line":152,"column":2}},"loc":{"start":{"line":154,"column":5},"end":{"line":154,"column":76}}},"11":{"name":"(anonymous_18)","decl":{"start":{"line":156,"column":36},"end":{"line":157,"column":2}},"loc":{"start":{"line":159,"column":5},"end":{"line":159,"column":77}}},"12":{"name":"(anonymous_19)","decl":{"start":{"line":161,"column":35},"end":{"line":162,"column":2}},"loc":{"start":{"line":164,"column":5},"end":{"line":164,"column":76}}},"13":{"name":"(anonymous_20)","decl":{"start":{"line":166,"column":31},"end":{"line":166,"column":32}},"loc":{"start":{"line":167,"column":2},"end":{"line":167,"column":69}}}},"branchMap":{"0":{"loc":{"start":{"line":14,"column":12},"end":{"line":14,"column":27}},"type":"binary-expr","locations":[{"start":{"line":14,"column":12},"end":{"line":14,"column":27}},{"start":{"line":14,"column":12},"end":{"line":14,"column":27}}]},"1":{"loc":{"start":{"line":30,"column":2},"end":{"line":32,"column":3}},"type":"if","locations":[{"start":{"line":30,"column":2},"end":{"line":32,"column":3}},{"start":{"line":30,"column":2},"end":{"line":32,"column":3}}]},"2":{"loc":{"start":{"line":30,"column":6},"end":{"line":30,"column":16}},"type":"binary-expr","locations":[{"start":{"line":30,"column":6},"end":{"line":30,"column":16}},{"start":{"line":30,"column":20},"end":{"line":30,"column":47}},{"start":{"line":30,"column":51},"end":{"line":30,"column":69}}]},"3":{"loc":{"start":{"line":33,"column":2},"end":{"line":37,"column":3}},"type":"if","locations":[{"start":{"line":33,"column":2},"end":{"line":37,"column":3}},{"start":{"line":33,"column":2},"end":{"line":37,"column":3}}]},"4":{"loc":{"start":{"line":33,"column":6},"end":{"line":33,"column":11}},"type":"binary-expr","locations":[{"start":{"line":33,"column":6},"end":{"line":33,"column":11}},{"start":{"line":33,"column":15},"end":{"line":33,"column":27}}]},"5":{"loc":{"start":{"line":48,"column":2},"end":{"line":50,"column":3}},"type":"if","locations":[{"start":{"line":48,"column":2},"end":{"line":50,"column":3}},{"start":{"line":48,"column":2},"end":{"line":50,"column":3}}]},"6":{"loc":{"start":{"line":73,"column":4},"end":{"line":84,"column":5}},"type":"if","locations":[{"start":{"line":73,"column":4},"end":{"line":84,"column":5}},{"start":{"line":73,"column":4},"end":{"line":84,"column":5}}]},"7":{"loc":{"start":{"line":90,"column":4},"end":{"line":110,"column":5}},"type":"if","locations":[{"start":{"line":90,"column":4},"end":{"line":110,"column":5}},{"start":{"line":90,"column":4},"end":{"line":110,"column":5}}]},"8":{"loc":{"start":{"line":97,"column":10},"end":{"line":97,"column":33}},"type":"if","locations":[{"start":{"line":97,"column":10},"end":{"line":97,"column":33}},{"start":{"line":97,"column":10},"end":{"line":97,"column":33}}]},"9":{"loc":{"start":{"line":100,"column":10},"end":{"line":107,"column":11}},"type":"if","locations":[{"start":{"line":100,"column":10},"end":{"line":107,"column":11}},{"start":{"line":100,"column":10},"end":{"line":107,"column":11}}]},"10":{"loc":{"start":{"line":120,"column":22},"end":{"line":120,"column":24}},"type":"default-arg","locations":[{"start":{"line":120,"column":22},"end":{"line":120,"column":24}}]},"11":{"loc":{"start":{"line":124,"column":4},"end":{"line":126,"column":5}},"type":"switch","locations":[{"start":{"line":124,"column":4},"end":{"line":126,"column":5}},{"start":{"line":127,"column":4},"end":{"line":129,"column":5}},{"start":{"line":130,"column":4},"end":{"line":132,"column":5}},{"start":{"line":133,"column":4},"end":{"line":135,"column":5}}]}},"s":{"0":9,"1":9,"2":9,"3":9,"4":9,"5":9,"6":9,"7":9,"8":9,"9":45,"10":1,"11":44,"12":2,"13":42,"14":9,"15":9,"16":1,"17":8,"18":9,"19":9,"20":7,"21":8,"22":8,"23":8,"24":1,"25":1,"26":1,"27":1,"28":8,"29":8,"30":8,"31":5,"32":5,"33":5,"34":0,"35":5,"36":5,"37":1,"38":1,"39":4,"40":8,"41":99,"42":36,"43":7,"44":2,"45":54,"46":9,"47":9,"48":104,"49":9,"50":47,"51":9,"52":21,"53":9,"54":13,"55":9,"56":13,"57":9,"58":1},"f":{"0":9,"1":45,"2":9,"3":7,"4":8,"5":1,"6":5,"7":99,"8":104,"9":47,"10":21,"11":13,"12":13,"13":1},"b":{"0":[9,9],"1":[1,44],"2":[45,45,44],"3":[2,42],"4":[44,43],"5":[1,8],"6":[1,7],"7":[5,3],"8":[0,5],"9":[1,4],"10":[29],"11":[36,7,2,54]}}
,"/Users/heysailor/dev/redux-worker-queue/src/flag/flag.ts": {"path":"/Users/heysailor/dev/redux-worker-queue/src/flag/flag.ts","statementMap":{"0":{"start":{"line":4,"column":0},"end":{"line":4,"column":30}},"1":{"start":{"line":8,"column":11},"end":{"line":8,"column":36}},"2":{"start":{"line":12,"column":11},"end":{"line":12,"column":51}},"3":{"start":{"line":15,"column":4},"end":{"line":17,"column":5}},"4":{"start":{"line":16,"column":6},"end":{"line":16,"column":50}},"5":{"start":{"line":19,"column":4},"end":{"line":23,"column":5}},"6":{"start":{"line":20,"column":6},"end":{"line":22,"column":8}},"7":{"start":{"line":25,"column":4},"end":{"line":25,"column":55}},"8":{"start":{"line":26,"column":4},"end":{"line":26,"column":47}},"9":{"start":{"line":27,"column":4},"end":{"line":27,"column":30}},"10":{"start":{"line":28,"column":4},"end":{"line":28,"column":38}},"11":{"start":{"line":29,"column":4},"end":{"line":33,"column":5}},"12":{"start":{"line":30,"column":6},"end":{"line":30,"column":45}},"13":{"start":{"line":32,"column":6},"end":{"line":32,"column":32}},"14":{"start":{"line":6,"column":0},"end":{"line":35,"column":1}}},"fnMap":{"0":{"name":"(anonymous_0)","decl":{"start":{"line":14,"column":2},"end":{"line":14,"column":13}},"loc":{"start":{"line":14,"column":72},"end":{"line":34,"column":3}}}},"branchMap":{"0":{"loc":{"start":{"line":15,"column":4},"end":{"line":17,"column":5}},"type":"if","locations":[{"start":{"line":15,"column":4},"end":{"line":17,"column":5}},{"start":{"line":15,"column":4},"end":{"line":17,"column":5}}]},"1":{"loc":{"start":{"line":19,"column":4},"end":{"line":23,"column":5}},"type":"if","locations":[{"start":{"line":19,"column":4},"end":{"line":23,"column":5}},{"start":{"line":19,"column":4},"end":{"line":23,"column":5}}]},"2":{"loc":{"start":{"line":26,"column":24},"end":{"line":26,"column":41}},"type":"binary-expr","locations":[{"start":{"line":26,"column":24},"end":{"line":26,"column":41}},{"start":{"line":26,"column":45},"end":{"line":26,"column":46}}]},"3":{"loc":{"start":{"line":29,"column":4},"end":{"line":33,"column":5}},"type":"if","locations":[{"start":{"line":29,"column":4},"end":{"line":33,"column":5}},{"start":{"line":29,"column":4},"end":{"line":33,"column":5}}]}},"s":{"0":9,"1":77,"2":77,"3":77,"4":0,"5":77,"6":1,"7":76,"8":76,"9":76,"10":76,"11":76,"12":76,"13":0,"14":9},"f":{"0":77},"b":{"0":[0,77],"1":[1,76],"2":[76,52],"3":[76,0]}}
,"/Users/heysailor/dev/redux-worker-queue/src/flag/index.ts": {"path":"/Users/heysailor/dev/redux-worker-queue/src/flag/index.ts","statementMap":{"0":{"start":{"line":1,"column":0},"end":{"line":1,"column":30}},"1":{"start":{"line":1,"column":9},"end":{"line":1,"column":13}},"2":{"start":{"line":2,"column":0},"end":{"line":2,"column":33}},"3":{"start":{"line":2,"column":9},"end":{"line":2,"column":17}}},"fnMap":{},"branchMap":{},"s":{"0":9,"1":9,"2":9,"3":9},"f":{},"b":{}}
,"/Users/heysailor/dev/redux-worker-queue/src/flush/duck.ts": {"path":"/Users/heysailor/dev/redux-worker-queue/src/flush/duck.ts","statementMap":{"0":{"start":{"line":1,"column":0},"end":{"line":1,"column":45}},"1":{"start":{"line":4,"column":0},"end":{"line":4,"column":45}},"2":{"start":{"line":6,"column":0},"end":{"line":6,"column":42}},"3":{"start":{"line":7,"column":0},"end":{"line":7,"column":40}},"4":{"start":{"line":12,"column":19},"end":{"line":19,"column":3}},"5":{"start":{"line":20,"column":2},"end":{"line":24,"column":4}},"6":{"start":{"line":11,"column":0},"end":{"line":25,"column":1}},"7":{"start":{"line":29,"column":13},"end":{"line":29,"column":32}}},"fnMap":{"0":{"name":"flushableItemsSelector","decl":{"start":{"line":11,"column":0},"end":{"line":11,"column":38}},"loc":{"start":{"line":11,"column":72},"end":{"line":25,"column":1}}}},"branchMap":{},"s":{"0":9,"1":9,"2":9,"3":9,"4":12,"5":12,"6":9,"7":9},"f":{"0":12},"b":{}}
,"/Users/heysailor/dev/redux-worker-queue/src/flush/thunk.ts": {"path":"/Users/heysailor/dev/redux-worker-queue/src/flush/thunk.ts","statementMap":{"0":{"start":{"line":2,"column":0},"end":{"line":2,"column":39}},"1":{"start":{"line":3,"column":0},"end":{"line":3,"column":29}},"2":{"start":{"line":5,"column":0},"end":{"line":5,"column":40}},"3":{"start":{"line":6,"column":0},"end":{"line":6,"column":34}},"4":{"start":{"line":7,"column":0},"end":{"line":7,"column":38}},"5":{"start":{"line":8,"column":0},"end":{"line":8,"column":41}},"6":{"start":{"line":12,"column":0},"end":{"line":12,"column":35}},"7":{"start":{"line":13,"column":0},"end":{"line":13,"column":40}},"8":{"start":{"line":14,"column":0},"end":{"line":14,"column":59}},"9":{"start":{"line":17,"column":24},"end":{"line":17,"column":29}},"10":{"start":{"line":18,"column":50},"end":{"line":18,"column":52}},"11":{"start":{"line":21,"column":13},"end":{"line":207,"column":2}},"12":{"start":{"line":22,"column":2},"end":{"line":206,"column":4}},"13":{"start":{"line":27,"column":4},"end":{"line":29,"column":5}},"14":{"start":{"line":28,"column":6},"end":{"line":28,"column":13}},"15":{"start":{"line":30,"column":4},"end":{"line":30,"column":20}},"16":{"start":{"line":31,"column":4},"end":{"line":31,"column":18}},"17":{"start":{"line":33,"column":22},"end":{"line":51,"column":5}},"18":{"start":{"line":34,"column":29},"end":{"line":34,"column":54}},"19":{"start":{"line":36,"column":6},"end":{"line":36,"column":46}},"20":{"start":{"line":36,"column":34},"end":{"line":36,"column":46}},"21":{"start":{"line":38,"column":30},"end":{"line":38,"column":69}},"22":{"start":{"line":40,"column":6},"end":{"line":40,"column":40}},"23":{"start":{"line":40,"column":28},"end":{"line":40,"column":40}},"24":{"start":{"line":42,"column":19},"end":{"line":42,"column":59}},"25":{"start":{"line":44,"column":6},"end":{"line":49,"column":8}},"26":{"start":{"line":45,"column":30},"end":{"line":48,"column":9}},"27":{"start":{"line":46,"column":10},"end":{"line":46,"column":28}},"28":{"start":{"line":50,"column":6},"end":{"line":50,"column":25}},"29":{"start":{"line":53,"column":4},"end":{"line":53,"column":22}},"30":{"start":{"line":56,"column":22},"end":{"line":56,"column":40}},"31":{"start":{"line":57,"column":6},"end":{"line":57,"column":59}},"32":{"start":{"line":66,"column":21},"end":{"line":66,"column":55}},"33":{"start":{"line":75,"column":6},"end":{"line":75,"column":71}},"34":{"start":{"line":75,"column":51},"end":{"line":75,"column":69}},"35":{"start":{"line":77,"column":6},"end":{"line":77,"column":20}},"36":{"start":{"line":81,"column":20},"end":{"line":81,"column":30}},"37":{"start":{"line":83,"column":6},"end":{"line":83,"column":23}},"38":{"start":{"line":84,"column":27},"end":{"line":84,"column":76}},"39":{"start":{"line":86,"column":40},"end":{"line":86,"column":72}},"40":{"start":{"line":86,"column":65},"end":{"line":86,"column":71}},"41":{"start":{"line":87,"column":23},"end":{"line":91,"column":7}},"42":{"start":{"line":90,"column":10},"end":{"line":90,"column":75}},"43":{"start":{"line":92,"column":6},"end":{"line":92,"column":22}},"44":{"start":{"line":96,"column":6},"end":{"line":96,"column":33}},"45":{"start":{"line":103,"column":6},"end":{"line":103,"column":63}},"46":{"start":{"line":104,"column":6},"end":{"line":104,"column":23}},"47":{"start":{"line":106,"column":22},"end":{"line":106,"column":46}},"48":{"start":{"line":108,"column":6},"end":{"line":108,"column":64}},"49":{"start":{"line":108,"column":20},"end":{"line":108,"column":64}},"50":{"start":{"line":109,"column":6},"end":{"line":109,"column":21}},"51":{"start":{"line":115,"column":6},"end":{"line":115,"column":23}},"52":{"start":{"line":116,"column":6},"end":{"line":120,"column":8}},"53":{"start":{"line":124,"column":6},"end":{"line":124,"column":55}},"54":{"start":{"line":125,"column":6},"end":{"line":125,"column":64}},"55":{"start":{"line":130,"column":6},"end":{"line":130,"column":43}},"56":{"start":{"line":139,"column":26},"end":{"line":139,"column":50}},"57":{"start":{"line":142,"column":6},"end":{"line":144,"column":7}},"58":{"start":{"line":143,"column":8},"end":{"line":143,"column":20}},"59":{"start":{"line":147,"column":19},"end":{"line":150,"column":8}},"60":{"start":{"line":153,"column":6},"end":{"line":162,"column":7}},"61":{"start":{"line":161,"column":8},"end":{"line":161,"column":21}},"62":{"start":{"line":164,"column":6},"end":{"line":167,"column":7}},"63":{"start":{"line":165,"column":8},"end":{"line":165,"column":41}},"64":{"start":{"line":166,"column":8},"end":{"line":166,"column":20}},"65":{"start":{"line":169,"column":21},"end":{"line":169,"column":69}},"66":{"start":{"line":172,"column":34},"end":{"line":174,"column":8}},"67":{"start":{"line":175,"column":26},"end":{"line":175,"column":53}},"68":{"start":{"line":178,"column":6},"end":{"line":191,"column":7}},"69":{"start":{"line":180,"column":8},"end":{"line":180,"column":75}},"70":{"start":{"line":181,"column":13},"end":{"line":191,"column":7}},"71":{"start":{"line":183,"column":8},"end":{"line":183,"column":75}},"72":{"start":{"line":186,"column":8},"end":{"line":190,"column":11}},"73":{"start":{"line":193,"column":6},"end":{"line":193,"column":30}},"74":{"start":{"line":204,"column":6},"end":{"line":204,"column":18}}},"fnMap":{"0":{"name":"(anonymous_8)","decl":{"start":{"line":21,"column":21},"end":{"line":null,"column":-1}},"loc":{"start":{"line":21,"column":21},"end":{"line":207,"column":1}}},"1":{"name":"flushAsync","decl":{"start":{"line":22,"column":9},"end":{"line":23,"column":3}},"loc":{"start":{"line":24,"column":22},"end":{"line":206,"column":3}}},"2":{"name":"(anonymous_11)","decl":{"start":{"line":33,"column":22},"end":{"line":null,"column":-1}},"loc":{"start":{"line":33,"column":22},"end":{"line":51,"column":5}}},"3":{"name":"(anonymous_13)","decl":{"start":{"line":45,"column":17},"end":{"line":45,"column":23}},"loc":{"start":{"line":45,"column":30},"end":{"line":48,"column":9}}},"4":{"name":"(anonymous_14)","decl":{"start":{"line":45,"column":30},"end":{"line":null,"column":-1}},"loc":{"start":{"line":45,"column":30},"end":{"line":48,"column":9}}},"5":{"name":"flush","decl":{"start":{"line":55,"column":4},"end":{"line":55,"column":24}},"loc":{"start":{"line":55,"column":41},"end":{"line":78,"column":5}}},"6":{"name":"(anonymous_17)","decl":{"start":{"line":75,"column":44},"end":{"line":75,"column":46}},"loc":{"start":{"line":75,"column":51},"end":{"line":75,"column":69}}},"7":{"name":"getFlushableItems","decl":{"start":{"line":80,"column":4},"end":{"line":null,"column":-1}},"loc":{"start":{"line":80,"column":4},"end":{"line":93,"column":5}}},"8":{"name":"(anonymous_20)","decl":{"start":{"line":86,"column":58},"end":{"line":86,"column":60}},"loc":{"start":{"line":86,"column":65},"end":{"line":86,"column":71}}},"9":{"name":"(anonymous_21)","decl":{"start":{"line":89,"column":8},"end":{"line":89,"column":16}},"loc":{"start":{"line":90,"column":10},"end":{"line":90,"column":75}}},"10":{"name":"clean","decl":{"start":{"line":95,"column":4},"end":{"line":null,"column":-1}},"loc":{"start":{"line":95,"column":4},"end":{"line":97,"column":5}}},"11":{"name":"flagAs","decl":{"start":{"line":99,"column":4},"end":{"line":100,"column":5}},"loc":{"start":{"line":101,"column":46},"end":{"line":110,"column":5}}},"12":{"name":"getFlag","decl":{"start":{"line":112,"column":4},"end":{"line":113,"column":5}},"loc":{"start":{"line":113,"column":27},"end":{"line":121,"column":5}}},"13":{"name":"removeQueueItem","decl":{"start":{"line":123,"column":4},"end":{"line":123,"column":28}},"loc":{"start":{"line":123,"column":50},"end":{"line":127,"column":5}}},"14":{"name":"save","decl":{"start":{"line":129,"column":4},"end":{"line":129,"column":17}},"loc":{"start":{"line":129,"column":39},"end":{"line":132,"column":5}}},"15":{"name":"flaggedWorker","decl":{"start":{"line":134,"column":4},"end":{"line":135,"column":5}},"loc":{"start":{"line":136,"column":21},"end":{"line":205,"column":5}}}},"branchMap":{"0":{"loc":{"start":{"line":27,"column":4},"end":{"line":29,"column":5}},"type":"if","locations":[{"start":{"line":27,"column":4},"end":{"line":29,"column":5}},{"start":{"line":27,"column":4},"end":{"line":29,"column":5}}]},"1":{"loc":{"start":{"line":36,"column":6},"end":{"line":36,"column":46}},"type":"if","locations":[{"start":{"line":36,"column":6},"end":{"line":36,"column":46}},{"start":{"line":36,"column":6},"end":{"line":36,"column":46}}]},"2":{"loc":{"start":{"line":40,"column":6},"end":{"line":40,"column":40}},"type":"if","locations":[{"start":{"line":40,"column":6},"end":{"line":40,"column":40}},{"start":{"line":40,"column":6},"end":{"line":40,"column":40}}]},"3":{"loc":{"start":{"line":108,"column":6},"end":{"line":108,"column":64}},"type":"if","locations":[{"start":{"line":108,"column":6},"end":{"line":108,"column":64}},{"start":{"line":108,"column":6},"end":{"line":108,"column":64}}]},"4":{"loc":{"start":{"line":142,"column":6},"end":{"line":144,"column":7}},"type":"if","locations":[{"start":{"line":142,"column":6},"end":{"line":144,"column":7}},{"start":{"line":142,"column":6},"end":{"line":144,"column":7}}]},"5":{"loc":{"start":{"line":142,"column":10},"end":{"line":142,"column":21}},"type":"binary-expr","locations":[{"start":{"line":142,"column":10},"end":{"line":142,"column":21}},{"start":{"line":142,"column":25},"end":{"line":142,"column":52}}]},"6":{"loc":{"start":{"line":153,"column":6},"end":{"line":162,"column":7}},"type":"if","locations":[{"start":{"line":153,"column":6},"end":{"line":162,"column":7}},{"start":{"line":153,"column":6},"end":{"line":162,"column":7}}]},"7":{"loc":{"start":{"line":164,"column":6},"end":{"line":167,"column":7}},"type":"if","locations":[{"start":{"line":164,"column":6},"end":{"line":167,"column":7}},{"start":{"line":164,"column":6},"end":{"line":167,"column":7}}]},"8":{"loc":{"start":{"line":178,"column":6},"end":{"line":191,"column":7}},"type":"if","locations":[{"start":{"line":178,"column":6},"end":{"line":191,"column":7}},{"start":{"line":178,"column":6},"end":{"line":191,"column":7}}]},"9":{"loc":{"start":{"line":178,"column":10},"end":{"line":178,"column":20}},"type":"binary-expr","locations":[{"start":{"line":178,"column":10},"end":{"line":178,"column":20}},{"start":{"line":178,"column":24},"end":{"line":178,"column":35}}]},"10":{"loc":{"start":{"line":181,"column":13},"end":{"line":191,"column":7}},"type":"if","locations":[{"start":{"line":181,"column":13},"end":{"line":191,"column":7}},{"start":{"line":181,"column":13},"end":{"line":191,"column":7}}]},"11":{"loc":{"start":{"line":181,"column":17},"end":{"line":181,"column":27}},"type":"binary-expr","locations":[{"start":{"line":181,"column":17},"end":{"line":181,"column":27}},{"start":{"line":181,"column":31},"end":{"line":181,"column":43}}]}},"s":{"0":9,"1":9,"2":9,"3":9,"4":9,"5":9,"6":9,"7":9,"8":9,"9":9,"10":9,"11":9,"12":4,"13":3,"14":0,"15":3,"16":3,"17":3,"18":10,"19":10,"20":3,"21":7,"22":7,"23":0,"24":7,"25":7,"26":17,"27":17,"28":7,"29":3,"30":17,"31":17,"32":17,"33":17,"34":23,"35":17,"36":10,"37":10,"38":10,"39":10,"40":0,"41":10,"42":18,"43":10,"44":3,"45":29,"46":29,"47":29,"48":29,"49":0,"50":29,"51":46,"52":46,"53":5,"54":5,"55":12,"56":17,"57":17,"58":0,"59":17,"60":17,"61":0,"62":17,"63":5,"64":5,"65":12,"66":12,"67":12,"68":12,"69":1,"70":11,"71":1,"72":10,"73":12,"74":12},"f":{"0":4,"1":3,"2":10,"3":17,"4":17,"5":17,"6":23,"7":10,"8":0,"9":18,"10":3,"11":29,"12":46,"13":5,"14":12,"15":17},"b":{"0":[0,3],"1":[3,7],"2":[0,7],"3":[0,29],"4":[0,17],"5":[17,10],"6":[0,17],"7":[5,12],"8":[1,11],"9":[12,2],"10":[1,10],"11":[11,1]}}
,"/Users/heysailor/dev/redux-worker-queue/src/flush/worker.ts": {"path":"/Users/heysailor/dev/redux-worker-queue/src/flush/worker.ts","statementMap":{"0":{"start":{"line":2,"column":0},"end":{"line":2,"column":41}},"1":{"start":{"line":7,"column":13},"end":{"line":7,"column":60}},"2":{"start":{"line":15,"column":4},"end":{"line":15,"column":26}},"3":{"start":{"line":16,"column":4},"end":{"line":16,"column":21}},"4":{"start":{"line":17,"column":4},"end":{"line":17,"column":64}},"5":{"start":{"line":21,"column":4},"end":{"line":27,"column":5}},"6":{"start":{"line":22,"column":6},"end":{"line":26,"column":8}},"7":{"start":{"line":28,"column":20},"end":{"line":28,"column":57}},"8":{"start":{"line":31,"column":4},"end":{"line":33,"column":5}},"9":{"start":{"line":32,"column":6},"end":{"line":32,"column":43}},"10":{"start":{"line":36,"column":4},"end":{"line":50,"column":5}},"11":{"start":{"line":37,"column":6},"end":{"line":37,"column":38}},"12":{"start":{"line":39,"column":6},"end":{"line":47,"column":7}},"13":{"start":{"line":40,"column":8},"end":{"line":46,"column":10}},"14":{"start":{"line":49,"column":6},"end":{"line":49,"column":44}},"15":{"start":{"line":9,"column":0},"end":{"line":52,"column":1}}},"fnMap":{"0":{"name":"(anonymous_6)","decl":{"start":{"line":14,"column":2},"end":{"line":14,"column":13}},"loc":{"start":{"line":14,"column":52},"end":{"line":18,"column":3}}},"1":{"name":"(anonymous_7)","decl":{"start":{"line":20,"column":15},"end":{"line":20,"column":21}},"loc":{"start":{"line":20,"column":22},"end":{"line":51,"column":3}}}},"branchMap":{"0":{"loc":{"start":{"line":21,"column":4},"end":{"line":27,"column":5}},"type":"if","locations":[{"start":{"line":21,"column":4},"end":{"line":27,"column":5}},{"start":{"line":21,"column":4},"end":{"line":27,"column":5}}]},"1":{"loc":{"start":{"line":21,"column":8},"end":{"line":21,"column":22}},"type":"binary-expr","locations":[{"start":{"line":21,"column":8},"end":{"line":21,"column":22}},{"start":{"line":21,"column":26},"end":{"line":21,"column":47}}]},"2":{"loc":{"start":{"line":31,"column":4},"end":{"line":33,"column":5}},"type":"if","locations":[{"start":{"line":31,"column":4},"end":{"line":33,"column":5}},{"start":{"line":31,"column":4},"end":{"line":33,"column":5}}]},"3":{"loc":{"start":{"line":39,"column":6},"end":{"line":47,"column":7}},"type":"if","locations":[{"start":{"line":39,"column":6},"end":{"line":47,"column":7}},{"start":{"line":39,"column":6},"end":{"line":47,"column":7}}]},"4":{"loc":{"start":{"line":39,"column":10},"end":{"line":39,"column":17}},"type":"binary-expr","locations":[{"start":{"line":39,"column":10},"end":{"line":39,"column":17}},{"start":{"line":39,"column":21},"end":{"line":39,"column":34}}]}},"s":{"0":9,"1":9,"2":16,"3":16,"4":16,"5":15,"6":1,"7":14,"8":14,"9":1,"10":13,"11":13,"12":1,"13":1,"14":1,"15":9},"f":{"0":16,"1":15},"b":{"0":[1,14],"1":[15,14],"2":[1,13],"3":[1,0],"4":[1,1]}}
,"/Users/heysailor/dev/redux-worker-queue/src/queue/duck.ts": {"path":"/Users/heysailor/dev/redux-worker-queue/src/queue/duck.ts","statementMap":{"0":{"start":{"line":1,"column":0},"end":{"line":1,"column":29}},"1":{"start":{"line":2,"column":0},"end":{"line":2,"column":34}},"2":{"start":{"line":5,"column":0},"end":{"line":5,"column":66}},"3":{"start":{"line":6,"column":0},"end":{"line":6,"column":37}},"4":{"start":{"line":7,"column":0},"end":{"line":7,"column":54}},"5":{"start":{"line":8,"column":0},"end":{"line":8,"column":39}},"6":{"start":{"line":10,"column":0},"end":{"line":13,"column":1}},"7":{"start":{"line":11,"column":2},"end":{"line":11,"column":52}},"8":{"start":{"line":12,"column":2},"end":{"line":12,"column":38}},"9":{"start":{"line":20,"column":2},"end":{"line":23,"column":4}},"10":{"start":{"line":17,"column":0},"end":{"line":24,"column":1}},"11":{"start":{"line":27,"column":13},"end":{"line":34,"column":2}},"12":{"start":{"line":30,"column":2},"end":{"line":33,"column":4}},"13":{"start":{"line":41,"column":2},"end":{"line":54,"column":3}},"14":{"start":{"line":43,"column":6},"end":{"line":43,"column":64}},"15":{"start":{"line":46,"column":6},"end":{"line":46,"column":59}},"16":{"start":{"line":49,"column":6},"end":{"line":49,"column":16}},"17":{"start":{"line":52,"column":6},"end":{"line":52,"column":19}},"18":{"start":{"line":37,"column":0},"end":{"line":55,"column":1}},"19":{"start":{"line":59,"column":13},"end":{"line":60,"column":49}},"20":{"start":{"line":60,"column":2},"end":{"line":60,"column":48}},"21":{"start":{"line":62,"column":13},"end":{"line":65,"column":64}},"22":{"start":{"line":65,"column":5},"end":{"line":65,"column":63}}},"fnMap":{"0":{"name":"(anonymous_0)","decl":{"start":{"line":10,"column":0},"end":{"line":10,"column":11}},"loc":{"start":{"line":10,"column":28},"end":{"line":13,"column":1}}},"1":{"name":"addOrUpdateItem","decl":{"start":{"line":17,"column":0},"end":{"line":18,"column":1}},"loc":{"start":{"line":18,"column":44},"end":{"line":24,"column":1}}},"2":{"name":"(anonymous_2)","decl":{"start":{"line":27,"column":26},"end":{"line":28,"column":2}},"loc":{"start":{"line":29,"column":28},"end":{"line":34,"column":1}}},"3":{"name":"queueReducer","decl":{"start":{"line":37,"column":0},"end":{"line":38,"column":1}},"loc":{"start":{"line":39,"column":16},"end":{"line":55,"column":1}}},"4":{"name":"(anonymous_4)","decl":{"start":{"line":59,"column":29},"end":{"line":59,"column":30}},"loc":{"start":{"line":60,"column":2},"end":{"line":60,"column":48}}},"5":{"name":"(anonymous_5)","decl":{"start":{"line":62,"column":51},"end":{"line":63,"column":2}},"loc":{"start":{"line":65,"column":5},"end":{"line":65,"column":63}}}},"branchMap":{"0":{"loc":{"start":{"line":10,"column":12},"end":{"line":10,"column":28}},"type":"binary-expr","locations":[{"start":{"line":10,"column":12},"end":{"line":10,"column":28}},{"start":{"line":10,"column":12},"end":{"line":10,"column":28}}]},"1":{"loc":{"start":{"line":38,"column":23},"end":{"line":38,"column":25}},"type":"default-arg","locations":[{"start":{"line":38,"column":23},"end":{"line":38,"column":25}}]},"2":{"loc":{"start":{"line":42,"column":4},"end":{"line":44,"column":5}},"type":"switch","locations":[{"start":{"line":42,"column":4},"end":{"line":44,"column":5}},{"start":{"line":45,"column":4},"end":{"line":47,"column":5}},{"start":{"line":48,"column":4},"end":{"line":50,"column":5}},{"start":{"line":51,"column":4},"end":{"line":53,"column":5}}]}},"s":{"0":9,"1":9,"2":9,"3":9,"4":9,"5":9,"6":9,"7":9,"8":9,"9":27,"10":9,"11":9,"12":9,"13":107,"14":25,"15":8,"16":2,"17":72,"18":9,"19":9,"20":31,"21":9,"22":2},"f":{"0":9,"1":27,"2":9,"3":107,"4":31,"5":2},"b":{"0":[9,9],"1":[30],"2":[25,8,2,72]}}
,"/Users/heysailor/dev/redux-worker-queue/src/queue/index.ts": {"path":"/Users/heysailor/dev/redux-worker-queue/src/queue/index.ts","statementMap":{"0":{"start":{"line":1,"column":0},"end":{"line":1,"column":31}},"1":{"start":{"line":1,"column":9},"end":{"line":1,"column":14}},"2":{"start":{"line":2,"column":0},"end":{"line":2,"column":34}},"3":{"start":{"line":2,"column":9},"end":{"line":2,"column":18}}},"fnMap":{},"branchMap":{},"s":{"0":1,"1":1,"2":1,"3":1},"f":{},"b":{}}
,"/Users/heysailor/dev/redux-worker-queue/src/queue/item.ts": {"path":"/Users/heysailor/dev/redux-worker-queue/src/queue/item.ts","statementMap":{"0":{"start":{"line":1,"column":0},"end":{"line":1,"column":29}},"1":{"start":{"line":5,"column":11},"end":{"line":5,"column":29}},"2":{"start":{"line":6,"column":11},"end":{"line":6,"column":32}},"3":{"start":{"line":8,"column":11},"end":{"line":8,"column":67}},"4":{"start":{"line":9,"column":11},"end":{"line":9,"column":51}},"5":{"start":{"line":12,"column":4},"end":{"line":12,"column":26}},"6":{"start":{"line":13,"column":4},"end":{"line":13,"column":39}},"7":{"start":{"line":14,"column":4},"end":{"line":17,"column":13}},"8":{"start":{"line":18,"column":4},"end":{"line":18,"column":75}},"9":{"start":{"line":19,"column":4},"end":{"line":22,"column":25}},"10":{"start":{"line":4,"column":0},"end":{"line":24,"column":1}}},"fnMap":{"0":{"name":"(anonymous_1)","decl":{"start":{"line":11,"column":2},"end":{"line":11,"column":13}},"loc":{"start":{"line":11,"column":51},"end":{"line":23,"column":3}}}},"branchMap":{"0":{"loc":{"start":{"line":16,"column":10},"end":{"line":16,"column":40}},"type":"cond-expr","locations":[{"start":{"line":16,"column":10},"end":{"line":16,"column":40}},{"start":{"line":17,"column":10},"end":{"line":17,"column":12}}]},"1":{"loc":{"start":{"line":15,"column":18},"end":{"line":15,"column":22}},"type":"binary-expr","locations":[{"start":{"line":15,"column":18},"end":{"line":15,"column":22}},{"start":{"line":15,"column":39},"end":{"line":15,"column":51}}]},"2":{"loc":{"start":{"line":18,"column":28},"end":{"line":18,"column":49}},"type":"binary-expr","locations":[{"start":{"line":18,"column":28},"end":{"line":18,"column":49}},{"start":{"line":18,"column":53},"end":{"line":18,"column":74}}]},"3":{"loc":{"start":{"line":21,"column":23},"end":{"line":21,"column":38}},"type":"cond-expr","locations":[{"start":{"line":21,"column":23},"end":{"line":21,"column":38}},{"start":{"line":22,"column":10},"end":{"line":22,"column":24}}]},"4":{"loc":{"start":{"line":20,"column":18},"end":{"line":20,"column":22}},"type":"binary-expr","locations":[{"start":{"line":20,"column":18},"end":{"line":20,"column":22}},{"start":{"line":20,"column":39},"end":{"line":20,"column":54}}]}},"s":{"0":10,"1":31,"2":31,"3":31,"4":31,"5":31,"6":31,"7":31,"8":31,"9":31,"10":10},"f":{"0":31},"b":{"0":[16,15],"1":[31,31],"2":[31,12],"3":[16,15],"4":[31,31]}}
,"/Users/heysailor/dev/redux-worker-queue/src/util/collections.ts": {"path":"/Users/heysailor/dev/redux-worker-queue/src/util/collections.ts","statementMap":{"0":{"start":{"line":1,"column":0},"end":{"line":1,"column":48}},"1":{"start":{"line":2,"column":0},"end":{"line":2,"column":41}},"2":{"start":{"line":6,"column":2},"end":{"line":6,"column":67}},"3":{"start":{"line":6,"column":36},"end":{"line":6,"column":65}},"4":{"start":{"line":5,"column":0},"end":{"line":7,"column":1}},"5":{"start":{"line":11,"column":2},"end":{"line":11,"column":60}},"6":{"start":{"line":10,"column":0},"end":{"line":12,"column":1}},"7":{"start":{"line":19,"column":2},"end":{"line":22,"column":4}},"8":{"start":{"line":21,"column":26},"end":{"line":21,"column":68}},"9":{"start":{"line":15,"column":0},"end":{"line":23,"column":1}}},"fnMap":{"0":{"name":"uniqueItems","decl":{"start":{"line":5,"column":0},"end":{"line":5,"column":49}},"loc":{"start":{"line":5,"column":60},"end":{"line":7,"column":1}}},"1":{"name":"(anonymous_1)","decl":{"start":{"line":6,"column":23},"end":{"line":6,"column":24}},"loc":{"start":{"line":6,"column":36},"end":{"line":6,"column":65}}},"2":{"name":"orderedItems","decl":{"start":{"line":10,"column":0},"end":{"line":10,"column":50}},"loc":{"start":{"line":10,"column":61},"end":{"line":12,"column":1}}},"3":{"name":"rejectedItems","decl":{"start":{"line":15,"column":0},"end":{"line":16,"column":1}},"loc":{"start":{"line":17,"column":36},"end":{"line":23,"column":1}}},"4":{"name":"(anonymous_4)","decl":{"start":{"line":21,"column":4},"end":{"line":21,"column":5}},"loc":{"start":{"line":21,"column":26},"end":{"line":21,"column":68}}}},"branchMap":{"0":{"loc":{"start":{"line":6,"column":36},"end":{"line":6,"column":40}},"type":"binary-expr","locations":[{"start":{"line":6,"column":36},"end":{"line":6,"column":40}},{"start":{"line":6,"column":44},"end":{"line":6,"column":65}}]}},"s":{"0":9,"1":9,"2":61,"3":219,"4":9,"5":61,"6":9,"7":15,"8":43,"9":9},"f":{"0":61,"1":219,"2":61,"3":15,"4":43},"b":{"0":[219,219]}}
,"/Users/heysailor/dev/redux-worker-queue/src/util/hash.ts": {"path":"/Users/heysailor/dev/redux-worker-queue/src/util/hash.ts","statementMap":{"0":{"start":{"line":1,"column":0},"end":{"line":1,"column":21}},"1":{"start":{"line":3,"column":13},"end":{"line":32,"column":4}},"2":{"start":{"line":4,"column":20},"end":{"line":24,"column":3}},"3":{"start":{"line":6,"column":17},"end":{"line":6,"column":30}},"4":{"start":{"line":7,"column":25},"end":{"line":7,"column":27}},"5":{"start":{"line":9,"column":4},"end":{"line":21,"column":5}},"6":{"start":{"line":14,"column":6},"end":{"line":16,"column":7}},"7":{"start":{"line":15,"column":8},"end":{"line":15,"column":78}},"8":{"start":{"line":17,"column":11},"end":{"line":21,"column":5}},"9":{"start":{"line":18,"column":6},"end":{"line":18,"column":57}},"10":{"start":{"line":20,"column":6},"end":{"line":20,"column":46}},"11":{"start":{"line":23,"column":4},"end":{"line":23,"column":45}},"12":{"start":{"line":27,"column":2},"end":{"line":31,"column":4}},"13":{"start":{"line":29,"column":6},"end":{"line":29,"column":36}},"14":{"start":{"line":34,"column":9},"end":{"line":34,"column":13}}},"fnMap":{"0":{"name":"hashConstructor","decl":{"start":{"line":3,"column":14},"end":{"line":null,"column":-1}},"loc":{"start":{"line":3,"column":14},"end":{"line":32,"column":1}}},"1":{"name":"hashObject","decl":{"start":{"line":4,"column":20},"end":{"line":4,"column":39}},"loc":{"start":{"line":4,"column":51},"end":{"line":24,"column":3}}}},"branchMap":{"0":{"loc":{"start":{"line":9,"column":4},"end":{"line":21,"column":5}},"type":"if","locations":[{"start":{"line":9,"column":4},"end":{"line":21,"column":5}},{"start":{"line":9,"column":4},"end":{"line":21,"column":5}}]},"1":{"loc":{"start":{"line":17,"column":11},"end":{"line":21,"column":5}},"type":"if","locations":[{"start":{"line":17,"column":11},"end":{"line":21,"column":5}},{"start":{"line":17,"column":11},"end":{"line":21,"column":5}}]}},"s":{"0":9,"1":9,"2":9,"3":612,"4":612,"5":612,"6":276,"7":536,"8":336,"9":0,"10":336,"11":612,"12":9,"13":76,"14":9},"f":{"0":9,"1":612},"b":{"0":[276,336],"1":[0,336]}}
,"/Users/heysailor/dev/redux-worker-queue/src/util/index.ts": {"path":"/Users/heysailor/dev/redux-worker-queue/src/util/index.ts","statementMap":{"0":{"start":{"line":1,"column":0},"end":{"line":1,"column":23}},"1":{"start":{"line":2,"column":0},"end":{"line":2,"column":30}},"2":{"start":{"line":3,"column":0},"end":{"line":3,"column":28}},"3":{"start":{"line":4,"column":0},"end":{"line":4,"column":27}}},"fnMap":{},"branchMap":{},"s":{"0":9,"1":9,"2":9,"3":9},"f":{},"b":{}}
,"/Users/heysailor/dev/redux-worker-queue/src/util/nextTick.ts": {"path":"/Users/heysailor/dev/redux-worker-queue/src/util/nextTick.ts","statementMap":{"0":{"start":{"line":1,"column":13},"end":{"line":3,"column":2}},"1":{"start":{"line":2,"column":2},"end":{"line":2,"column":50}},"2":{"start":{"line":2,"column":32},"end":{"line":2,"column":41}}},"fnMap":{"0":{"name":"(anonymous_0)","decl":{"start":{"line":1,"column":34},"end":{"line":1,"column":36}},"loc":{"start":{"line":1,"column":39},"end":{"line":3,"column":1}}},"1":{"name":"(anonymous_1)","decl":{"start":{"line":2,"column":21},"end":{"line":2,"column":27}},"loc":{"start":{"line":2,"column":32},"end":{"line":2,"column":41}}}},"branchMap":{},"s":{"0":9,"1":91,"2":91},"f":{"0":91,"1":91},"b":{}}
,"/Users/heysailor/dev/redux-worker-queue/src/util/timestamp.ts": {"path":"/Users/heysailor/dev/redux-worker-queue/src/util/timestamp.ts","statementMap":{"0":{"start":{"line":2,"column":2},"end":{"line":2,"column":49}},"1":{"start":{"line":1,"column":0},"end":{"line":3,"column":1}}},"fnMap":{"0":{"name":"getTimestamp","decl":{"start":{"line":1,"column":0},"end":{"line":null,"column":-1}},"loc":{"start":{"line":1,"column":0},"end":{"line":3,"column":1}}}},"branchMap":{},"s":{"0":0,"1":9},"f":{"0":0},"b":{}}
}
