TN:
SF:/Users/heysailor/dev/redux-worker-queue/src/WorkerQueue.ts
FN:49,(anonymous_8)
FN:37,(anonymous_9)
FN:84,(anonymous_10)
FN:92,(anonymous_11)
FN:112,(anonymous_12)
FN:115,(anonymous_13)
FN:118,(anonymous_14)
FN:121,(anonymous_15)
FN:124,(anonymous_16)
FN:132,(anonymous_17)
FN:139,(anonymous_18)
FN:148,(anonymous_20)
FN:151,(anonymous_21)
FN:154,(anonymous_22)
FN:157,(anonymous_23)
FN:161,(anonymous_24)
FN:165,(anonymous_25)
FN:168,(anonymous_26)
FN:171,(anonymous_27)
FN:191,validWorkerCount
FNF:20
FNH:8
FNDA:3,(anonymous_8)
FNDA:16,(anonymous_9)
FNDA:3,(anonymous_10)
FNDA:3,(anonymous_11)
FNDA:3,(anonymous_12)
FNDA:0,(anonymous_13)
FNDA:0,(anonymous_14)
FNDA:0,(anonymous_15)
FNDA:0,(anonymous_16)
FNDA:0,(anonymous_17)
FNDA:0,(anonymous_18)
FNDA:0,(anonymous_20)
FNDA:0,(anonymous_21)
FNDA:0,(anonymous_22)
FNDA:0,(anonymous_23)
FNDA:0,(anonymous_24)
FNDA:0,(anonymous_25)
FNDA:16,(anonymous_26)
FNDA:2,(anonymous_27)
FNDA:1,validWorkerCount
DA:1,4
DA:9,4
DA:11,4
DA:12,4
DA:23,4
DA:24,4
DA:25,4
DA:26,4
DA:27,4
DA:30,4
DA:34,3
DA:35,3
DA:36,3
DA:37,3
DA:38,16
DA:40,3
DA:41,3
DA:53,3
DA:54,0
DA:57,3
DA:58,0
DA:63,3
DA:64,1
DA:65,0
DA:69,1
DA:70,0
DA:75,3
DA:83,3
DA:84,3
DA:86,0
DA:89,3
DA:95,3
DA:96,0
DA:98,3
DA:103,0
DA:107,3
DA:109,3
DA:113,3
DA:116,0
DA:119,0
DA:122,0
DA:125,0
DA:126,0
DA:130,0
DA:135,0
DA:136,0
DA:137,0
DA:142,0
DA:143,0
DA:149,0
DA:152,0
DA:155,0
DA:158,0
DA:159,0
DA:162,0
DA:163,0
DA:166,0
DA:169,16
DA:172,2
DA:173,0
DA:177,2
DA:181,0
DA:185,2
DA:189,4
DA:192,1
LF:65
LH:37
BRDA:38,0,0,0
BRDA:38,0,1,16
BRDA:53,1,0,0
BRDA:53,1,1,3
BRDA:57,2,0,0
BRDA:57,2,1,3
BRDA:57,3,0,3
BRDA:57,3,1,3
BRDA:57,3,2,0
BRDA:63,4,0,1
BRDA:63,4,1,2
BRDA:64,5,0,0
BRDA:64,5,1,1
BRDA:69,6,0,0
BRDA:69,6,1,1
BRDA:80,7,0,1
BRDA:80,7,1,2
BRDA:80,8,0,3
BRDA:80,8,1,1
BRDA:83,9,0,3
BRDA:83,9,1,0
BRDA:95,10,0,0
BRDA:95,10,1,3
BRDA:95,11,0,3
BRDA:95,11,1,3
BRDA:98,12,0,0
BRDA:98,12,1,3
BRDA:99,13,0,3
BRDA:99,13,1,3
BRDA:99,13,2,3
BRDA:125,14,0,0
BRDA:125,14,1,0
BRDA:135,15,0,0
BRDA:135,15,1,0
BRDA:172,16,0,0
BRDA:172,16,1,2
BRDA:177,17,0,0
BRDA:177,17,1,2
BRDA:178,18,0,2
BRDA:178,18,1,2
BRDA:193,19,0,1
BRDA:193,19,1,1
BRDA:193,19,2,1
BRDA:193,19,3,1
BRDA:193,19,4,1
BRDA:193,19,5,1
BRF:46
BRH:31
end_of_record
TN:
SF:/Users/heysailor/dev/redux-worker-queue/src/duck.ts
FN:10,(anonymous_1)
FN:16,(anonymous_2)
FNF:2
FNH:2
FNDA:4,(anonymous_1)
FNDA:3,(anonymous_2)
DA:1,4
DA:5,4
DA:6,4
DA:10,4
DA:11,4
DA:16,4
DA:17,3
DA:20,4
DA:25,4
LF:9
LH:9
BRDA:10,0,0,4
BRDA:10,0,1,4
BRF:2
BRH:2
end_of_record
TN:
SF:/Users/heysailor/dev/redux-worker-queue/src/index.ts
FNF:0
FNH:0
DA:1,2
DA:3,2
LF:2
LH:2
BRF:0
BRH:0
end_of_record
TN:
SF:/Users/heysailor/dev/redux-worker-queue/src/middleware.ts
FN:16,(anonymous_1)
FNF:1
FNH:1
FNDA:2,(anonymous_1)
DA:2,4
DA:3,4
DA:16,4
DA:21,2
DA:24,2
LF:5
LH:5
BRF:0
BRH:0
end_of_record
TN:
SF:/Users/heysailor/dev/redux-worker-queue/src/store.ts
FN:16,initStore
FN:24,(anonymous_2)
FNF:2
FNH:2
FNDA:4,initStore
FNDA:4,(anonymous_2)
DA:1,4
DA:7,4
DA:9,4
DA:16,4
DA:17,4
DA:19,4
DA:24,4
DA:27,4
LF:8
LH:8
BRDA:17,0,0,0
BRDA:17,0,1,4
BRDA:20,1,0,4
BRDA:20,1,1,2
BRF:4
BRH:3
end_of_record
TN:
SF:/Users/heysailor/dev/redux-worker-queue/src/flag/duck.ts
FN:14,(anonymous_6)
FN:26,addOrUpdateFlag
FN:45,removeFlag
FN:59,(anonymous_9)
FN:60,cleanAsync
FN:76,(anonymous_12)
FN:92,(anonymous_13)
FN:119,flagsReducer
FN:141,(anonymous_15)
FN:145,(anonymous_16)
FN:151,(anonymous_17)
FN:156,(anonymous_18)
FN:161,(anonymous_19)
FN:166,(anonymous_20)
FNF:14
FNH:10
FNDA:4,(anonymous_6)
FNDA:14,addOrUpdateFlag
FNDA:3,removeFlag
FNDA:0,(anonymous_9)
FNDA:0,cleanAsync
FNDA:0,(anonymous_12)
FNDA:0,(anonymous_13)
FNDA:14,flagsReducer
FNDA:12,(anonymous_15)
FNDA:1,(anonymous_16)
FNDA:3,(anonymous_17)
FNDA:3,(anonymous_18)
FNDA:3,(anonymous_19)
FNDA:1,(anonymous_20)
DA:1,4
DA:4,4
DA:7,4
DA:9,4
DA:10,4
DA:12,4
DA:14,4
DA:15,4
DA:16,4
DA:26,4
DA:30,14
DA:31,1
DA:33,13
DA:34,2
DA:39,11
DA:45,4
DA:48,3
DA:49,1
DA:52,2
DA:59,4
DA:60,0
DA:64,0
DA:67,0
DA:73,0
DA:75,0
DA:77,0
DA:78,0
DA:83,0
DA:87,0
DA:88,0
DA:90,0
DA:91,0
DA:93,0
DA:97,0
DA:98,0
DA:100,0
DA:102,0
DA:103,0
DA:106,0
DA:113,0
DA:119,4
DA:123,14
DA:125,5
DA:128,1
DA:131,1
DA:134,7
DA:141,4
DA:142,12
DA:145,4
DA:149,1
DA:151,4
DA:154,3
DA:156,4
DA:159,3
DA:161,4
DA:164,3
DA:166,4
DA:167,1
LF:58
LH:38
BRDA:14,0,0,4
BRDA:14,0,1,4
BRDA:30,1,0,1
BRDA:30,1,1,13
BRDA:30,2,0,14
BRDA:30,2,1,14
BRDA:30,2,2,13
BRDA:33,3,0,2
BRDA:33,3,1,11
BRDA:33,4,0,13
BRDA:33,4,1,12
BRDA:48,5,0,1
BRDA:48,5,1,2
BRDA:73,6,0,0
BRDA:73,6,1,0
BRDA:90,7,0,0
BRDA:90,7,1,0
BRDA:97,8,0,0
BRDA:97,8,1,0
BRDA:100,9,0,0
BRDA:100,9,1,0
BRDA:120,10,0,10
BRDA:124,11,0,5
BRDA:124,11,1,1
BRDA:124,11,2,1
BRDA:124,11,3,7
BRF:26
BRH:18
end_of_record
TN:
SF:/Users/heysailor/dev/redux-worker-queue/src/flag/flag.ts
FN:14,(anonymous_0)
FNF:1
FNH:1
FNDA:20,(anonymous_0)
DA:4,4
DA:6,4
DA:8,20
DA:12,20
DA:15,20
DA:16,0
DA:19,20
DA:20,1
DA:25,19
DA:26,19
DA:27,19
DA:28,19
DA:29,19
DA:30,19
DA:32,0
LF:15
LH:13
BRDA:15,0,0,0
BRDA:15,0,1,20
BRDA:19,1,0,1
BRDA:19,1,1,19
BRDA:26,2,0,19
BRDA:26,2,1,17
BRDA:29,3,0,19
BRDA:29,3,1,0
BRF:8
BRH:6
end_of_record
TN:
SF:/Users/heysailor/dev/redux-worker-queue/src/flag/index.ts
FNF:0
FNH:0
DA:1,4
DA:2,4
LF:2
LH:2
BRF:0
BRH:0
end_of_record
TN:
SF:/Users/heysailor/dev/redux-worker-queue/src/flush/duck.ts
FN:11,flushableItemsSelector
FNF:1
FNH:1
FNDA:2,flushableItemsSelector
DA:1,4
DA:4,4
DA:6,4
DA:7,4
DA:11,4
DA:12,2
DA:20,2
DA:21,2
DA:30,4
LF:9
LH:9
BRF:0
BRH:0
end_of_record
TN:
SF:/Users/heysailor/dev/redux-worker-queue/src/flush/thunk.ts
FN:21,(anonymous_8)
FN:22,flushAsync
FN:33,(anonymous_11)
FN:45,(anonymous_13)
FN:45,(anonymous_14)
FN:55,flush
FN:75,(anonymous_17)
FN:80,getFlushableItems
FN:86,(anonymous_20)
FN:89,(anonymous_21)
FN:95,clean
FN:99,flagAs
FN:112,getFlag
FN:123,removeQueueItem
FN:129,save
FN:134,flaggedWorker
FNF:16
FNH:0
FNDA:0,(anonymous_8)
FNDA:0,flushAsync
FNDA:0,(anonymous_11)
FNDA:0,(anonymous_13)
FNDA:0,(anonymous_14)
FNDA:0,flush
FNDA:0,(anonymous_17)
FNDA:0,getFlushableItems
FNDA:0,(anonymous_20)
FNDA:0,(anonymous_21)
FNDA:0,clean
FNDA:0,flagAs
FNDA:0,getFlag
FNDA:0,removeQueueItem
FNDA:0,save
FNDA:0,flaggedWorker
DA:2,4
DA:3,4
DA:5,4
DA:6,4
DA:7,4
DA:8,4
DA:12,4
DA:13,4
DA:14,4
DA:17,4
DA:18,4
DA:21,4
DA:22,0
DA:27,0
DA:28,0
DA:30,0
DA:31,0
DA:33,0
DA:34,0
DA:36,0
DA:38,0
DA:40,0
DA:42,0
DA:44,0
DA:45,0
DA:46,0
DA:50,0
DA:53,0
DA:56,0
DA:57,0
DA:58,0
DA:66,0
DA:68,0
DA:75,0
DA:77,0
DA:81,0
DA:83,0
DA:84,0
DA:86,0
DA:87,0
DA:90,0
DA:92,0
DA:96,0
DA:103,0
DA:104,0
DA:106,0
DA:108,0
DA:109,0
DA:115,0
DA:116,0
DA:124,0
DA:125,0
DA:130,0
DA:139,0
DA:142,0
DA:143,0
DA:147,0
DA:153,0
DA:154,0
DA:155,0
DA:161,0
DA:164,0
DA:165,0
DA:166,0
DA:169,0
DA:172,0
DA:175,0
DA:178,0
DA:180,0
DA:181,0
DA:183,0
DA:186,0
DA:193,0
DA:195,0
DA:204,0
LF:75
LH:12
BRDA:27,0,0,0
BRDA:27,0,1,0
BRDA:36,1,0,0
BRDA:36,1,1,0
BRDA:40,2,0,0
BRDA:40,2,1,0
BRDA:59,3,0,0
BRDA:59,3,1,0
BRDA:58,4,0,0
BRDA:58,4,1,0
BRDA:69,5,0,0
BRDA:69,5,1,0
BRDA:68,6,0,0
BRDA:68,6,1,0
BRDA:108,7,0,0
BRDA:108,7,1,0
BRDA:142,8,0,0
BRDA:142,8,1,0
BRDA:142,9,0,0
BRDA:142,9,1,0
BRDA:153,10,0,0
BRDA:153,10,1,0
BRDA:154,11,0,0
BRDA:154,11,1,0
BRDA:154,12,0,0
BRDA:154,12,1,0
BRDA:164,13,0,0
BRDA:164,13,1,0
BRDA:178,14,0,0
BRDA:178,14,1,0
BRDA:178,15,0,0
BRDA:178,15,1,0
BRDA:181,16,0,0
BRDA:181,16,1,0
BRDA:181,17,0,0
BRDA:181,17,1,0
BRDA:196,18,0,0
BRDA:196,18,1,0
BRDA:195,19,0,0
BRDA:195,19,1,0
BRDA:200,20,0,0
BRDA:200,20,1,0
BRF:42
BRH:0
end_of_record
TN:
SF:/Users/heysailor/dev/redux-worker-queue/src/flush/worker.ts
FN:14,(anonymous_6)
FN:20,(anonymous_7)
FNF:2
FNH:0
FNDA:0,(anonymous_6)
FNDA:0,(anonymous_7)
DA:2,4
DA:7,4
DA:9,4
DA:15,0
DA:16,0
DA:17,0
DA:21,0
DA:22,0
DA:28,0
DA:31,0
DA:32,0
DA:36,0
DA:37,0
DA:39,0
DA:40,0
DA:41,0
DA:50,0
LF:17
LH:3
BRDA:21,0,0,0
BRDA:21,0,1,0
BRDA:21,1,0,0
BRDA:21,1,1,0
BRDA:31,2,0,0
BRDA:31,2,1,0
BRDA:40,3,0,0
BRDA:40,3,1,0
BRDA:40,4,0,0
BRDA:40,4,1,0
BRF:10
BRH:0
end_of_record
TN:
SF:/Users/heysailor/dev/redux-worker-queue/src/queue/duck.ts
FN:10,(anonymous_0)
FN:17,addOrUpdateItem
FN:27,(anonymous_2)
FN:37,queueReducer
FN:59,(anonymous_4)
FN:62,(anonymous_5)
FNF:6
FNH:6
FNDA:4,(anonymous_0)
FNDA:10,addOrUpdateItem
FNDA:2,(anonymous_2)
FNDA:22,queueReducer
FNDA:4,(anonymous_4)
FNDA:1,(anonymous_5)
DA:1,4
DA:2,4
DA:5,4
DA:6,4
DA:7,4
DA:8,4
DA:10,4
DA:11,4
DA:12,4
DA:17,4
DA:20,10
DA:27,4
DA:30,2
DA:37,4
DA:41,22
DA:43,8
DA:46,1
DA:49,1
DA:52,12
DA:59,4
DA:60,4
DA:62,4
DA:65,1
LF:23
LH:23
BRDA:10,0,0,4
BRDA:10,0,1,4
BRDA:38,1,0,11
BRDA:42,2,0,8
BRDA:42,2,1,1
BRDA:42,2,2,1
BRDA:42,2,3,12
BRF:7
BRH:7
end_of_record
TN:
SF:/Users/heysailor/dev/redux-worker-queue/src/queue/index.ts
FNF:0
FNH:0
DA:1,1
DA:2,1
LF:2
LH:2
BRF:0
BRH:0
end_of_record
TN:
SF:/Users/heysailor/dev/redux-worker-queue/src/queue/item.ts
FN:11,(anonymous_1)
FNF:1
FNH:1
FNDA:12,(anonymous_1)
DA:1,4
DA:4,4
DA:5,12
DA:6,12
DA:8,12
DA:9,12
DA:12,12
DA:13,12
DA:14,12
DA:18,12
DA:19,12
LF:11
LH:11
BRDA:16,0,0,2
BRDA:16,0,1,10
BRDA:15,1,0,12
BRDA:15,1,1,12
BRDA:18,2,0,12
BRDA:18,2,1,10
BRDA:21,3,0,2
BRDA:21,3,1,10
BRDA:20,4,0,12
BRDA:20,4,1,12
BRF:10
BRH:10
end_of_record
TN:
SF:/Users/heysailor/dev/redux-worker-queue/src/util/collections.ts
FN:5,uniqueItems
FN:6,(anonymous_1)
FN:10,orderedItems
FN:15,rejectedItems
FN:21,(anonymous_4)
FNF:5
FNH:5
FNDA:13,uniqueItems
FNDA:20,(anonymous_1)
FNDA:13,orderedItems
FNDA:2,rejectedItems
FNDA:2,(anonymous_4)
DA:1,4
DA:2,4
DA:5,4
DA:6,20
DA:10,4
DA:11,13
DA:15,4
DA:19,2
DA:21,2
LF:9
LH:9
BRDA:6,0,0,20
BRDA:6,0,1,20
BRF:2
BRH:2
end_of_record
TN:
SF:/Users/heysailor/dev/redux-worker-queue/src/util/hash.ts
FN:3,hashConstructor
FN:4,hashObject
FNF:2
FNH:2
FNDA:4,hashConstructor
FNDA:124,hashObject
DA:1,4
DA:3,4
DA:4,4
DA:6,124
DA:7,124
DA:9,124
DA:14,57
DA:15,105
DA:17,67
DA:18,0
DA:20,67
DA:23,124
DA:27,4
DA:29,19
DA:34,4
LF:15
LH:14
BRDA:9,0,0,57
BRDA:9,0,1,67
BRDA:17,1,0,0
BRDA:17,1,1,67
BRF:4
BRH:3
end_of_record
TN:
SF:/Users/heysailor/dev/redux-worker-queue/src/util/index.ts
FNF:0
FNH:0
DA:1,4
DA:2,4
DA:3,4
DA:4,4
LF:4
LH:4
BRF:0
BRH:0
end_of_record
TN:
SF:/Users/heysailor/dev/redux-worker-queue/src/util/nextTick.ts
FN:1,(anonymous_0)
FN:2,(anonymous_1)
FNF:2
FNH:0
FNDA:0,(anonymous_0)
FNDA:0,(anonymous_1)
DA:1,4
DA:2,0
LF:2
LH:1
BRF:0
BRH:0
end_of_record
TN:
SF:/Users/heysailor/dev/redux-worker-queue/src/util/timestamp.ts
FN:1,getTimestamp
FNF:1
FNH:0
FNDA:0,getTimestamp
DA:1,4
DA:2,0
LF:2
LH:1
BRF:0
BRH:0
end_of_record
