TN:
SF:/Users/heysailor/dev/redux-worker-queue/src/WorkerQueue.ts
FN:47,(anonymous_1)
FN:35,(anonymous_2)
FN:85,(anonymous_3)
FN:93,(anonymous_4)
FN:113,(anonymous_5)
FN:116,(anonymous_6)
FN:119,(anonymous_7)
FN:122,(anonymous_8)
FN:125,(anonymous_9)
FN:133,(anonymous_10)
FN:136,(anonymous_11)
FN:139,(anonymous_12)
FN:142,(anonymous_13)
FN:145,(anonymous_14)
FN:149,(anonymous_15)
FN:153,(anonymous_16)
FN:156,(anonymous_17)
FN:159,(anonymous_18)
FN:179,validWorkerCount
FNF:19
FNH:19
FNDA:9,(anonymous_1)
FNDA:97,(anonymous_2)
FNDA:3,(anonymous_3)
FNDA:9,(anonymous_4)
FNDA:9,(anonymous_5)
FNDA:34,(anonymous_6)
FNDA:2,(anonymous_7)
FNDA:10,(anonymous_8)
FNDA:2,(anonymous_9)
FNDA:3,(anonymous_10)
FNDA:1,(anonymous_11)
FNDA:2,(anonymous_12)
FNDA:1,(anonymous_13)
FNDA:4,(anonymous_14)
FNDA:2,(anonymous_15)
FNDA:6,(anonymous_16)
FNDA:133,(anonymous_17)
FNDA:3,(anonymous_18)
FNDA:8,validWorkerCount
DA:1,9
DA:10,9
DA:11,9
DA:22,9
DA:23,9
DA:24,9
DA:25,9
DA:28,9
DA:32,9
DA:33,9
DA:34,9
DA:35,9
DA:36,97
DA:38,9
DA:39,9
DA:51,9
DA:52,1
DA:55,8
DA:56,0
DA:61,8
DA:62,6
DA:63,0
DA:67,6
DA:68,2
DA:73,8
DA:84,8
DA:85,3
DA:87,5
DA:90,8
DA:96,9
DA:97,0
DA:99,9
DA:104,0
DA:108,9
DA:110,9
DA:114,9
DA:117,34
DA:120,2
DA:123,10
DA:126,2
DA:127,1
DA:131,1
DA:134,3
DA:137,1
DA:140,2
DA:143,1
DA:146,4
DA:147,4
DA:150,2
DA:151,2
DA:154,6
DA:157,133
DA:160,3
DA:161,0
DA:165,3
DA:169,0
DA:173,3
DA:177,9
DA:180,8
LF:59
LH:53
BRDA:36,0,0,74
BRDA:36,0,1,23
BRDA:51,1,0,1
BRDA:51,1,1,8
BRDA:55,2,0,0
BRDA:55,2,1,8
BRDA:55,3,0,8
BRDA:55,3,1,8
BRDA:55,3,2,5
BRDA:61,4,0,6
BRDA:61,4,1,2
BRDA:62,5,0,0
BRDA:62,5,1,6
BRDA:67,6,0,2
BRDA:67,6,1,4
BRDA:75,7,0,0
BRDA:75,7,1,8
BRDA:75,8,0,8
BRDA:75,8,1,6
BRDA:75,8,2,0
BRDA:78,9,0,0
BRDA:78,9,1,8
BRDA:77,10,0,8
BRDA:77,10,1,6
BRDA:77,10,2,0
BRDA:81,11,0,6
BRDA:81,11,1,2
BRDA:81,12,0,8
BRDA:81,12,1,6
BRDA:84,13,0,3
BRDA:84,13,1,5
BRDA:96,14,0,0
BRDA:96,14,1,9
BRDA:96,15,0,9
BRDA:96,15,1,9
BRDA:99,16,0,0
BRDA:99,16,1,9
BRDA:100,17,0,9
BRDA:100,17,1,9
BRDA:100,17,2,9
BRDA:126,18,0,1
BRDA:126,18,1,1
BRDA:160,19,0,0
BRDA:160,19,1,3
BRDA:165,20,0,0
BRDA:165,20,1,3
BRDA:166,21,0,3
BRDA:166,21,1,3
BRDA:181,22,0,8
BRDA:181,22,1,8
BRDA:181,22,2,8
BRDA:181,22,3,8
BRDA:181,22,4,8
BRDA:181,22,5,8
BRF:54
BRH:44
end_of_record
TN:
SF:/Users/heysailor/dev/redux-worker-queue/src/duck.ts
FN:10,(anonymous_1)
FN:16,(anonymous_2)
FNF:2
FNH:2
FNDA:9,(anonymous_1)
FNDA:4,(anonymous_2)
DA:1,9
DA:5,9
DA:6,9
DA:10,9
DA:11,9
DA:16,9
DA:17,4
DA:20,9
DA:25,9
LF:9
LH:9
BRDA:10,0,0,9
BRDA:10,0,1,9
BRF:2
BRH:2
end_of_record
TN:
SF:/Users/heysailor/dev/redux-worker-queue/src/main.ts
FNF:0
FNH:0
DA:1,2
DA:2,2
DA:4,2
LF:3
LH:3
BRF:0
BRH:0
end_of_record
TN:
SF:/Users/heysailor/dev/redux-worker-queue/src/middleware.ts
FN:16,(anonymous_1)
FNF:1
FNH:1
FNDA:7,(anonymous_1)
DA:2,9
DA:3,9
DA:16,9
DA:21,7
DA:24,7
LF:5
LH:5
BRF:0
BRH:0
end_of_record
TN:
SF:/Users/heysailor/dev/redux-worker-queue/src/store.ts
FN:16,initStore
FN:24,(anonymous_2)
FNF:2
FNH:2
FNDA:10,initStore
FNDA:29,(anonymous_2)
DA:1,9
DA:7,9
DA:9,9
DA:16,9
DA:17,10
DA:19,10
DA:24,9
DA:27,29
LF:8
LH:8
BRDA:17,0,0,0
BRDA:17,0,1,10
BRDA:20,1,0,10
BRDA:20,1,1,3
BRF:4
BRH:3
end_of_record
TN:
SF:/Users/heysailor/dev/redux-worker-queue/src/flag/duck.ts
FN:14,(anonymous_6)
FN:26,addOrUpdateFlag
FN:45,removeFlag
FN:59,(anonymous_9)
FN:60,cleanAsync
FN:76,(anonymous_12)
FN:92,(anonymous_13)
FN:120,flagsReducer
FN:142,(anonymous_15)
FN:146,(anonymous_16)
FN:152,(anonymous_17)
FN:157,(anonymous_18)
FN:162,(anonymous_19)
FN:167,(anonymous_20)
FNF:14
FNH:14
FNDA:9,(anonymous_6)
FNDA:45,addOrUpdateFlag
FNDA:9,removeFlag
FNDA:7,(anonymous_9)
FNDA:8,cleanAsync
FNDA:1,(anonymous_12)
FNDA:5,(anonymous_13)
FNDA:98,flagsReducer
FNDA:104,(anonymous_15)
FNDA:47,(anonymous_16)
FNDA:21,(anonymous_17)
FNDA:13,(anonymous_18)
FNDA:13,(anonymous_19)
FNDA:1,(anonymous_20)
DA:1,9
DA:4,9
DA:7,9
DA:9,9
DA:10,9
DA:12,9
DA:14,9
DA:15,9
DA:16,9
DA:26,9
DA:30,45
DA:31,1
DA:33,44
DA:34,2
DA:39,42
DA:45,9
DA:48,9
DA:49,1
DA:52,8
DA:59,9
DA:60,7
DA:64,8
DA:67,8
DA:73,8
DA:75,1
DA:77,1
DA:78,1
DA:83,1
DA:87,8
DA:88,8
DA:90,8
DA:91,5
DA:93,5
DA:97,5
DA:98,5
DA:99,5
DA:101,5
DA:103,1
DA:104,1
DA:107,4
DA:114,8
DA:120,9
DA:124,98
DA:126,36
DA:129,7
DA:132,2
DA:135,53
DA:142,9
DA:143,104
DA:146,9
DA:150,47
DA:152,9
DA:155,21
DA:157,9
DA:160,13
DA:162,9
DA:165,13
DA:167,9
DA:168,1
LF:59
LH:59
BRDA:14,0,0,9
BRDA:14,0,1,9
BRDA:30,1,0,1
BRDA:30,1,1,44
BRDA:30,2,0,45
BRDA:30,2,1,45
BRDA:30,2,2,44
BRDA:33,3,0,2
BRDA:33,3,1,42
BRDA:33,4,0,44
BRDA:33,4,1,43
BRDA:48,5,0,1
BRDA:48,5,1,8
BRDA:73,6,0,1
BRDA:73,6,1,7
BRDA:90,7,0,5
BRDA:90,7,1,3
BRDA:97,8,0,0
BRDA:97,8,1,5
BRDA:101,9,0,1
BRDA:101,9,1,4
BRDA:121,10,0,29
BRDA:125,11,0,36
BRDA:125,11,1,7
BRDA:125,11,2,2
BRDA:125,11,3,53
BRF:26
BRH:25
end_of_record
TN:
SF:/Users/heysailor/dev/redux-worker-queue/src/flag/flag.ts
FN:14,(anonymous_0)
FNF:1
FNH:1
FNDA:77,(anonymous_0)
DA:4,9
DA:6,9
DA:8,77
DA:12,77
DA:15,77
DA:16,0
DA:19,77
DA:20,1
DA:25,76
DA:26,76
DA:27,76
DA:28,76
DA:29,76
DA:30,76
DA:32,0
LF:15
LH:13
BRDA:15,0,0,0
BRDA:15,0,1,77
BRDA:19,1,0,1
BRDA:19,1,1,76
BRDA:26,2,0,76
BRDA:26,2,1,52
BRDA:29,3,0,76
BRDA:29,3,1,0
BRF:8
BRH:6
end_of_record
TN:
SF:/Users/heysailor/dev/redux-worker-queue/src/flag/index.ts
FNF:0
FNH:0
DA:1,9
DA:2,9
LF:2
LH:2
BRF:0
BRH:0
end_of_record
TN:
SF:/Users/heysailor/dev/redux-worker-queue/src/flush/duck.ts
FN:11,flushableItemsSelector
FNF:1
FNH:1
FNDA:12,flushableItemsSelector
DA:1,9
DA:4,9
DA:6,9
DA:7,9
DA:11,9
DA:12,12
DA:20,12
DA:21,12
DA:30,9
LF:9
LH:9
BRF:0
BRH:0
end_of_record
TN:
SF:/Users/heysailor/dev/redux-worker-queue/src/flush/thunk.ts
FN:21,(anonymous_8)
FN:22,flushAsync
FN:33,(anonymous_11)
FN:45,(anonymous_13)
FN:45,(anonymous_14)
FN:55,flush
FN:75,(anonymous_17)
FN:80,getFlushableItems
FN:86,(anonymous_20)
FN:89,(anonymous_21)
FN:95,clean
FN:99,flagAs
FN:112,getFlag
FN:123,removeQueueItem
FN:129,save
FN:134,flaggedWorker
FNF:16
FNH:15
FNDA:4,(anonymous_8)
FNDA:3,flushAsync
FNDA:10,(anonymous_11)
FNDA:17,(anonymous_13)
FNDA:17,(anonymous_14)
FNDA:17,flush
FNDA:23,(anonymous_17)
FNDA:10,getFlushableItems
FNDA:0,(anonymous_20)
FNDA:18,(anonymous_21)
FNDA:3,clean
FNDA:29,flagAs
FNDA:46,getFlag
FNDA:5,removeQueueItem
FNDA:12,save
FNDA:17,flaggedWorker
DA:2,9
DA:3,9
DA:5,9
DA:6,9
DA:7,9
DA:8,9
DA:12,9
DA:13,9
DA:14,9
DA:17,9
DA:18,9
DA:21,9
DA:22,4
DA:27,3
DA:28,0
DA:30,3
DA:31,3
DA:33,3
DA:34,10
DA:36,10
DA:38,7
DA:40,7
DA:42,7
DA:44,7
DA:45,17
DA:46,17
DA:50,7
DA:53,3
DA:56,17
DA:57,17
DA:58,17
DA:66,17
DA:68,17
DA:75,23
DA:77,17
DA:81,10
DA:83,10
DA:84,10
DA:86,10
DA:87,10
DA:90,18
DA:92,10
DA:96,3
DA:103,29
DA:104,29
DA:106,29
DA:108,29
DA:109,29
DA:115,46
DA:116,46
DA:124,5
DA:125,5
DA:130,12
DA:139,17
DA:142,17
DA:143,0
DA:147,17
DA:153,17
DA:154,0
DA:155,0
DA:161,0
DA:164,17
DA:165,5
DA:166,5
DA:169,12
DA:172,12
DA:175,12
DA:178,12
DA:180,1
DA:181,11
DA:183,1
DA:186,10
DA:193,12
DA:195,12
DA:204,12
LF:75
LH:70
BRDA:27,0,0,0
BRDA:27,0,1,3
BRDA:36,1,0,3
BRDA:36,1,1,7
BRDA:40,2,0,0
BRDA:40,2,1,7
BRDA:59,3,0,17
BRDA:59,3,1,0
BRDA:58,4,0,17
BRDA:58,4,1,17
BRDA:69,5,0,17
BRDA:69,5,1,0
BRDA:68,6,0,17
BRDA:68,6,1,17
BRDA:108,7,0,0
BRDA:108,7,1,29
BRDA:142,8,0,0
BRDA:142,8,1,17
BRDA:142,9,0,17
BRDA:142,9,1,10
BRDA:153,10,0,0
BRDA:153,10,1,17
BRDA:154,11,0,0
BRDA:154,11,1,0
BRDA:154,12,0,0
BRDA:154,12,1,0
BRDA:164,13,0,5
BRDA:164,13,1,12
BRDA:178,14,0,1
BRDA:178,14,1,11
BRDA:178,15,0,12
BRDA:178,15,1,2
BRDA:181,16,0,1
BRDA:181,16,1,10
BRDA:181,17,0,11
BRDA:181,17,1,1
BRDA:196,18,0,12
BRDA:196,18,1,0
BRDA:195,19,0,12
BRDA:195,19,1,12
BRDA:200,20,0,12
BRDA:200,20,1,0
BRF:42
BRH:29
end_of_record
TN:
SF:/Users/heysailor/dev/redux-worker-queue/src/flush/worker.ts
FN:14,(anonymous_6)
FN:20,(anonymous_7)
FNF:2
FNH:2
FNDA:16,(anonymous_6)
FNDA:15,(anonymous_7)
DA:2,9
DA:7,9
DA:9,9
DA:15,16
DA:16,16
DA:17,16
DA:21,15
DA:22,1
DA:28,14
DA:31,14
DA:32,1
DA:36,13
DA:37,13
DA:39,1
DA:40,1
DA:41,1
DA:50,1
LF:17
LH:17
BRDA:21,0,0,1
BRDA:21,0,1,14
BRDA:21,1,0,15
BRDA:21,1,1,14
BRDA:31,2,0,1
BRDA:31,2,1,13
BRDA:40,3,0,1
BRDA:40,3,1,0
BRDA:40,4,0,1
BRDA:40,4,1,1
BRF:10
BRH:9
end_of_record
TN:
SF:/Users/heysailor/dev/redux-worker-queue/src/queue/duck.ts
FN:9,(anonymous_0)
FN:16,addOrUpdateItem
FN:26,(anonymous_2)
FN:36,queueReducer
FN:58,(anonymous_4)
FNF:5
FNH:5
FNDA:9,(anonymous_0)
FNDA:26,addOrUpdateItem
FNDA:9,(anonymous_2)
FNDA:104,queueReducer
FNDA:29,(anonymous_4)
DA:1,9
DA:4,9
DA:5,9
DA:7,9
DA:9,9
DA:10,9
DA:11,9
DA:16,9
DA:19,26
DA:26,9
DA:29,9
DA:36,9
DA:40,104
DA:42,24
DA:45,8
DA:48,2
DA:51,70
DA:58,9
DA:59,29
LF:19
LH:19
BRDA:9,0,0,9
BRDA:9,0,1,9
BRDA:37,1,0,28
BRDA:41,2,0,24
BRDA:41,2,1,8
BRDA:41,2,2,2
BRDA:41,2,3,70
BRF:7
BRH:7
end_of_record
TN:
SF:/Users/heysailor/dev/redux-worker-queue/src/queue/index.ts
FNF:0
FNH:0
DA:1,1
DA:2,1
LF:2
LH:2
BRF:0
BRH:0
end_of_record
TN:
SF:/Users/heysailor/dev/redux-worker-queue/src/queue/item.ts
FN:11,(anonymous_1)
FNF:1
FNH:1
FNDA:30,(anonymous_1)
DA:1,10
DA:4,10
DA:5,30
DA:6,30
DA:8,30
DA:9,30
DA:12,30
DA:13,30
DA:14,30
DA:18,30
DA:19,30
LF:11
LH:11
BRDA:16,0,0,16
BRDA:16,0,1,14
BRDA:15,1,0,30
BRDA:15,1,1,30
BRDA:18,2,0,30
BRDA:18,2,1,13
BRDA:21,3,0,16
BRDA:21,3,1,14
BRDA:20,4,0,30
BRDA:20,4,1,30
BRF:10
BRH:10
end_of_record
TN:
SF:/Users/heysailor/dev/redux-worker-queue/src/util/collections.ts
FN:5,uniqueItems
FN:6,(anonymous_1)
FN:10,orderedItems
FN:15,rejectedItems
FN:21,(anonymous_4)
FNF:5
FNH:5
FNDA:60,uniqueItems
FNDA:216,(anonymous_1)
FNDA:60,orderedItems
FNDA:15,rejectedItems
FNDA:42,(anonymous_4)
DA:1,9
DA:2,9
DA:5,9
DA:6,216
DA:10,9
DA:11,60
DA:15,9
DA:19,15
DA:21,42
LF:9
LH:9
BRDA:6,0,0,216
BRDA:6,0,1,216
BRF:2
BRH:2
end_of_record
TN:
SF:/Users/heysailor/dev/redux-worker-queue/src/util/hash.ts
FN:3,hashConstructor
FN:4,hashObject
FNF:2
FNH:2
FNDA:9,hashConstructor
FNDA:612,hashObject
DA:1,9
DA:3,9
DA:4,9
DA:6,612
DA:7,612
DA:9,612
DA:14,276
DA:15,536
DA:17,336
DA:18,0
DA:20,336
DA:23,612
DA:27,9
DA:29,76
DA:34,9
LF:15
LH:14
BRDA:9,0,0,276
BRDA:9,0,1,336
BRDA:17,1,0,0
BRDA:17,1,1,336
BRF:4
BRH:3
end_of_record
TN:
SF:/Users/heysailor/dev/redux-worker-queue/src/util/index.ts
FNF:0
FNH:0
DA:1,9
DA:2,9
DA:3,9
DA:4,9
LF:4
LH:4
BRF:0
BRH:0
end_of_record
TN:
SF:/Users/heysailor/dev/redux-worker-queue/src/util/nextTick.ts
FN:1,(anonymous_0)
FN:2,(anonymous_1)
FNF:2
FNH:2
FNDA:89,(anonymous_0)
FNDA:89,(anonymous_1)
DA:1,9
DA:2,89
LF:2
LH:2
BRF:0
BRH:0
end_of_record
TN:
SF:/Users/heysailor/dev/redux-worker-queue/src/util/timestamp.ts
FN:1,getTimestamp
FNF:1
FNH:0
FNDA:0,getTimestamp
DA:1,9
DA:2,0
LF:2
LH:1
BRF:0
BRH:0
end_of_record
